<?xml version="1.0" encoding="UTF-8"?>
<!-- Generated by org.testng.reporters.JUnitXMLReporter -->
<testsuite hostname="DESKTOP-0PTHPNK" ignored="0" name="Test3" tests="3" failures="0" timestamp="2020-04-13T16:39:20 IST" time="0.268" errors="0">
  <testcase name="execution1" time="0.016" classname="com.shreeya.amazone.AmazoneExecution"/>
  <testcase name="execution" time="0.075" classname="com.shreeya.amazone.AmazoneExecution"/>
  <testcase name="execution1" time="0.003" classname="com.shreeya.amazone.AmazoneExecution"/>
</testsuite> <!-- Test3 -->
