<?xml version="1.0" encoding="UTF-8"?>
<!-- Generated by org.testng.reporters.JUnitXMLReporter -->
<testsuite hostname="DESKTOP-0PTHPNK" ignored="1" name="Default test" tests="2" failures="0" timestamp="2020-05-05T20:47:25 IST" time="0.41" errors="0">
  <testcase name="fundTransfterKeyword" time="0.017" classname="com.shreeya.KeywardDriven"/>
  <testcase name="seeMarginKeyword" time="0.006" classname="com.shreeya.KeywardDriven"/>
  <testcase name="myPositionsKeyword" time="0.0" classname="com.shreeya.KeywardDriven">
    <ignored/>
  </testcase> <!-- myPositionsKeyword -->
</testsuite> <!-- Default test -->
