<?xml version="1.0" encoding="UTF-8"?>
<!-- Generated by org.testng.reporters.JUnitXMLReporter -->
<testsuite hostname="DESKTOP-0PTHPNK" ignored="1" name="Test2" tests="2" failures="2" timestamp="2020-04-27T15:24:10 IST" time="43.555" errors="0">
  <testcase name="seeMarginKeyword" time="43.276" classname="com.shreeya.KeywardDriven">
    <failure type="java.lang.NullPointerException">
      <![CDATA[java.lang.NullPointerException
at com.shreeya.util.SeleniumCoder.elementPresentOrNot(SeleniumCoder.java:227)
at com.shreeya.orderdetailpages.LoginPage.equityCommodityPoppup(LoginPage.java:193)
at com.shreeya.orderdetailpages.LoginPage.loginCodeExecution(LoginPage.java:103)
at com.shreeya.orderdetailpages.LoginPage.loginExecution(LoginPage.java:60)
at com.shreeya.seemarginpages.SeeMarginExecution.seeMarginExecute(SeeMarginExecution.java:20)
at com.shreeya.KeywardDriven.seeMarginKeyword(KeywardDriven.java:35)
at java.util.ArrayList.forEach(ArrayList.java:1257)
at java.util.concurrent.FutureTask.run(FutureTask.java:266)
at java.util.concurrent.ThreadPoolExecutor.runWorker(ThreadPoolExecutor.java:1149)
at java.util.concurrent.ThreadPoolExecutor$Worker.run(ThreadPoolExecutor.java:624)
at java.lang.Thread.run(Thread.java:748)
... Removed 18 stack frames]]>
    </failure>
  </testcase> <!-- seeMarginKeyword -->
  <testcase name="fundTransfterKeyword" time="43.237" classname="com.shreeya.KeywardDriven">
    <failure type="java.lang.NullPointerException">
      <![CDATA[java.lang.NullPointerException
at com.shreeya.util.SeleniumCoder.elementPresentOrNot(SeleniumCoder.java:227)
at com.shreeya.orderdetailpages.LoginPage.equityCommodityPoppup(LoginPage.java:193)
at com.shreeya.orderdetailpages.LoginPage.loginCodeExecution(LoginPage.java:103)
at com.shreeya.orderdetailpages.LoginPage.loginExecution(LoginPage.java:60)
at com.shreeya.fundtransferpages.FundTransferExecution.fundTransferExecute(FundTransferExecution.java:19)
at com.shreeya.KeywardDriven.fundTransfterKeyword(KeywardDriven.java:27)
at java.util.ArrayList.forEach(ArrayList.java:1257)
at java.util.concurrent.FutureTask.run(FutureTask.java:266)
at java.util.concurrent.ThreadPoolExecutor.runWorker(ThreadPoolExecutor.java:1149)
at java.util.concurrent.ThreadPoolExecutor$Worker.run(ThreadPoolExecutor.java:624)
at java.lang.Thread.run(Thread.java:748)
... Removed 18 stack frames]]>
    </failure>
  </testcase> <!-- fundTransfterKeyword -->
  <testcase name="fundTransfterKeyword" time="0.0" classname="com.shreeya.KeywardDriven">
    <ignored/>
  </testcase> <!-- fundTransfterKeyword -->
</testsuite> <!-- Test2 -->
