<?xml version="1.0" encoding="UTF-8"?>
<!-- Generated by org.testng.reporters.JUnitXMLReporter -->
<testsuite hostname="DESKTOP-0PTHPNK" ignored="0" name="Test2" tests="4" failures="0" timestamp="2020-04-12T19:11:05 IST" time="0.475" errors="0">
  <testcase name="firstExecution" time="0.076" classname="com.shreeya.experiment.ParalleExecution"/>
  <testcase name="firstExecution" time="0.076" classname="com.shreeya.experiment.ParalleExecution"/>
  <testcase name="firstExecution" time="0.078" classname="com.shreeya.experiment.ParalleExecution"/>
  <testcase name="firstExecution" time="0.077" classname="com.shreeya.experiment.ParalleExecution"/>
</testsuite> <!-- Test2 -->
