<?xml version="1.0" encoding="UTF-8"?>
<testng-results skipped="0" failed="0" ignored="0" total="1" passed="1">
  <reporter-output>
    <line>
      <![CDATA[================<< Execution Started >>================]]>
    </line>
    <line>
      <![CDATA[MyTestLauncher LoginModel [referNo=1, userId=Sanjay15, password=abc123, yob=1985, startingRowNo=6, endRowNo=9, module=OrderDetail]]]>
    </line>
    <line>
      <![CDATA[MyTestLauncher LoginModel [referNo=2, userId=60005274, password=abc123, yob=2000, startingRowNo=14, endRowNo=17, module=OrderDetail]]]>
    </line>
    <line>
      <![CDATA[Execution Before ]]>
    </line>
    <line>
      <![CDATA[================<< Execution Started >>================]]>
    </line>
    <line>
      <![CDATA[MyTestLauncher LoginModel [referNo=1, userId=Sanjay15, password=abc123, yob=1985, startingRowNo=6, endRowNo=9, module=OrderDetail]]]>
    </line>
    <line>
      <![CDATA[MyTestLauncher LoginModel [referNo=2, userId=60005274, password=abc123, yob=2000, startingRowNo=14, endRowNo=17, module=OrderDetail]]]>
    </line>
    <line>
      <![CDATA[Execution Before ]]>
    </line>
    <line>
      <![CDATA[Browser Launch]]>
    </line>
    <line>
      <![CDATA[Above folder Creation============================================================================&^*&^&*^&8686868688>>>>>>]]>
    </line>
    <line>
      <![CDATA[Folder Structure creation method ]]>
    </line>
    <line>
      <![CDATA[orderNo ===> 0]]>
    </line>
    <line>
      <![CDATA[1593590194078]]>
    </line>
    <line>
      <![CDATA[Report Path ======> E:\EdelweissProject\WorkingE2]]>
    </line>
    <line>
      <![CDATA[Path ====> ../WorkingE2/Report]]>
    </line>
    <line>
      <![CDATA[FolderArray[0] : ../WorkingE2/Report1593590194078]]>
    </line>
    <line>
      <![CDATA[FolderArray[1] : ../WorkingE2/Report1593590194078/HtmlReports]]>
    </line>
    <line>
      <![CDATA[FolderArray[2] : ../WorkingE2/Report1593590194078/Screenshots]]>
    </line>
    <line>
      <![CDATA[Browser Launch]]>
    </line>
    <line>
      <![CDATA[Above folder Creation============================================================================&^*&^&*^&8686868688>>>>>>]]>
    </line>
    <line>
      <![CDATA[Folder Structure creation method ]]>
    </line>
    <line>
      <![CDATA[orderNo ===> 1]]>
    </line>
    <line>
      <![CDATA[1593590194885]]>
    </line>
    <line>
      <![CDATA[1593590194885]]>
    </line>
    <line>
      <![CDATA[Before Test case...]]>
    </line>
    <line>
      <![CDATA[Before Test case...]]>
    </line>
    <line>
      <![CDATA[BeforeMethod]]>
    </line>
    <line>
      <![CDATA[BeforeMethod]]>
    </line>
    <line>
      <![CDATA[<==================== Function KeyWord : executionWithKeyword ================>]]>
    </line>
    <line>
      <![CDATA[<==================== Function KeyWord : executionWithKeyword ================>]]>
    </line>
    <line>
      <![CDATA[Before Iterator 1]]>
    </line>
    <line>
      <![CDATA[After Iterator]]>
    </line>
    <line>
      <![CDATA[Login Data ====> LoginModel [referNo=1, userId=Sanjay15, password=abc123, yob=1985, startingRowNo=6, endRowNo=9, module=OrderDetail]]]>
    </line>
    <line>
      <![CDATA[Before Iterator 2]]>
    </line>
    <line>
      <![CDATA[After Iterator]]>
    </line>
    <line>
      <![CDATA[Login Data ====> LoginModel [referNo=2, userId=60005274, password=abc123, yob=2000, startingRowNo=14, endRowNo=17, module=OrderDetail]]]>
    </line>
    <line>
      <![CDATA[KeyWord before process  ====> OrderDetail]]>
    </line>
    <line>
      <![CDATA[KeyWord before process  ====> OrderDetail]]>
    </line>
    <line>
      <![CDATA[login]]>
    </line>
    <line>
      <![CDATA[login]]>
    </line>
    <line>
      <![CDATA[orderdetail]]>
    </line>
    <line>
      <![CDATA[orderdetail]]>
    </line>
    <line>
      <![CDATA[logout]]>
    </line>
    <line>
      <![CDATA[logout]]>
    </line>
    <line>
      <![CDATA[Check Point ===================================================================================================================@@@@>>> LoginModel [referNo=2, userId=60005274, password=abc123, yob=2000, startingRowNo=14, endRowNo=17, module=OrderDetail]]]>
    </line>
    <line>
      <![CDATA[Step ===> login]]>
    </line>
    <line>
      <![CDATA[keyword =====> login]]>
    </line>
    <line>
      <![CDATA[Login functionality]]>
    </line>
    <line>
      <![CDATA[Check Point ===================================================================================================================@@@@>>> LoginModel [referNo=1, userId=Sanjay15, password=abc123, yob=1985, startingRowNo=6, endRowNo=9, module=OrderDetail]]]>
    </line>
    <line>
      <![CDATA[LoginPage : loginExecution ]]>
    </line>
    <line>
      <![CDATA[Step ===> login]]>
    </line>
    <line>
      <![CDATA[keyword =====> login]]>
    </line>
    <line>
      <![CDATA[Login functionality]]>
    </line>
    <line>
      <![CDATA[LoginPage : loginExecution ]]>
    </line>
    <line>
      <![CDATA[No thans popup button Click ]]>
    </line>
    <line>
      <![CDATA[No thans popup button Click ]]>
    </line>
    <line>
      <![CDATA[Login button Click ]]>
    </line>
    <line>
      <![CDATA[Login button Click ]]>
    </line>
    <line>
      <![CDATA[Buy/Sell link Click ]]>
    </line>
    <line>
      <![CDATA[Buy/Sell link Click ]]>
    </line>
    <line>
      <![CDATA[Before userId]]>
    </line>
    <line>
      <![CDATA[Before userId]]>
    </line>
    <line>
      <![CDATA[LoginModel data LoginModel [referNo=1, userId=Sanjay15, password=abc123, yob=1985, startingRowNo=6, endRowNo=9, module=OrderDetail]]]>
    </line>
    <line>
      <![CDATA[LoginModel data LoginModel [referNo=2, userId=60005274, password=abc123, yob=2000, startingRowNo=14, endRowNo=17, module=OrderDetail]]]>
    </line>
    <line>
      <![CDATA[After locate userId]]>
    </line>
    <line>
      <![CDATA[After locate userId]]>
    </line>
    <line>
      <![CDATA[User id : 60005274]]>
    </line>
    <line>
      <![CDATA[User id : Sanjay15]]>
    </line>
    <line>
      <![CDATA[NO Handly semement popup!!]]>
    </line>
    <line>
      <![CDATA[NO Handly semement popup!!]]>
    </line>
    <line>
      <![CDATA[Procceed Button  Click ]]>
    </line>
    <line>
      <![CDATA[LoginModel data LoginModel [referNo=2, userId=60005274, password=abc123, yob=2000, startingRowNo=14, endRowNo=17, module=OrderDetail]]]>
    </line>
    <line>
      <![CDATA[Password : abc123]]>
    </line>
    <line>
      <![CDATA[Procceed Button  Click ]]>
    </line>
    <line>
      <![CDATA[LoginModel data LoginModel [referNo=1, userId=Sanjay15, password=abc123, yob=1985, startingRowNo=6, endRowNo=9, module=OrderDetail]]]>
    </line>
    <line>
      <![CDATA[Password : abc123]]>
    </line>
    <line>
      <![CDATA[Proceed Button Click ]]>
    </line>
    <line>
      <![CDATA[Proceed Button Click ]]>
    </line>
    <line>
      <![CDATA[Checking login error ]]>
    </line>
    <line>
      <![CDATA[Checking login error ]]>
    </line>
    <line>
      <![CDATA[ContinueButton Click ]]>
    </line>
    <line>
      <![CDATA[ContinueButton Click ]]>
    </line>
    <line>
      <![CDATA[Not now popup button Click ]]>
    </line>
    <line>
      <![CDATA[Not now popup button Click ]]>
    </line>
    <line>
      <![CDATA[Ok popup button Click ]]>
    </line>
    <line>
      <![CDATA[Step ===> orderdetail]]>
    </line>
    <line>
      <![CDATA[keyword =====> orderdetail]]>
    </line>
    <line>
      <![CDATA[Ok popup button Click ]]>
    </line>
    <line>
      <![CDATA[Step ===> orderdetail]]>
    </line>
    <line>
      <![CDATA[keyword =====> orderdetail]]>
    </line>
    <line>
      <![CDATA[Order detail functionality]]>
    </line>
    <line>
      <![CDATA[<========OrderActionStart=======>]]>
    </line>
    <line>
      <![CDATA[LoginModel [referNo=1, userId=Sanjay15, password=abc123, yob=1985, startingRowNo=6, endRowNo=9, module=OrderDetail]]]>
    </line>
    <line>
      <![CDATA[endExecution ================================@> 9
OrderNo ==========@> 1]]>
    </line>
    <line>
      <![CDATA[endExecution ================================@> 9
OrderNo ==========@> 2]]>
    </line>
    <line>
      <![CDATA[endExecution ================================@> 9
OrderNo ==========@> 3]]>
    </line>
    <line>
      <![CDATA[endExecution ================================@> 9
OrderNo ==========@> 4]]>
    </line>
    <line>
      <![CDATA[endExecution ================================@> 9
OrderNo ==========@> 5]]>
    </line>
    <line>
      <![CDATA[endExecution ================================@> 9
OrderNo ==========@> 6]]>
    </line>
    <line>
      <![CDATA[Order No ========================@> 6
StartExecutionNo =======================@> 6]]>
    </line>
    <line>
      <![CDATA[Scenarion : Fresh Order Placement
Action : New
NewOrderStatus : rejected]]>
    </line>
    <line>
      <![CDATA[<====@@@@ OrderNo in Sheet 6 Action : New @@@@===>]]>
    </line>
    <line>
      <![CDATA[New Order execution Started..........]]>
    </line>
    <line>
      <![CDATA[Order detail functionality]]>
    </line>
    <line>
      <![CDATA[<========OrderActionStart=======>]]>
    </line>
    <line>
      <![CDATA[LoginModel [referNo=2, userId=60005274, password=abc123, yob=2000, startingRowNo=14, endRowNo=17, module=OrderDetail]]]>
    </line>
    <line>
      <![CDATA[endExecution ================================@> 17
OrderNo ==========@> 1]]>
    </line>
    <line>
      <![CDATA[endExecution ================================@> 17
OrderNo ==========@> 2]]>
    </line>
    <line>
      <![CDATA[endExecution ================================@> 17
OrderNo ==========@> 3]]>
    </line>
    <line>
      <![CDATA[endExecution ================================@> 17
OrderNo ==========@> 4]]>
    </line>
    <line>
      <![CDATA[endExecution ================================@> 17
OrderNo ==========@> 5]]>
    </line>
    <line>
      <![CDATA[endExecution ================================@> 17
OrderNo ==========@> 6]]>
    </line>
    <line>
      <![CDATA[endExecution ================================@> 17
OrderNo ==========@> 7]]>
    </line>
    <line>
      <![CDATA[endExecution ================================@> 17
OrderNo ==========@> 8]]>
    </line>
    <line>
      <![CDATA[endExecution ================================@> 17
OrderNo ==========@> 9]]>
    </line>
    <line>
      <![CDATA[endExecution ================================@> 17
OrderNo ==========@> 10]]>
    </line>
    <line>
      <![CDATA[endExecution ================================@> 17
OrderNo ==========@> 11]]>
    </line>
    <line>
      <![CDATA[endExecution ================================@> 17
OrderNo ==========@> 12]]>
    </line>
    <line>
      <![CDATA[endExecution ================================@> 17
OrderNo ==========@> 13]]>
    </line>
    <line>
      <![CDATA[endExecution ================================@> 17
OrderNo ==========@> 14]]>
    </line>
    <line>
      <![CDATA[Order No ========================@> 14
StartExecutionNo =======================@> 14]]>
    </line>
    <line>
      <![CDATA[Scenarion : Fresh Order Placement
Action : New
NewOrderStatus : rejected]]>
    </line>
    <line>
      <![CDATA[<====@@@@ OrderNo in Sheet 14 Action : New @@@@===>]]>
    </line>
    <line>
      <![CDATA[New Order execution Started..........]]>
    </line>
    <line>
      <![CDATA[Place order Link Click ]]>
    </line>
    <line>
      <![CDATA[Place order Link Click ]]>
    </line>
    <line>
      <![CDATA[NSE Link Click ]]>
    </line>
    <line>
      <![CDATA[Buy button Click ]]>
    </line>
    <line>
      <![CDATA[NSE Link Click ]]>
    </line>
    <line>
      <![CDATA[Buy button Click ]]>
    </line>
    <line>
      <![CDATA[This is product type ====> NRML]]>
    </line>
    <line>
      <![CDATA[This is product type ====> NRML]]>
    </line>
    <line>
      <![CDATA[OptionalFields Label Click ]]>
    </line>
    <line>
      <![CDATA[AMO CheckBox checking....]]>
    </line>
    <line>
      <![CDATA[After Checking amo checkbox present....]]>
    </line>
    <line>
      <![CDATA[OptionalFields Label Click ]]>
    </line>
    <line>
      <![CDATA[AMO CheckBox checking....]]>
    </line>
    <line>
      <![CDATA[After Checking amo checkbox present....]]>
    </line>
    <line>
      <![CDATA[AMO check box Click ]]>
    </line>
    <line>
      <![CDATA[AMO check box Click ]]>
    </line>
    <line>
      <![CDATA[Place Order Button Click ]]>
    </line>
    <line>
      <![CDATA[Confirm Button Click ]]>
    </line>
    <line>
      <![CDATA[Place Order Button Click ]]>
    </line>
    <line>
      <![CDATA[Confirm Button Click ]]>
    </line>
    <line>
      <![CDATA[Action ====> New newOrderStatus =====> rejected
RowNo==============> 1]]>
    </line>
    <line>
      <![CDATA[*************<<<<<<<<<<<<Helper class : Output Processor Started>>>>>>>>>>>>>>>>****************]]>
    </line>
    <line>
      <![CDATA[====<<<<< OrderNo in Sheet 14 Action : New >>>>>====]]>
    </line>
    <line>
      <![CDATA[FolderCreation array form FunctionKeyword class ===> [Ljava.lang.String;@19f78116]]>
    </line>
    <line>
      <![CDATA[Action ======>  New
NewOrderStatus =====>  rejected]]>
    </line>
    <line>
      <![CDATA[New order status =====> rejected]]>
    </line>
    <line>
      <![CDATA[<====ExtendReporter Constructor===>]]>
    </line>
    <line>
      <![CDATA[Scenario : Fresh Order Placement]]>
    </line>
    <line>
      <![CDATA[1593590233881]]>
    </line>
    <line>
      <![CDATA[Report Path String ../WorkingE2/Report1593590194078/HtmlReports/FreshOrderPlacement_1593590233881.html]]>
    </line>
    <line>
      <![CDATA[Extend Report Test Name : Order Detail 14]]>
    </line>
    <line>
      <![CDATA[FunctionKeyword Count :: 2]]>
    </line>
    <line>
      <![CDATA[FunctionKeyword no ===> 1]]>
    </line>
    <line>
      <![CDATA[folderStructureObject =====================> com.shreeya.util.FolderStructure@5dd86374]]>
    </line>
    <line>
      <![CDATA[TestData File copy into output folder]]>
    </line>
    <line>
      <![CDATA[Output excel file : ..\WorkingE2\Report1593590194078\OutputFile.xlsx]]>
    </line>
    <line>
      <![CDATA[Output excel file : ..\WorkingE2\Report1593590194078\Executable.txt]]>
    </line>
    <line>
      <![CDATA[Start Write in output excel file]]>
    </line>
    <line>
      <![CDATA[*<==== orderDetailProvider Method Start ====>*]]>
    </line>
    <line>
      <![CDATA[===<<<<<*** OrderNo in Sheet 14 Action : New ***>>>>>===>]]>
    </line>
    <line>
      <![CDATA[Details tab Click ]]>
    </line>
    <line>
      <![CDATA[Status : open]]>
    </line>
    <line>
      <![CDATA[Buy or Sell : BUY]]>
    </line>
    <line>
      <![CDATA[Trading symbol : Accelya Soln India Ltd]]>
    </line>
    <line>
      <![CDATA[Product type : NRML]]>
    </line>
    <line>
      <![CDATA[Order Price : 908.00]]>
    </line>
    <line>
      <![CDATA[Order Type : LIMIT]]>
    </line>
    <line>
      <![CDATA[User Id : 60005274]]>
    </line>
    <line>
      <![CDATA[Exchange : NSE]]>
    </line>
    <line>
      <![CDATA[Validity : DAY]]>
    </line>
    <line>
      <![CDATA[Order Qty : 1]]>
    </line>
    <line>
      <![CDATA[Nest id : 1000000000160594 ]]>
    </line>
    <line>
      <![CDATA[Nest id : 1000000000160594 ]]>
    </line>
    <line>
      <![CDATA[Inside orderDetailProvider method......]]>
    </line>
    <line>
      <![CDATA[OutSide orderDetailProvider method......]]>
    </line>
    <line>
      <![CDATA[<=== passFail Result New 14 ===>]]>
    </line>
    <line>
      <![CDATA[Action Result ===> PASS
Mod Scenario wise Result ====> NOT MOD]]>
    </line>
    <line>
      <![CDATA[<=== ExtendReporter : Report Start generate New 14 ===>]]>
    </line>
    <line>
      <![CDATA[Capture Screenshot]]>
    </line>
    <line>
      <![CDATA[1593590312694]]>
    </line>
    <line>
      <![CDATA[Extend Log Flush]]>
    </line>
    <line>
      <![CDATA[Reporter path ===> ../WorkingE2/Report1593590194078/HtmlReports/FreshOrderPlacement_1593590233881.html]]>
    </line>
    <line>
      <![CDATA[Report Object ==================================================================> com.aventstack.extentreports.ExtentReports@1b0edb8b]]>
    </line>
    <line>
      <![CDATA[Writer Order detail with link in outputExcel]]>
    </line>
    <line>
      <![CDATA[Row Object ====> <xml-fragment r="15" spans="1:15" xmlns:r="http://schemas.openxmlformats.org/officeDocument/2006/relationships" xmlns:main="http://schemas.openxmlformats.org/spreadsheetml/2006/main">
  <main:c r="A15">
    <main:v>14</main:v>
  </main:c>
  <main:c r="B15">
    <main:v>60003800</main:v>
  </main:c>
  <main:c r="C15" t="s">
    <main:v>15</main:v>
  </main:c>
  <main:c r="D15">
    <main:v>2000</main:v>
  </main:c>
  <main:c r="E15" t="s">
    <main:v>16</main:v>
  </main:c>
  <main:c r="F15" t="s">
    <main:v>17</main:v>
  </main:c>
  <main:c r="G15" t="s">
    <main:v>18</main:v>
  </main:c>
  <main:c r="H15" t="s">
    <main:v>19</main:v>
  </main:c>
  <main:c r="I15" t="s">
    <main:v>20</main:v>
  </main:c>
  <main:c r="J15">
    <main:v>908</main:v>
  </main:c>
  <main:c r="K15">
    <main:v>909</main:v>
  </main:c>
  <main:c r="L15" t="s">
    <main:v>21</main:v>
  </main:c>
  <main:c r="M15">
    <main:v>1</main:v>
  </main:c>
  <main:c r="N15">
    <main:v>1</main:v>
  </main:c>
  <main:c r="O15" t="s">
    <main:v>22</main:v>
  </main:c>
</xml-fragment>
OutputSheet Object ====> Name: /xl/worksheets/sheet1.xml - Content Type: application/vnd.openxmlformats-officedocument.spreadsheetml.worksheet+xml]]>
    </line>
    <line>
      <![CDATA[Rejection Reason]]>
    </line>
    <line>
      <![CDATA[PASS]]>
    </line>
    <line>
      <![CDATA[../Report1593590194078/HtmlReports/FreshOrderPlacement_1593590233881.html]]>
    </line>
    <line>
      <![CDATA[HyperLink Path ======> ../Report1593590194078/HtmlReports/FreshOrderPlacement_1593590233881.html]]>
    </line>
    <line>
      <![CDATA[../Report1593590194078/HtmlReports/FreshOrderPlacement_1593590233881.html]]>
    </line>
    <line>
      <![CDATA[../Report1593590194078/Screenshots/FreshOrderPlacement_14_1593590312694.png]]>
    </line>
    <line>
      <![CDATA[HyperLink Path ======> ../Report1593590194078/Screenshots/FreshOrderPlacement_14_1593590312694.png]]>
    </line>
    <line>
      <![CDATA[../Report1593590194078/Screenshots/FreshOrderPlacement_14_1593590312694.png]]>
    </line>
    <line>
      <![CDATA[14]]>
    </line>
    <line>
      <![CDATA[New]]>
    </line>
    <line>
      <![CDATA[open]]>
    </line>
    <line>
      <![CDATA[BUY]]>
    </line>
    <line>
      <![CDATA[Accelya Soln India Ltd]]>
    </line>
    <line>
      <![CDATA[NRML]]>
    </line>
    <line>
      <![CDATA[908.00]]>
    </line>
    <line>
      <![CDATA[LIMIT]]>
    </line>
    <line>
      <![CDATA[60005274]]>
    </line>
    <line>
      <![CDATA[NSE]]>
    </line>
    <line>
      <![CDATA[DAY]]>
    </line>
    <line>
      <![CDATA[1000000000160594 ]]>
    </line>
    <line>
      <![CDATA[1]]>
    </line>
    <line>
      <![CDATA[Partial Qty]]>
    </line>
    <line>
      <![CDATA[Rejection Reason]]>
    </line>
    <line>
      <![CDATA[PASS]]>
    </line>
    <line>
      <![CDATA[../WorkingE2/Report1593590194078/HtmlReports/FreshOrderPlacement_1593590233881.html]]>
    </line>
    <line>
      <![CDATA[../WorkingE2/Report1593590194078/Screenshots/FreshOrderPlacement_14_1593590312694.png]]>
    </line>
    <line>
      <![CDATA[<<==== After if else =========>>]]>
    </line>
    <line>
      <![CDATA[Order no =====>  14
NoRowInTestData =======> 29]]>
    </line>
    <line>
      <![CDATA[endExecution ================================@> 17
OrderNo ==========@> 15]]>
    </line>
    <line>
      <![CDATA[Order No ========================@> 15
StartExecutionNo =======================@> 14]]>
    </line>
    <line>
      <![CDATA[Scenarion : Modification Qty
Action : MOD
NewOrderStatus : open]]>
    </line>
    <line>
      <![CDATA[TestLaunch::Action :: MOD]]>
    </line>
    <line>
      <![CDATA[===============> modExecution <=================]]>
    </line>
    <line>
      <![CDATA[<===@@@ OrderNo in Sheet 15 Action : MOD @@@@===>]]>
    </line>
    <line>
      <![CDATA[New Order Status ====> open]]>
    </line>
    <line>
      <![CDATA[ReinvestLink is present]]>
    </line>
    <line>
      <![CDATA[Modify link Click ]]>
    </line>
    <line>
      <![CDATA[Optional Fields Label Click ]]>
    </line>
    <line>
      <![CDATA[AMO CheckBox checking....]]>
    </line>
    <line>
      <![CDATA[After Checking amo checkbox present....]]>
    </line>
    <line>
      <![CDATA[AMO check box Click ]]>
    </line>
    <line>
      <![CDATA[Place Order Button Click ]]>
    </line>
    <line>
      <![CDATA[Confirm Button Click ]]>
    </line>
    <line>
      <![CDATA[Action ====> MOD newOrderStatus =====> open
RowNo==============> 2]]>
    </line>
    <line>
      <![CDATA[*************<<<<<<<<<<<<Helper class : Output Processor Started>>>>>>>>>>>>>>>>****************]]>
    </line>
    <line>
      <![CDATA[====<<<<< OrderNo in Sheet 15 Action : MOD >>>>>====]]>
    </line>
    <line>
      <![CDATA[FolderCreation array form FunctionKeyword class ===> [Ljava.lang.String;@19f78116]]>
    </line>
    <line>
      <![CDATA[Action ======>  MOD
NewOrderStatus =====>  open]]>
    </line>
    <line>
      <![CDATA[New order status =====> open]]>
    </line>
    <line>
      <![CDATA[<====ExtendReporter Constructor===>]]>
    </line>
    <line>
      <![CDATA[Scenario : Modification Qty]]>
    </line>
    <line>
      <![CDATA[1593590367063]]>
    </line>
    <line>
      <![CDATA[Report Path String ../WorkingE2/Report1593590194078/HtmlReports/ModificationQty_1593590367063.html]]>
    </line>
    <line>
      <![CDATA[Extend Report Test Name : Order Detail 15]]>
    </line>
    <line>
      <![CDATA[FunctionKeyword Count :: 3]]>
    </line>
    <line>
      <![CDATA[FunctionKeyword no ===> 2]]>
    </line>
    <line>
      <![CDATA[*<==== orderDetailProvider Method Start ====>*]]>
    </line>
    <line>
      <![CDATA[===<<<<<*** OrderNo in Sheet 15 Action : MOD ***>>>>>===>]]>
    </line>
    <line>
      <![CDATA[Action ====> New newOrderStatus =====> rejected
RowNo==============> 1]]>
    </line>
    <line>
      <![CDATA[*************<<<<<<<<<<<<Helper class : Output Processor Started>>>>>>>>>>>>>>>>****************]]>
    </line>
    <line>
      <![CDATA[====<<<<< OrderNo in Sheet 6 Action : New >>>>>====]]>
    </line>
    <line>
      <![CDATA[FolderCreation array form FunctionKeyword class ===> [Ljava.lang.String;@19f78116]]>
    </line>
    <line>
      <![CDATA[Action ======>  New
NewOrderStatus =====>  rejected]]>
    </line>
    <line>
      <![CDATA[New order status =====> rejected]]>
    </line>
    <line>
      <![CDATA[<====ExtendReporter Constructor===>]]>
    </line>
    <line>
      <![CDATA[Scenario : Fresh Order Placement]]>
    </line>
    <line>
      <![CDATA[1593590372374]]>
    </line>
    <line>
      <![CDATA[Report Path String ../WorkingE2/Report1593590194078/HtmlReports/FreshOrderPlacement_1593590372374.html]]>
    </line>
    <line>
      <![CDATA[Extend Report Test Name : Order Detail 6]]>
    </line>
    <line>
      <![CDATA[FunctionKeyword Count :: 2]]>
    </line>
    <line>
      <![CDATA[FunctionKeyword no ===> 3]]>
    </line>
    <line>
      <![CDATA[*<==== orderDetailProvider Method Start ====>*]]>
    </line>
    <line>
      <![CDATA[===<<<<<*** OrderNo in Sheet 6 Action : New ***>>>>>===>]]>
    </line>
    <line>
      <![CDATA[Details tab Click ]]>
    </line>
    <line>
      <![CDATA[Status : open]]>
    </line>
    <line>
      <![CDATA[Buy or Sell : BUY]]>
    </line>
    <line>
      <![CDATA[Trading symbol : Accelya Soln India Ltd]]>
    </line>
    <line>
      <![CDATA[Product type : NRML]]>
    </line>
    <line>
      <![CDATA[Details tab Click ]]>
    </line>
    <line>
      <![CDATA[Order Price : 908.00]]>
    </line>
    <line>
      <![CDATA[Action : MOD]]>
    </line>
    <line>
      <![CDATA[Order Type : LIMIT]]>
    </line>
    <line>
      <![CDATA[User Id : SANJAY15]]>
    </line>
    <line>
      <![CDATA[Exchange : NSE]]>
    </line>
    <line>
      <![CDATA[Validity : DAY]]>
    </line>
    <line>
      <![CDATA[Order Qty : 1]]>
    </line>
    <line>
      <![CDATA[Nest id : 1000000000160597 ]]>
    </line>
    <line>
      <![CDATA[Mod Status : open]]>
    </line>
    <line>
      <![CDATA[open]]>
    </line>
    <line>
      <![CDATA[Mod Status : modified]]>
    </line>
    <line>
      <![CDATA[modified]]>
    </line>
    <line>
      <![CDATA[Mod Status : modify pending]]>
    </line>
    <line>
      <![CDATA[modify pending]]>
    </line>
    <line>
      <![CDATA[Mod Status : modify validation pending]]>
    </line>
    <line>
      <![CDATA[modify validation pending]]>
    </line>
    <line>
      <![CDATA[Mod Status : open]]>
    </line>
    <line>
      <![CDATA[open]]>
    </line>
    <line>
      <![CDATA[Mod Status : open pending]]>
    </line>
    <line>
      <![CDATA[open pending]]>
    </line>
    <line>
      <![CDATA[Mod Status : validation pending]]>
    </line>
    <line>
      <![CDATA[validation pending]]>
    </line>
    <line>
      <![CDATA[Mod Status : put order req received]]>
    </line>
    <line>
      <![CDATA[put order req received]]>
    </line>
    <line>
      <![CDATA[Mod Status : modified]]>
    </line>
    <line>
      <![CDATA[Status for Mod : modified]]>
    </line>
    <line>
      <![CDATA[Buy or Sell : BUY]]>
    </line>
    <line>
      <![CDATA[Trading symbol : Accelya Soln India Ltd]]>
    </line>
    <line>
      <![CDATA[Product type : NRML]]>
    </line>
    <line>
      <![CDATA[Nest id : 1000000000160597 ]]>
    </line>
    <line>
      <![CDATA[Inside orderDetailProvider method......]]>
    </line>
    <line>
      <![CDATA[OutSide orderDetailProvider method......]]>
    </line>
    <line>
      <![CDATA[<=== passFail Result New 6 ===>]]>
    </line>
    <line>
      <![CDATA[Action Result ===> PASS
Mod Scenario wise Result ====> NOT MOD]]>
    </line>
    <line>
      <![CDATA[<=== ExtendReporter : Report Start generate New 6 ===>]]>
    </line>
    <line>
      <![CDATA[Capture Screenshot]]>
    </line>
    <line>
      <![CDATA[1593590389179]]>
    </line>
    <line>
      <![CDATA[Order Price : 908.00]]>
    </line>
    <line>
      <![CDATA[Extend Log Flush]]>
    </line>
    <line>
      <![CDATA[Reporter path ===> ../WorkingE2/Report1593590194078/HtmlReports/FreshOrderPlacement_1593590372374.html]]>
    </line>
    <line>
      <![CDATA[Report Object ==================================================================> com.aventstack.extentreports.ExtentReports@42335bc8]]>
    </line>
    <line>
      <![CDATA[Order Type : LIMIT]]>
    </line>
    <line>
      <![CDATA[User Id : 60005274]]>
    </line>
    <line>
      <![CDATA[Exchange : NSE]]>
    </line>
    <line>
      <![CDATA[Validity : DAY]]>
    </line>
    <line>
      <![CDATA[Order Qty : 2]]>
    </line>
    <line>
      <![CDATA[Nest id : 1000000000160594 ]]>
    </line>
    <line>
      <![CDATA[Nest id : 1000000000160594 ]]>
    </line>
    <line>
      <![CDATA[Inside orderDetailProvider method......]]>
    </line>
    <line>
      <![CDATA[OutSide orderDetailProvider method......]]>
    </line>
    <line>
      <![CDATA[<=== passFail Result MOD 15 ===>]]>
    </line>
    <line>
      <![CDATA[Action Result ===> PASS
Mod Scenario wise Result ====> PASS]]>
    </line>
    <line>
      <![CDATA[<=== ExtendReporter : Report Start generate MOD 15 ===>]]>
    </line>
    <line>
      <![CDATA[Capture Screenshot]]>
    </line>
    <line>
      <![CDATA[1593590398995]]>
    </line>
    <line>
      <![CDATA[Writer Order detail with link in outputExcel]]>
    </line>
    <line>
      <![CDATA[Row Object ====> <xml-fragment r="7" spans="1:15" xmlns:r="http://schemas.openxmlformats.org/officeDocument/2006/relationships" xmlns:main="http://schemas.openxmlformats.org/spreadsheetml/2006/main">
  <main:c r="A7">
    <main:v>6</main:v>
  </main:c>
  <main:c r="B7">
    <main:v>60003800</main:v>
  </main:c>
  <main:c r="C7" t="s">
    <main:v>15</main:v>
  </main:c>
  <main:c r="D7">
    <main:v>2000</main:v>
  </main:c>
  <main:c r="E7" t="s">
    <main:v>16</main:v>
  </main:c>
  <main:c r="F7" t="s">
    <main:v>17</main:v>
  </main:c>
  <main:c r="G7" t="s">
    <main:v>18</main:v>
  </main:c>
  <main:c r="H7" t="s">
    <main:v>19</main:v>
  </main:c>
  <main:c r="I7" t="s">
    <main:v>20</main:v>
  </main:c>
  <main:c r="J7">
    <main:v>908</main:v>
  </main:c>
  <main:c r="K7">
    <main:v>909</main:v>
  </main:c>
  <main:c r="L7" t="s">
    <main:v>21</main:v>
  </main:c>
  <main:c r="M7">
    <main:v>1</main:v>
  </main:c>
  <main:c r="N7">
    <main:v>1</main:v>
  </main:c>
  <main:c r="O7" t="s">
    <main:v>22</main:v>
  </main:c>
</xml-fragment>
OutputSheet Object ====> Name: /xl/worksheets/sheet1.xml - Content Type: application/vnd.openxmlformats-officedocument.spreadsheetml.worksheet+xml]]>
    </line>
    <line>
      <![CDATA[Rejection Reason]]>
    </line>
    <line>
      <![CDATA[PASS]]>
    </line>
    <line>
      <![CDATA[../Report1593590194078/HtmlReports/FreshOrderPlacement_1593590372374.html]]>
    </line>
    <line>
      <![CDATA[HyperLink Path ======> ../Report1593590194078/HtmlReports/FreshOrderPlacement_1593590372374.html]]>
    </line>
    <line>
      <![CDATA[../Report1593590194078/HtmlReports/FreshOrderPlacement_1593590372374.html]]>
    </line>
    <line>
      <![CDATA[../Report1593590194078/Screenshots/FreshOrderPlacement_6_1593590389179.png]]>
    </line>
    <line>
      <![CDATA[HyperLink Path ======> ../Report1593590194078/Screenshots/FreshOrderPlacement_6_1593590389179.png]]>
    </line>
    <line>
      <![CDATA[../Report1593590194078/Screenshots/FreshOrderPlacement_6_1593590389179.png]]>
    </line>
    <line>
      <![CDATA[6]]>
    </line>
    <line>
      <![CDATA[New]]>
    </line>
    <line>
      <![CDATA[open]]>
    </line>
    <line>
      <![CDATA[BUY]]>
    </line>
    <line>
      <![CDATA[Accelya Soln India Ltd]]>
    </line>
    <line>
      <![CDATA[NRML]]>
    </line>
    <line>
      <![CDATA[908.00]]>
    </line>
    <line>
      <![CDATA[LIMIT]]>
    </line>
    <line>
      <![CDATA[SANJAY15]]>
    </line>
    <line>
      <![CDATA[NSE]]>
    </line>
    <line>
      <![CDATA[DAY]]>
    </line>
    <line>
      <![CDATA[1000000000160597 ]]>
    </line>
    <line>
      <![CDATA[1]]>
    </line>
    <line>
      <![CDATA[Partial Qty]]>
    </line>
    <line>
      <![CDATA[Rejection Reason]]>
    </line>
    <line>
      <![CDATA[PASS]]>
    </line>
    <line>
      <![CDATA[../WorkingE2/Report1593590194078/HtmlReports/FreshOrderPlacement_1593590372374.html]]>
    </line>
    <line>
      <![CDATA[../WorkingE2/Report1593590194078/Screenshots/FreshOrderPlacement_6_1593590389179.png]]>
    </line>
    <line>
      <![CDATA[<<==== After if else =========>>]]>
    </line>
    <line>
      <![CDATA[Order no =====>  6
NoRowInTestData =======> 29]]>
    </line>
    <line>
      <![CDATA[endExecution ================================@> 9
OrderNo ==========@> 7]]>
    </line>
    <line>
      <![CDATA[Order No ========================@> 7
StartExecutionNo =======================@> 6]]>
    </line>
    <line>
      <![CDATA[Scenarion : Modification Qty
Action : MOD
NewOrderStatus : open]]>
    </line>
    <line>
      <![CDATA[TestLaunch::Action :: MOD]]>
    </line>
    <line>
      <![CDATA[Extend Log Flush]]>
    </line>
    <line>
      <![CDATA[Reporter path ===> ../WorkingE2/Report1593590194078/HtmlReports/ModificationQty_1593590367063.html]]>
    </line>
    <line>
      <![CDATA[Report Object ==================================================================> com.aventstack.extentreports.ExtentReports@5d363145]]>
    </line>
    <line>
      <![CDATA[===============> modExecution <=================]]>
    </line>
    <line>
      <![CDATA[Writer Order detail with link in outputExcel]]>
    </line>
    <line>
      <![CDATA[Row Object ====> <xml-fragment r="16" spans="1:15" xmlns:r="http://schemas.openxmlformats.org/officeDocument/2006/relationships" xmlns:main="http://schemas.openxmlformats.org/spreadsheetml/2006/main">
  <main:c r="A16">
    <main:v>15</main:v>
  </main:c>
  <main:c r="B16">
    <main:v>60003800</main:v>
  </main:c>
  <main:c r="C16" t="s">
    <main:v>15</main:v>
  </main:c>
  <main:c r="D16">
    <main:v>2000</main:v>
  </main:c>
  <main:c r="E16" t="s">
    <main:v>23</main:v>
  </main:c>
  <main:c r="F16" t="s">
    <main:v>24</main:v>
  </main:c>
  <main:c r="G16" t="s">
    <main:v>18</main:v>
  </main:c>
  <main:c r="H16" t="s">
    <main:v>19</main:v>
  </main:c>
  <main:c r="I16" t="s">
    <main:v>20</main:v>
  </main:c>
  <main:c r="J16">
    <main:v>908</main:v>
  </main:c>
  <main:c r="K16">
    <main:v>909</main:v>
  </main:c>
  <main:c r="L16" t="s">
    <main:v>21</main:v>
  </main:c>
  <main:c r="M16">
    <main:v>1</main:v>
  </main:c>
  <main:c r="N16">
    <main:v>2</main:v>
  </main:c>
  <main:c r="O16" t="s">
    <main:v>22</main:v>
  </main:c>
</xml-fragment>
OutputSheet Object ====> Name: /xl/worksheets/sheet1.xml - Content Type: application/vnd.openxmlformats-officedocument.spreadsheetml.worksheet+xml]]>
    </line>
    <line>
      <![CDATA[Rejection Reason]]>
    </line>
    <line>
      <![CDATA[PASS]]>
    </line>
    <line>
      <![CDATA[../Report1593590194078/HtmlReports/ModificationQty_1593590367063.html]]>
    </line>
    <line>
      <![CDATA[HyperLink Path ======> ../Report1593590194078/HtmlReports/ModificationQty_1593590367063.html]]>
    </line>
    <line>
      <![CDATA[../Report1593590194078/HtmlReports/ModificationQty_1593590367063.html]]>
    </line>
    <line>
      <![CDATA[../Report1593590194078/Screenshots/ModificationQty_15_1593590398995.png]]>
    </line>
    <line>
      <![CDATA[HyperLink Path ======> ../Report1593590194078/Screenshots/ModificationQty_15_1593590398995.png]]>
    </line>
    <line>
      <![CDATA[../Report1593590194078/Screenshots/ModificationQty_15_1593590398995.png]]>
    </line>
    <line>
      <![CDATA[15]]>
    </line>
    <line>
      <![CDATA[MOD]]>
    </line>
    <line>
      <![CDATA[modified]]>
    </line>
    <line>
      <![CDATA[BUY]]>
    </line>
    <line>
      <![CDATA[Accelya Soln India Ltd]]>
    </line>
    <line>
      <![CDATA[NRML]]>
    </line>
    <line>
      <![CDATA[908.00]]>
    </line>
    <line>
      <![CDATA[LIMIT]]>
    </line>
    <line>
      <![CDATA[60005274]]>
    </line>
    <line>
      <![CDATA[NSE]]>
    </line>
    <line>
      <![CDATA[DAY]]>
    </line>
    <line>
      <![CDATA[1000000000160594 ]]>
    </line>
    <line>
      <![CDATA[2]]>
    </line>
    <line>
      <![CDATA[Partial Qty]]>
    </line>
    <line>
      <![CDATA[Rejection Reason]]>
    </line>
    <line>
      <![CDATA[PASS]]>
    </line>
    <line>
      <![CDATA[../WorkingE2/Report1593590194078/HtmlReports/ModificationQty_1593590367063.html]]>
    </line>
    <line>
      <![CDATA[../WorkingE2/Report1593590194078/Screenshots/ModificationQty_15_1593590398995.png]]>
    </line>
    <line>
      <![CDATA[<<==== After if else =========>>]]>
    </line>
    <line>
      <![CDATA[Order no =====>  15
NoRowInTestData =======> 29]]>
    </line>
    <line>
      <![CDATA[endExecution ================================@> 17
OrderNo ==========@> 16]]>
    </line>
    <line>
      <![CDATA[Order No ========================@> 16
StartExecutionNo =======================@> 14]]>
    </line>
    <line>
      <![CDATA[Scenarion : Modification Price
Action : MOD
NewOrderStatus : open]]>
    </line>
    <line>
      <![CDATA[TestLaunch::Action :: MOD]]>
    </line>
    <line>
      <![CDATA[<===@@@ OrderNo in Sheet 7 Action : MOD @@@@===>]]>
    </line>
    <line>
      <![CDATA[New Order Status ====> open]]>
    </line>
    <line>
      <![CDATA[ReinvestLink is present]]>
    </line>
    <line>
      <![CDATA[Modify link Click ]]>
    </line>
    <line>
      <![CDATA[Optional Fields Label Click ]]>
    </line>
    <line>
      <![CDATA[AMO CheckBox checking....]]>
    </line>
    <line>
      <![CDATA[After Checking amo checkbox present....]]>
    </line>
    <line>
      <![CDATA[AMO check box Click ]]>
    </line>
    <line>
      <![CDATA[Place Order Button Click ]]>
    </line>
    <line>
      <![CDATA[Confirm Button Click ]]>
    </line>
    <line>
      <![CDATA[Action ====> MOD newOrderStatus =====> open
RowNo==============> 2]]>
    </line>
    <line>
      <![CDATA[*************<<<<<<<<<<<<Helper class : Output Processor Started>>>>>>>>>>>>>>>>****************]]>
    </line>
    <line>
      <![CDATA[====<<<<< OrderNo in Sheet 7 Action : MOD >>>>>====]]>
    </line>
    <line>
      <![CDATA[FolderCreation array form FunctionKeyword class ===> [Ljava.lang.String;@19f78116]]>
    </line>
    <line>
      <![CDATA[Action ======>  MOD
NewOrderStatus =====>  open]]>
    </line>
    <line>
      <![CDATA[New order status =====> open]]>
    </line>
    <line>
      <![CDATA[<====ExtendReporter Constructor===>]]>
    </line>
    <line>
      <![CDATA[Scenario : Modification Qty]]>
    </line>
    <line>
      <![CDATA[1593590465844]]>
    </line>
    <line>
      <![CDATA[Report Path String ../WorkingE2/Report1593590194078/HtmlReports/ModificationQty_1593590465844.html]]>
    </line>
    <line>
      <![CDATA[Extend Report Test Name : Order Detail 7]]>
    </line>
    <line>
      <![CDATA[FunctionKeyword Count :: 3]]>
    </line>
    <line>
      <![CDATA[FunctionKeyword no ===> 4]]>
    </line>
    <line>
      <![CDATA[*<==== orderDetailProvider Method Start ====>*]]>
    </line>
    <line>
      <![CDATA[===<<<<<*** OrderNo in Sheet 7 Action : MOD ***>>>>>===>]]>
    </line>
    <line>
      <![CDATA[Details tab Click ]]>
    </line>
    <line>
      <![CDATA[Action : MOD]]>
    </line>
    <line>
      <![CDATA[Mod Status : open]]>
    </line>
    <line>
      <![CDATA[open]]>
    </line>
    <line>
      <![CDATA[Mod Status : modified]]>
    </line>
    <line>
      <![CDATA[modified]]>
    </line>
    <line>
      <![CDATA[Mod Status : modify pending]]>
    </line>
    <line>
      <![CDATA[modify pending]]>
    </line>
    <line>
      <![CDATA[Mod Status : modify validation pending]]>
    </line>
    <line>
      <![CDATA[modify validation pending]]>
    </line>
    <line>
      <![CDATA[Mod Status : open]]>
    </line>
    <line>
      <![CDATA[open]]>
    </line>
    <line>
      <![CDATA[Mod Status : open pending]]>
    </line>
    <line>
      <![CDATA[open pending]]>
    </line>
    <line>
      <![CDATA[Mod Status : validation pending]]>
    </line>
    <line>
      <![CDATA[validation pending]]>
    </line>
    <line>
      <![CDATA[Mod Status : put order req received]]>
    </line>
    <line>
      <![CDATA[put order req received]]>
    </line>
    <line>
      <![CDATA[Mod Status : modified]]>
    </line>
    <line>
      <![CDATA[Status for Mod : modified]]>
    </line>
    <line>
      <![CDATA[Buy or Sell : BUY]]>
    </line>
    <line>
      <![CDATA[Trading symbol : Accelya Soln India Ltd]]>
    </line>
    <line>
      <![CDATA[Product type : NRML]]>
    </line>
    <line>
      <![CDATA[Order Price : 908.00]]>
    </line>
    <line>
      <![CDATA[Order Type : LIMIT]]>
    </line>
    <line>
      <![CDATA[User Id : SANJAY15]]>
    </line>
    <line>
      <![CDATA[Exchange : NSE]]>
    </line>
    <line>
      <![CDATA[Validity : DAY]]>
    </line>
    <line>
      <![CDATA[Order Qty : 2]]>
    </line>
    <line>
      <![CDATA[Nest id : 1000000000160597 ]]>
    </line>
    <line>
      <![CDATA[Nest id : 1000000000160597 ]]>
    </line>
    <line>
      <![CDATA[Inside orderDetailProvider method......]]>
    </line>
    <line>
      <![CDATA[OutSide orderDetailProvider method......]]>
    </line>
    <line>
      <![CDATA[<=== passFail Result MOD 7 ===>]]>
    </line>
    <line>
      <![CDATA[Action Result ===> PASS
Mod Scenario wise Result ====> PASS]]>
    </line>
    <line>
      <![CDATA[<=== ExtendReporter : Report Start generate MOD 7 ===>]]>
    </line>
    <line>
      <![CDATA[Capture Screenshot]]>
    </line>
    <line>
      <![CDATA[1593590495740]]>
    </line>
    <line>
      <![CDATA[Extend Log Flush]]>
    </line>
    <line>
      <![CDATA[Reporter path ===> ../WorkingE2/Report1593590194078/HtmlReports/ModificationQty_1593590465844.html]]>
    </line>
    <line>
      <![CDATA[Report Object ==================================================================> com.aventstack.extentreports.ExtentReports@41e364c]]>
    </line>
    <line>
      <![CDATA[Writer Order detail with link in outputExcel]]>
    </line>
    <line>
      <![CDATA[Row Object ====> <xml-fragment r="8" spans="1:15" xmlns:r="http://schemas.openxmlformats.org/officeDocument/2006/relationships" xmlns:main="http://schemas.openxmlformats.org/spreadsheetml/2006/main">
  <main:c r="A8">
    <main:v>7</main:v>
  </main:c>
  <main:c r="B8">
    <main:v>60003800</main:v>
  </main:c>
  <main:c r="C8" t="s">
    <main:v>15</main:v>
  </main:c>
  <main:c r="D8">
    <main:v>2000</main:v>
  </main:c>
  <main:c r="E8" t="s">
    <main:v>23</main:v>
  </main:c>
  <main:c r="F8" t="s">
    <main:v>24</main:v>
  </main:c>
  <main:c r="G8" t="s">
    <main:v>18</main:v>
  </main:c>
  <main:c r="H8" t="s">
    <main:v>19</main:v>
  </main:c>
  <main:c r="I8" t="s">
    <main:v>20</main:v>
  </main:c>
  <main:c r="J8">
    <main:v>908</main:v>
  </main:c>
  <main:c r="K8">
    <main:v>909</main:v>
  </main:c>
  <main:c r="L8" t="s">
    <main:v>21</main:v>
  </main:c>
  <main:c r="M8">
    <main:v>1</main:v>
  </main:c>
  <main:c r="N8">
    <main:v>2</main:v>
  </main:c>
  <main:c r="O8" t="s">
    <main:v>22</main:v>
  </main:c>
</xml-fragment>
OutputSheet Object ====> Name: /xl/worksheets/sheet1.xml - Content Type: application/vnd.openxmlformats-officedocument.spreadsheetml.worksheet+xml]]>
    </line>
    <line>
      <![CDATA[Rejection Reason]]>
    </line>
    <line>
      <![CDATA[PASS]]>
    </line>
    <line>
      <![CDATA[../Report1593590194078/HtmlReports/ModificationQty_1593590465844.html]]>
    </line>
    <line>
      <![CDATA[HyperLink Path ======> ../Report1593590194078/HtmlReports/ModificationQty_1593590465844.html]]>
    </line>
    <line>
      <![CDATA[../Report1593590194078/HtmlReports/ModificationQty_1593590465844.html]]>
    </line>
    <line>
      <![CDATA[../Report1593590194078/Screenshots/ModificationQty_7_1593590495740.png]]>
    </line>
    <line>
      <![CDATA[HyperLink Path ======> ../Report1593590194078/Screenshots/ModificationQty_7_1593590495740.png]]>
    </line>
    <line>
      <![CDATA[../Report1593590194078/Screenshots/ModificationQty_7_1593590495740.png]]>
    </line>
    <line>
      <![CDATA[7]]>
    </line>
    <line>
      <![CDATA[MOD]]>
    </line>
    <line>
      <![CDATA[modified]]>
    </line>
    <line>
      <![CDATA[BUY]]>
    </line>
    <line>
      <![CDATA[Accelya Soln India Ltd]]>
    </line>
    <line>
      <![CDATA[NRML]]>
    </line>
    <line>
      <![CDATA[908.00]]>
    </line>
    <line>
      <![CDATA[LIMIT]]>
    </line>
    <line>
      <![CDATA[SANJAY15]]>
    </line>
    <line>
      <![CDATA[NSE]]>
    </line>
    <line>
      <![CDATA[DAY]]>
    </line>
    <line>
      <![CDATA[1000000000160597 ]]>
    </line>
    <line>
      <![CDATA[2]]>
    </line>
    <line>
      <![CDATA[Partial Qty]]>
    </line>
    <line>
      <![CDATA[Rejection Reason]]>
    </line>
    <line>
      <![CDATA[PASS]]>
    </line>
    <line>
      <![CDATA[../WorkingE2/Report1593590194078/HtmlReports/ModificationQty_1593590465844.html]]>
    </line>
    <line>
      <![CDATA[../WorkingE2/Report1593590194078/Screenshots/ModificationQty_7_1593590495740.png]]>
    </line>
    <line>
      <![CDATA[<<==== After if else =========>>]]>
    </line>
    <line>
      <![CDATA[Order no =====>  7
NoRowInTestData =======> 29]]>
    </line>
    <line>
      <![CDATA[endExecution ================================@> 9
OrderNo ==========@> 8]]>
    </line>
    <line>
      <![CDATA[Order No ========================@> 8
StartExecutionNo =======================@> 6]]>
    </line>
    <line>
      <![CDATA[Scenarion : Modification Price
Action : MOD
NewOrderStatus : open]]>
    </line>
    <line>
      <![CDATA[TestLaunch::Action :: MOD]]>
    </line>
    <line>
      <![CDATA[===============> modExecution <=================]]>
    </line>
    <line>
      <![CDATA[<===@@@ OrderNo in Sheet 16 Action : MOD @@@@===>]]>
    </line>
    <line>
      <![CDATA[New Order Status ====> open]]>
    </line>
    <line>
      <![CDATA[ReinvestLink is present]]>
    </line>
    <line>
      <![CDATA[Modify link Click ]]>
    </line>
    <line>
      <![CDATA[Optional Fields Label Click ]]>
    </line>
    <line>
      <![CDATA[AMO CheckBox checking....]]>
    </line>
    <line>
      <![CDATA[After Checking amo checkbox present....]]>
    </line>
    <line>
      <![CDATA[AMO check box Click ]]>
    </line>
    <line>
      <![CDATA[Place Order Button Click ]]>
    </line>
    <line>
      <![CDATA[Confirm Button Click ]]>
    </line>
    <line>
      <![CDATA[Action ====> MOD newOrderStatus =====> open
RowNo==============> 3]]>
    </line>
    <line>
      <![CDATA[*************<<<<<<<<<<<<Helper class : Output Processor Started>>>>>>>>>>>>>>>>****************]]>
    </line>
    <line>
      <![CDATA[====<<<<< OrderNo in Sheet 16 Action : MOD >>>>>====]]>
    </line>
    <line>
      <![CDATA[FolderCreation array form FunctionKeyword class ===> [Ljava.lang.String;@19f78116]]>
    </line>
    <line>
      <![CDATA[Action ======>  MOD
NewOrderStatus =====>  open]]>
    </line>
    <line>
      <![CDATA[New order status =====> open]]>
    </line>
    <line>
      <![CDATA[<====ExtendReporter Constructor===>]]>
    </line>
    <line>
      <![CDATA[Scenario : Modification Price]]>
    </line>
    <line>
      <![CDATA[1593590510685]]>
    </line>
    <line>
      <![CDATA[Report Path String ../WorkingE2/Report1593590194078/HtmlReports/ModificationPrice_1593590510685.html]]>
    </line>
    <line>
      <![CDATA[Extend Report Test Name : Order Detail 16]]>
    </line>
    <line>
      <![CDATA[FunctionKeyword Count :: 4]]>
    </line>
    <line>
      <![CDATA[FunctionKeyword no ===> 5]]>
    </line>
    <line>
      <![CDATA[*<==== orderDetailProvider Method Start ====>*]]>
    </line>
    <line>
      <![CDATA[===<<<<<*** OrderNo in Sheet 16 Action : MOD ***>>>>>===>]]>
    </line>
    <line>
      <![CDATA[Details tab Click ]]>
    </line>
    <line>
      <![CDATA[Action : MOD]]>
    </line>
    <line>
      <![CDATA[Mod Status : open]]>
    </line>
    <line>
      <![CDATA[open]]>
    </line>
    <line>
      <![CDATA[Mod Status : modified]]>
    </line>
    <line>
      <![CDATA[modified]]>
    </line>
    <line>
      <![CDATA[Mod Status : modify pending]]>
    </line>
    <line>
      <![CDATA[modify pending]]>
    </line>
    <line>
      <![CDATA[Mod Status : modify validation pending]]>
    </line>
    <line>
      <![CDATA[modify validation pending]]>
    </line>
    <line>
      <![CDATA[Mod Status : open]]>
    </line>
    <line>
      <![CDATA[open]]>
    </line>
    <line>
      <![CDATA[Mod Status : modified]]>
    </line>
    <line>
      <![CDATA[modified]]>
    </line>
    <line>
      <![CDATA[Mod Status : modify pending]]>
    </line>
    <line>
      <![CDATA[modify pending]]>
    </line>
    <line>
      <![CDATA[Mod Status : modify validation pending]]>
    </line>
    <line>
      <![CDATA[modify validation pending]]>
    </line>
    <line>
      <![CDATA[Mod Status : open]]>
    </line>
    <line>
      <![CDATA[open]]>
    </line>
    <line>
      <![CDATA[Mod Status : open pending]]>
    </line>
    <line>
      <![CDATA[open pending]]>
    </line>
    <line>
      <![CDATA[Mod Status : validation pending]]>
    </line>
    <line>
      <![CDATA[validation pending]]>
    </line>
    <line>
      <![CDATA[Mod Status : put order req received]]>
    </line>
    <line>
      <![CDATA[put order req received]]>
    </line>
    <line>
      <![CDATA[Mod Status : modified]]>
    </line>
    <line>
      <![CDATA[Status for Mod : modified]]>
    </line>
    <line>
      <![CDATA[Buy or Sell : BUY]]>
    </line>
    <line>
      <![CDATA[Trading symbol : Accelya Soln India Ltd]]>
    </line>
    <line>
      <![CDATA[Product type : NRML]]>
    </line>
    <line>
      <![CDATA[Order Price : 909.00]]>
    </line>
    <line>
      <![CDATA[Order Type : LIMIT]]>
    </line>
    <line>
      <![CDATA[User Id : 60005274]]>
    </line>
    <line>
      <![CDATA[Exchange : NSE]]>
    </line>
    <line>
      <![CDATA[Validity : DAY]]>
    </line>
    <line>
      <![CDATA[Order Qty : 2]]>
    </line>
    <line>
      <![CDATA[Nest id : 1000000000160594 ]]>
    </line>
    <line>
      <![CDATA[Nest id : 1000000000160594 ]]>
    </line>
    <line>
      <![CDATA[Inside orderDetailProvider method......]]>
    </line>
    <line>
      <![CDATA[OutSide orderDetailProvider method......]]>
    </line>
    <line>
      <![CDATA[<=== passFail Result MOD 16 ===>]]>
    </line>
    <line>
      <![CDATA[909]]>
    </line>
    <line>
      <![CDATA[Action Result ===> PASS
Mod Scenario wise Result ====> PASS]]>
    </line>
    <line>
      <![CDATA[<=== ExtendReporter : Report Start generate MOD 16 ===>]]>
    </line>
    <line>
      <![CDATA[Capture Screenshot]]>
    </line>
    <line>
      <![CDATA[1593590542677]]>
    </line>
    <line>
      <![CDATA[===============> modExecution <=================]]>
    </line>
    <line>
      <![CDATA[<===@@@ OrderNo in Sheet 8 Action : MOD @@@@===>]]>
    </line>
    <line>
      <![CDATA[New Order Status ====> open]]>
    </line>
    <line>
      <![CDATA[ReinvestLink is present]]>
    </line>
    <line>
      <![CDATA[Modify link Click ]]>
    </line>
    <line>
      <![CDATA[Extend Log Flush]]>
    </line>
    <line>
      <![CDATA[Reporter path ===> ../WorkingE2/Report1593590194078/HtmlReports/ModificationPrice_1593590510685.html]]>
    </line>
    <line>
      <![CDATA[Report Object ==================================================================> com.aventstack.extentreports.ExtentReports@6c414151]]>
    </line>
    <line>
      <![CDATA[Optional Fields Label Click ]]>
    </line>
    <line>
      <![CDATA[AMO CheckBox checking....]]>
    </line>
    <line>
      <![CDATA[After Checking amo checkbox present....]]>
    </line>
    <line>
      <![CDATA[AMO check box Click ]]>
    </line>
    <line>
      <![CDATA[Place Order Button Click ]]>
    </line>
    <line>
      <![CDATA[Confirm Button Click ]]>
    </line>
    <line>
      <![CDATA[Action ====> MOD newOrderStatus =====> open
RowNo==============> 3]]>
    </line>
    <line>
      <![CDATA[*************<<<<<<<<<<<<Helper class : Output Processor Started>>>>>>>>>>>>>>>>****************]]>
    </line>
    <line>
      <![CDATA[====<<<<< OrderNo in Sheet 8 Action : MOD >>>>>====]]>
    </line>
    <line>
      <![CDATA[FolderCreation array form FunctionKeyword class ===> [Ljava.lang.String;@19f78116]]>
    </line>
    <line>
      <![CDATA[Action ======>  MOD
NewOrderStatus =====>  open]]>
    </line>
    <line>
      <![CDATA[New order status =====> open]]>
    </line>
    <line>
      <![CDATA[<====ExtendReporter Constructor===>]]>
    </line>
    <line>
      <![CDATA[Scenario : Modification Price]]>
    </line>
    <line>
      <![CDATA[1593590554066]]>
    </line>
    <line>
      <![CDATA[Report Path String ../WorkingE2/Report1593590194078/HtmlReports/ModificationPrice_1593590554066.html]]>
    </line>
    <line>
      <![CDATA[Extend Report Test Name : Order Detail 8]]>
    </line>
    <line>
      <![CDATA[FunctionKeyword Count :: 4]]>
    </line>
    <line>
      <![CDATA[FunctionKeyword no ===> 6]]>
    </line>
    <line>
      <![CDATA[*<==== orderDetailProvider Method Start ====>*]]>
    </line>
    <line>
      <![CDATA[===<<<<<*** OrderNo in Sheet 8 Action : MOD ***>>>>>===>]]>
    </line>
    <line>
      <![CDATA[Writer Order detail with link in outputExcel]]>
    </line>
    <line>
      <![CDATA[Row Object ====> <xml-fragment r="17" spans="1:15" xmlns:r="http://schemas.openxmlformats.org/officeDocument/2006/relationships" xmlns:main="http://schemas.openxmlformats.org/spreadsheetml/2006/main">
  <main:c r="A17">
    <main:v>16</main:v>
  </main:c>
  <main:c r="B17">
    <main:v>60003800</main:v>
  </main:c>
  <main:c r="C17" t="s">
    <main:v>15</main:v>
  </main:c>
  <main:c r="D17">
    <main:v>2000</main:v>
  </main:c>
  <main:c r="E17" t="s">
    <main:v>23</main:v>
  </main:c>
  <main:c r="F17" t="s">
    <main:v>25</main:v>
  </main:c>
  <main:c r="G17" t="s">
    <main:v>18</main:v>
  </main:c>
  <main:c r="H17" t="s">
    <main:v>19</main:v>
  </main:c>
  <main:c r="I17" t="s">
    <main:v>20</main:v>
  </main:c>
  <main:c r="J17">
    <main:v>908</main:v>
  </main:c>
  <main:c r="K17">
    <main:v>909</main:v>
  </main:c>
  <main:c r="L17" t="s">
    <main:v>21</main:v>
  </main:c>
  <main:c r="M17">
    <main:v>1</main:v>
  </main:c>
  <main:c r="N17">
    <main:v>2</main:v>
  </main:c>
  <main:c r="O17" t="s">
    <main:v>22</main:v>
  </main:c>
</xml-fragment>
OutputSheet Object ====> Name: /xl/worksheets/sheet1.xml - Content Type: application/vnd.openxmlformats-officedocument.spreadsheetml.worksheet+xml]]>
    </line>
    <line>
      <![CDATA[Rejection Reason]]>
    </line>
    <line>
      <![CDATA[PASS]]>
    </line>
    <line>
      <![CDATA[../Report1593590194078/HtmlReports/ModificationPrice_1593590510685.html]]>
    </line>
    <line>
      <![CDATA[HyperLink Path ======> ../Report1593590194078/HtmlReports/ModificationPrice_1593590510685.html]]>
    </line>
    <line>
      <![CDATA[../Report1593590194078/HtmlReports/ModificationPrice_1593590510685.html]]>
    </line>
    <line>
      <![CDATA[../Report1593590194078/Screenshots/ModificationPrice_16_1593590542677.png]]>
    </line>
    <line>
      <![CDATA[HyperLink Path ======> ../Report1593590194078/Screenshots/ModificationPrice_16_1593590542677.png]]>
    </line>
    <line>
      <![CDATA[../Report1593590194078/Screenshots/ModificationPrice_16_1593590542677.png]]>
    </line>
    <line>
      <![CDATA[16]]>
    </line>
    <line>
      <![CDATA[MOD]]>
    </line>
    <line>
      <![CDATA[modified]]>
    </line>
    <line>
      <![CDATA[BUY]]>
    </line>
    <line>
      <![CDATA[Accelya Soln India Ltd]]>
    </line>
    <line>
      <![CDATA[NRML]]>
    </line>
    <line>
      <![CDATA[909.00]]>
    </line>
    <line>
      <![CDATA[LIMIT]]>
    </line>
    <line>
      <![CDATA[60005274]]>
    </line>
    <line>
      <![CDATA[NSE]]>
    </line>
    <line>
      <![CDATA[DAY]]>
    </line>
    <line>
      <![CDATA[1000000000160594 ]]>
    </line>
    <line>
      <![CDATA[2]]>
    </line>
    <line>
      <![CDATA[Partial Qty]]>
    </line>
    <line>
      <![CDATA[Rejection Reason]]>
    </line>
    <line>
      <![CDATA[PASS]]>
    </line>
    <line>
      <![CDATA[../WorkingE2/Report1593590194078/HtmlReports/ModificationPrice_1593590510685.html]]>
    </line>
    <line>
      <![CDATA[../WorkingE2/Report1593590194078/Screenshots/ModificationPrice_16_1593590542677.png]]>
    </line>
    <line>
      <![CDATA[<<==== After if else =========>>]]>
    </line>
    <line>
      <![CDATA[Order no =====>  16
NoRowInTestData =======> 29]]>
    </line>
    <line>
      <![CDATA[endExecution ================================@> 17
OrderNo ==========@> 17]]>
    </line>
    <line>
      <![CDATA[Order No ========================@> 17
StartExecutionNo =======================@> 14]]>
    </line>
    <line>
      <![CDATA[Scenarion : Cancellation
Action : CXL
NewOrderStatus : open]]>
    </line>
    <line>
      <![CDATA[<===@@@ OrderNo in Sheet 17 Action : CXL @@@@====>]]>
    </line>
    <line>
      <![CDATA[New order status open]]>
    </line>
    <line>
      <![CDATA[CXL link Click ]]>
    </line>
    <line>
      <![CDATA[Confirm Button Click ]]>
    </line>
    <line>
      <![CDATA[Action ====> CXL newOrderStatus =====> open
RowNo==============> 4]]>
    </line>
    <line>
      <![CDATA[*************<<<<<<<<<<<<Helper class : Output Processor Started>>>>>>>>>>>>>>>>****************]]>
    </line>
    <line>
      <![CDATA[====<<<<< OrderNo in Sheet 17 Action : CXL >>>>>====]]>
    </line>
    <line>
      <![CDATA[FolderCreation array form FunctionKeyword class ===> [Ljava.lang.String;@19f78116]]>
    </line>
    <line>
      <![CDATA[Action ======>  CXL
NewOrderStatus =====>  open]]>
    </line>
    <line>
      <![CDATA[New order status =====> open]]>
    </line>
    <line>
      <![CDATA[<====ExtendReporter Constructor===>]]>
    </line>
    <line>
      <![CDATA[Scenario : Cancellation]]>
    </line>
    <line>
      <![CDATA[1593590565379]]>
    </line>
    <line>
      <![CDATA[Report Path String ../WorkingE2/Report1593590194078/HtmlReports/Cancellation_1593590565379.html]]>
    </line>
    <line>
      <![CDATA[Extend Report Test Name : Order Detail 17]]>
    </line>
    <line>
      <![CDATA[FunctionKeyword Count :: 5]]>
    </line>
    <line>
      <![CDATA[FunctionKeyword no ===> 7]]>
    </line>
    <line>
      <![CDATA[*<==== orderDetailProvider Method Start ====>*]]>
    </line>
    <line>
      <![CDATA[===<<<<<*** OrderNo in Sheet 17 Action : CXL ***>>>>>===>]]>
    </line>
    <line>
      <![CDATA[Details tab Click ]]>
    </line>
    <line>
      <![CDATA[Action : MOD]]>
    </line>
    <line>
      <![CDATA[Details tab Click ]]>
    </line>
    <line>
      <![CDATA[Status : cancelled]]>
    </line>
    <line>
      <![CDATA[Buy or Sell : BUY]]>
    </line>
    <line>
      <![CDATA[Trading symbol : Accelya Soln India Ltd]]>
    </line>
    <line>
      <![CDATA[Product type : NRML]]>
    </line>
    <line>
      <![CDATA[Mod Status : open]]>
    </line>
    <line>
      <![CDATA[open]]>
    </line>
    <line>
      <![CDATA[Mod Status : modified]]>
    </line>
    <line>
      <![CDATA[modified]]>
    </line>
    <line>
      <![CDATA[Mod Status : modify pending]]>
    </line>
    <line>
      <![CDATA[modify pending]]>
    </line>
    <line>
      <![CDATA[Mod Status : modify validation pending]]>
    </line>
    <line>
      <![CDATA[modify validation pending]]>
    </line>
    <line>
      <![CDATA[Mod Status : open]]>
    </line>
    <line>
      <![CDATA[open]]>
    </line>
    <line>
      <![CDATA[Mod Status : modified]]>
    </line>
    <line>
      <![CDATA[modified]]>
    </line>
    <line>
      <![CDATA[Mod Status : modify pending]]>
    </line>
    <line>
      <![CDATA[modify pending]]>
    </line>
    <line>
      <![CDATA[Mod Status : modify validation pending]]>
    </line>
    <line>
      <![CDATA[modify validation pending]]>
    </line>
    <line>
      <![CDATA[Mod Status : open]]>
    </line>
    <line>
      <![CDATA[open]]>
    </line>
    <line>
      <![CDATA[Mod Status : open pending]]>
    </line>
    <line>
      <![CDATA[open pending]]>
    </line>
    <line>
      <![CDATA[Mod Status : validation pending]]>
    </line>
    <line>
      <![CDATA[validation pending]]>
    </line>
    <line>
      <![CDATA[Mod Status : put order req received]]>
    </line>
    <line>
      <![CDATA[put order req received]]>
    </line>
    <line>
      <![CDATA[Mod Status : modified]]>
    </line>
    <line>
      <![CDATA[Status for Mod : modified]]>
    </line>
    <line>
      <![CDATA[Buy or Sell : BUY]]>
    </line>
    <line>
      <![CDATA[Trading symbol : Accelya Soln India Ltd]]>
    </line>
    <line>
      <![CDATA[Product type : NRML]]>
    </line>
    <line>
      <![CDATA[Order Price : 909.00]]>
    </line>
    <line>
      <![CDATA[Order Price : 909.00]]>
    </line>
    <line>
      <![CDATA[Order Type : LIMIT]]>
    </line>
    <line>
      <![CDATA[User Id : 60005274]]>
    </line>
    <line>
      <![CDATA[Exchange : NSE]]>
    </line>
    <line>
      <![CDATA[Validity : DAY]]>
    </line>
    <line>
      <![CDATA[NestId : 1000000000160594 |]]>
    </line>
    <line>
      <![CDATA[Row Nestid string ===> 1000000000160594 |]]>
    </line>
    <line>
      <![CDATA[Nest id : 1000000000160594 ]]>
    </line>
    <line>
      <![CDATA[Order Qty : 2]]>
    </line>
    <line>
      <![CDATA[executed Shares Lable : 1000000000160594 |]]>
    </line>
    <line>
      <![CDATA[Executed Shares =====>  1000000000160594 |]]>
    </line>
    <line>
      <![CDATA[Order Type : LIMIT]]>
    </line>
    <line>
      <![CDATA[User Id : SANJAY15]]>
    </line>
    <line>
      <![CDATA[Exchange : NSE]]>
    </line>
    <line>
      <![CDATA[Validity : DAY]]>
    </line>
    <line>
      <![CDATA[Order Qty : 2]]>
    </line>
    <line>
      <![CDATA[Nest id : 1000000000160597 ]]>
    </line>
    <line>
      <![CDATA[Nest id : 1000000000160594 ]]>
    </line>
    <line>
      <![CDATA[Inside orderDetailProvider method......]]>
    </line>
    <line>
      <![CDATA[OutSide orderDetailProvider method......]]>
    </line>
    <line>
      <![CDATA[<=== passFail Result CXL 17 ===>]]>
    </line>
    <line>
      <![CDATA[Action Result ===> PASS
Mod Scenario wise Result ====> PASS]]>
    </line>
    <line>
      <![CDATA[<=== ExtendReporter : Report Start generate CXL 17 ===>]]>
    </line>
    <line>
      <![CDATA[Capture Screenshot]]>
    </line>
    <line>
      <![CDATA[1593590589298]]>
    </line>
    <line>
      <![CDATA[Nest id : 1000000000160597 ]]>
    </line>
    <line>
      <![CDATA[Inside orderDetailProvider method......]]>
    </line>
    <line>
      <![CDATA[OutSide orderDetailProvider method......]]>
    </line>
    <line>
      <![CDATA[<=== passFail Result MOD 8 ===>]]>
    </line>
    <line>
      <![CDATA[909]]>
    </line>
    <line>
      <![CDATA[Action Result ===> PASS
Mod Scenario wise Result ====> PASS]]>
    </line>
    <line>
      <![CDATA[<=== ExtendReporter : Report Start generate MOD 8 ===>]]>
    </line>
    <line>
      <![CDATA[Capture Screenshot]]>
    </line>
    <line>
      <![CDATA[Extend Log Flush]]>
    </line>
    <line>
      <![CDATA[Reporter path ===> ../WorkingE2/Report1593590194078/HtmlReports/Cancellation_1593590565379.html]]>
    </line>
    <line>
      <![CDATA[Report Object ==================================================================> com.aventstack.extentreports.ExtentReports@745810e5]]>
    </line>
    <line>
      <![CDATA[1593590592216]]>
    </line>
    <line>
      <![CDATA[Writer Order detail with link in outputExcel]]>
    </line>
    <line>
      <![CDATA[Row Object ====> <xml-fragment r="18" spans="1:15" xmlns:r="http://schemas.openxmlformats.org/officeDocument/2006/relationships" xmlns:main="http://schemas.openxmlformats.org/spreadsheetml/2006/main">
  <main:c r="A18">
    <main:v>17</main:v>
  </main:c>
  <main:c r="B18">
    <main:v>60003800</main:v>
  </main:c>
  <main:c r="C18" t="s">
    <main:v>15</main:v>
  </main:c>
  <main:c r="D18">
    <main:v>2000</main:v>
  </main:c>
  <main:c r="E18" t="s">
    <main:v>26</main:v>
  </main:c>
  <main:c r="F18" t="s">
    <main:v>27</main:v>
  </main:c>
  <main:c r="G18" t="s">
    <main:v>18</main:v>
  </main:c>
  <main:c r="H18" t="s">
    <main:v>19</main:v>
  </main:c>
  <main:c r="I18" t="s">
    <main:v>20</main:v>
  </main:c>
  <main:c r="J18">
    <main:v>908</main:v>
  </main:c>
  <main:c r="K18">
    <main:v>909</main:v>
  </main:c>
  <main:c r="L18" t="s">
    <main:v>21</main:v>
  </main:c>
  <main:c r="M18">
    <main:v>1</main:v>
  </main:c>
  <main:c r="N18">
    <main:v>1</main:v>
  </main:c>
  <main:c r="O18" t="s">
    <main:v>22</main:v>
  </main:c>
</xml-fragment>
OutputSheet Object ====> Name: /xl/worksheets/sheet1.xml - Content Type: application/vnd.openxmlformats-officedocument.spreadsheetml.worksheet+xml]]>
    </line>
    <line>
      <![CDATA[Rejection Reason]]>
    </line>
    <line>
      <![CDATA[PASS]]>
    </line>
    <line>
      <![CDATA[../Report1593590194078/HtmlReports/Cancellation_1593590565379.html]]>
    </line>
    <line>
      <![CDATA[HyperLink Path ======> ../Report1593590194078/HtmlReports/Cancellation_1593590565379.html]]>
    </line>
    <line>
      <![CDATA[../Report1593590194078/HtmlReports/Cancellation_1593590565379.html]]>
    </line>
    <line>
      <![CDATA[../Report1593590194078/Screenshots/Cancellation_17_1593590589298.png]]>
    </line>
    <line>
      <![CDATA[HyperLink Path ======> ../Report1593590194078/Screenshots/Cancellation_17_1593590589298.png]]>
    </line>
    <line>
      <![CDATA[../Report1593590194078/Screenshots/Cancellation_17_1593590589298.png]]>
    </line>
    <line>
      <![CDATA[17]]>
    </line>
    <line>
      <![CDATA[CXL]]>
    </line>
    <line>
      <![CDATA[cancelled]]>
    </line>
    <line>
      <![CDATA[BUY]]>
    </line>
    <line>
      <![CDATA[Accelya Soln India Ltd]]>
    </line>
    <line>
      <![CDATA[NRML]]>
    </line>
    <line>
      <![CDATA[909.00]]>
    </line>
    <line>
      <![CDATA[LIMIT]]>
    </line>
    <line>
      <![CDATA[60005274]]>
    </line>
    <line>
      <![CDATA[NSE]]>
    </line>
    <line>
      <![CDATA[DAY]]>
    </line>
    <line>
      <![CDATA[1000000000160594 ]]>
    </line>
    <line>
      <![CDATA[2]]>
    </line>
    <line>
      <![CDATA[Partial Qty]]>
    </line>
    <line>
      <![CDATA[Rejection Reason]]>
    </line>
    <line>
      <![CDATA[PASS]]>
    </line>
    <line>
      <![CDATA[../WorkingE2/Report1593590194078/HtmlReports/Cancellation_1593590565379.html]]>
    </line>
    <line>
      <![CDATA[../WorkingE2/Report1593590194078/Screenshots/Cancellation_17_1593590589298.png]]>
    </line>
    <line>
      <![CDATA[<<==== After if else =========>>]]>
    </line>
    <line>
      <![CDATA[Order no =====>  17
NoRowInTestData =======> 29]]>
    </line>
    <line>
      <![CDATA[endExecution ================================@> 17
OrderNo ==========@> 18]]>
    </line>
    <line>
      <![CDATA[Step ===> logout]]>
    </line>
    <line>
      <![CDATA[keyword =====> logout]]>
    </line>
    <line>
      <![CDATA[Close order status popup Click ]]>
    </line>
    <line>
      <![CDATA[Extend Log Flush]]>
    </line>
    <line>
      <![CDATA[Reporter path ===> ../WorkingE2/Report1593590194078/HtmlReports/ModificationPrice_1593590554066.html]]>
    </line>
    <line>
      <![CDATA[Report Object ==================================================================> com.aventstack.extentreports.ExtentReports@694c4ee6]]>
    </line>
    <line>
      <![CDATA[Logout option Click ]]>
    </line>
    <line>
      <![CDATA[Writer Order detail with link in outputExcel]]>
    </line>
    <line>
      <![CDATA[Row Object ====> <xml-fragment r="9" spans="1:15" xmlns:r="http://schemas.openxmlformats.org/officeDocument/2006/relationships" xmlns:main="http://schemas.openxmlformats.org/spreadsheetml/2006/main">
  <main:c r="A9">
    <main:v>8</main:v>
  </main:c>
  <main:c r="B9">
    <main:v>60003800</main:v>
  </main:c>
  <main:c r="C9" t="s">
    <main:v>15</main:v>
  </main:c>
  <main:c r="D9">
    <main:v>2000</main:v>
  </main:c>
  <main:c r="E9" t="s">
    <main:v>23</main:v>
  </main:c>
  <main:c r="F9" t="s">
    <main:v>25</main:v>
  </main:c>
  <main:c r="G9" t="s">
    <main:v>18</main:v>
  </main:c>
  <main:c r="H9" t="s">
    <main:v>19</main:v>
  </main:c>
  <main:c r="I9" t="s">
    <main:v>20</main:v>
  </main:c>
  <main:c r="J9">
    <main:v>908</main:v>
  </main:c>
  <main:c r="K9">
    <main:v>909</main:v>
  </main:c>
  <main:c r="L9" t="s">
    <main:v>21</main:v>
  </main:c>
  <main:c r="M9">
    <main:v>1</main:v>
  </main:c>
  <main:c r="N9">
    <main:v>2</main:v>
  </main:c>
  <main:c r="O9" t="s">
    <main:v>22</main:v>
  </main:c>
</xml-fragment>
OutputSheet Object ====> Name: /xl/worksheets/sheet1.xml - Content Type: application/vnd.openxmlformats-officedocument.spreadsheetml.worksheet+xml]]>
    </line>
    <line>
      <![CDATA[Rejection Reason]]>
    </line>
    <line>
      <![CDATA[PASS]]>
    </line>
    <line>
      <![CDATA[../Report1593590194078/HtmlReports/ModificationPrice_1593590554066.html]]>
    </line>
    <line>
      <![CDATA[HyperLink Path ======> ../Report1593590194078/HtmlReports/ModificationPrice_1593590554066.html]]>
    </line>
    <line>
      <![CDATA[../Report1593590194078/HtmlReports/ModificationPrice_1593590554066.html]]>
    </line>
    <line>
      <![CDATA[../Report1593590194078/Screenshots/ModificationPrice_8_1593590592216.png]]>
    </line>
    <line>
      <![CDATA[HyperLink Path ======> ../Report1593590194078/Screenshots/ModificationPrice_8_1593590592216.png]]>
    </line>
    <line>
      <![CDATA[../Report1593590194078/Screenshots/ModificationPrice_8_1593590592216.png]]>
    </line>
    <line>
      <![CDATA[8]]>
    </line>
    <line>
      <![CDATA[MOD]]>
    </line>
    <line>
      <![CDATA[modified]]>
    </line>
    <line>
      <![CDATA[BUY]]>
    </line>
    <line>
      <![CDATA[Accelya Soln India Ltd]]>
    </line>
    <line>
      <![CDATA[NRML]]>
    </line>
    <line>
      <![CDATA[909.00]]>
    </line>
    <line>
      <![CDATA[LIMIT]]>
    </line>
    <line>
      <![CDATA[SANJAY15]]>
    </line>
    <line>
      <![CDATA[NSE]]>
    </line>
    <line>
      <![CDATA[DAY]]>
    </line>
    <line>
      <![CDATA[1000000000160597 ]]>
    </line>
    <line>
      <![CDATA[2]]>
    </line>
    <line>
      <![CDATA[Partial Qty]]>
    </line>
    <line>
      <![CDATA[Rejection Reason]]>
    </line>
    <line>
      <![CDATA[PASS]]>
    </line>
    <line>
      <![CDATA[../WorkingE2/Report1593590194078/HtmlReports/ModificationPrice_1593590554066.html]]>
    </line>
    <line>
      <![CDATA[../WorkingE2/Report1593590194078/Screenshots/ModificationPrice_8_1593590592216.png]]>
    </line>
    <line>
      <![CDATA[<<==== After if else =========>>]]>
    </line>
    <line>
      <![CDATA[Order no =====>  8
NoRowInTestData =======> 29]]>
    </line>
    <line>
      <![CDATA[endExecution ================================@> 9
OrderNo ==========@> 9]]>
    </line>
    <line>
      <![CDATA[Order No ========================@> 9
StartExecutionNo =======================@> 6]]>
    </line>
    <line>
      <![CDATA[Scenarion : Cancellation
Action : CXL
NewOrderStatus : open]]>
    </line>
    <line>
      <![CDATA[<===@@@ OrderNo in Sheet 9 Action : CXL @@@@====>]]>
    </line>
    <line>
      <![CDATA[New order status open]]>
    </line>
    <line>
      <![CDATA[logout link Click ]]>
    </line>
    <line>
      <![CDATA[Execution Terminate.... :)]]>
    </line>
    <line>
      <![CDATA[CXL link Click ]]>
    </line>
    <line>
      <![CDATA[End test case execution]]>
    </line>
    <line>
      <![CDATA[Confirm Button Click ]]>
    </line>
    <line>
      <![CDATA[Action ====> CXL newOrderStatus =====> open
RowNo==============> 4]]>
    </line>
    <line>
      <![CDATA[*************<<<<<<<<<<<<Helper class : Output Processor Started>>>>>>>>>>>>>>>>****************]]>
    </line>
    <line>
      <![CDATA[====<<<<< OrderNo in Sheet 9 Action : CXL >>>>>====]]>
    </line>
    <line>
      <![CDATA[FolderCreation array form FunctionKeyword class ===> [Ljava.lang.String;@19f78116]]>
    </line>
    <line>
      <![CDATA[Action ======>  CXL
NewOrderStatus =====>  open]]>
    </line>
    <line>
      <![CDATA[New order status =====> open]]>
    </line>
    <line>
      <![CDATA[<====ExtendReporter Constructor===>]]>
    </line>
    <line>
      <![CDATA[Scenario : Cancellation]]>
    </line>
    <line>
      <![CDATA[1593590600598]]>
    </line>
    <line>
      <![CDATA[Report Path String ../WorkingE2/Report1593590194078/HtmlReports/Cancellation_1593590600598.html]]>
    </line>
    <line>
      <![CDATA[Extend Report Test Name : Order Detail 9]]>
    </line>
    <line>
      <![CDATA[FunctionKeyword Count :: 5]]>
    </line>
    <line>
      <![CDATA[FunctionKeyword no ===> 8]]>
    </line>
    <line>
      <![CDATA[*<==== orderDetailProvider Method Start ====>*]]>
    </line>
    <line>
      <![CDATA[===<<<<<*** OrderNo in Sheet 9 Action : CXL ***>>>>>===>]]>
    </line>
    <line>
      <![CDATA[Folder Path ====> ../WorkingE2/Report1593590194078]]>
    </line>
    <line>
      <![CDATA[Details tab Click ]]>
    </line>
    <line>
      <![CDATA[Status : cancelled]]>
    </line>
    <line>
      <![CDATA[Buy or Sell : BUY]]>
    </line>
    <line>
      <![CDATA[Trading symbol : Accelya Soln India Ltd]]>
    </line>
    <line>
      <![CDATA[Product type : NRML]]>
    </line>
    <line>
      <![CDATA[Order Price : 909.00]]>
    </line>
    <line>
      <![CDATA[Order Type : LIMIT]]>
    </line>
    <line>
      <![CDATA[User Id : SANJAY15]]>
    </line>
    <line>
      <![CDATA[Exchange : NSE]]>
    </line>
    <line>
      <![CDATA[Validity : DAY]]>
    </line>
    <line>
      <![CDATA[NestId : 1000000000160597 |]]>
    </line>
    <line>
      <![CDATA[Row Nestid string ===> 1000000000160597 |]]>
    </line>
    <line>
      <![CDATA[Nest id : 1000000000160597 ]]>
    </line>
    <line>
      <![CDATA[Order Qty : 2]]>
    </line>
    <line>
      <![CDATA[executed Shares Lable : 1000000000160597 |]]>
    </line>
    <line>
      <![CDATA[Executed Shares =====>  1000000000160597 |]]>
    </line>
    <line>
      <![CDATA[Nest id : 1000000000160597 ]]>
    </line>
    <line>
      <![CDATA[Inside orderDetailProvider method......]]>
    </line>
    <line>
      <![CDATA[OutSide orderDetailProvider method......]]>
    </line>
    <line>
      <![CDATA[<=== passFail Result CXL 9 ===>]]>
    </line>
    <line>
      <![CDATA[Action Result ===> PASS
Mod Scenario wise Result ====> PASS]]>
    </line>
    <line>
      <![CDATA[<=== ExtendReporter : Report Start generate CXL 9 ===>]]>
    </line>
    <line>
      <![CDATA[Capture Screenshot]]>
    </line>
    <line>
      <![CDATA[1593590624480]]>
    </line>
    <line>
      <![CDATA[Extend Log Flush]]>
    </line>
    <line>
      <![CDATA[Reporter path ===> ../WorkingE2/Report1593590194078/HtmlReports/Cancellation_1593590600598.html]]>
    </line>
    <line>
      <![CDATA[Report Object ==================================================================> com.aventstack.extentreports.ExtentReports@14c9ca2e]]>
    </line>
    <line>
      <![CDATA[Writer Order detail with link in outputExcel]]>
    </line>
    <line>
      <![CDATA[Row Object ====> <xml-fragment r="10" spans="1:15" xmlns:r="http://schemas.openxmlformats.org/officeDocument/2006/relationships" xmlns:main="http://schemas.openxmlformats.org/spreadsheetml/2006/main">
  <main:c r="A10">
    <main:v>9</main:v>
  </main:c>
  <main:c r="B10">
    <main:v>60003800</main:v>
  </main:c>
  <main:c r="C10" t="s">
    <main:v>15</main:v>
  </main:c>
  <main:c r="D10">
    <main:v>2000</main:v>
  </main:c>
  <main:c r="E10" t="s">
    <main:v>26</main:v>
  </main:c>
  <main:c r="F10" t="s">
    <main:v>27</main:v>
  </main:c>
  <main:c r="G10" t="s">
    <main:v>18</main:v>
  </main:c>
  <main:c r="H10" t="s">
    <main:v>19</main:v>
  </main:c>
  <main:c r="I10" t="s">
    <main:v>20</main:v>
  </main:c>
  <main:c r="J10">
    <main:v>908</main:v>
  </main:c>
  <main:c r="K10">
    <main:v>909</main:v>
  </main:c>
  <main:c r="L10" t="s">
    <main:v>21</main:v>
  </main:c>
  <main:c r="M10">
    <main:v>1</main:v>
  </main:c>
  <main:c r="N10">
    <main:v>1</main:v>
  </main:c>
  <main:c r="O10" t="s">
    <main:v>22</main:v>
  </main:c>
</xml-fragment>
OutputSheet Object ====> Name: /xl/worksheets/sheet1.xml - Content Type: application/vnd.openxmlformats-officedocument.spreadsheetml.worksheet+xml]]>
    </line>
    <line>
      <![CDATA[Rejection Reason]]>
    </line>
    <line>
      <![CDATA[PASS]]>
    </line>
    <line>
      <![CDATA[../Report1593590194078/HtmlReports/Cancellation_1593590600598.html]]>
    </line>
    <line>
      <![CDATA[HyperLink Path ======> ../Report1593590194078/HtmlReports/Cancellation_1593590600598.html]]>
    </line>
    <line>
      <![CDATA[../Report1593590194078/HtmlReports/Cancellation_1593590600598.html]]>
    </line>
    <line>
      <![CDATA[../Report1593590194078/Screenshots/Cancellation_9_1593590624480.png]]>
    </line>
    <line>
      <![CDATA[HyperLink Path ======> ../Report1593590194078/Screenshots/Cancellation_9_1593590624480.png]]>
    </line>
    <line>
      <![CDATA[../Report1593590194078/Screenshots/Cancellation_9_1593590624480.png]]>
    </line>
    <line>
      <![CDATA[9]]>
    </line>
    <line>
      <![CDATA[CXL]]>
    </line>
    <line>
      <![CDATA[cancelled]]>
    </line>
    <line>
      <![CDATA[BUY]]>
    </line>
    <line>
      <![CDATA[Accelya Soln India Ltd]]>
    </line>
    <line>
      <![CDATA[NRML]]>
    </line>
    <line>
      <![CDATA[909.00]]>
    </line>
    <line>
      <![CDATA[LIMIT]]>
    </line>
    <line>
      <![CDATA[SANJAY15]]>
    </line>
    <line>
      <![CDATA[NSE]]>
    </line>
    <line>
      <![CDATA[DAY]]>
    </line>
    <line>
      <![CDATA[1000000000160597 ]]>
    </line>
    <line>
      <![CDATA[2]]>
    </line>
    <line>
      <![CDATA[Partial Qty]]>
    </line>
    <line>
      <![CDATA[Rejection Reason]]>
    </line>
    <line>
      <![CDATA[PASS]]>
    </line>
    <line>
      <![CDATA[../WorkingE2/Report1593590194078/HtmlReports/Cancellation_1593590600598.html]]>
    </line>
    <line>
      <![CDATA[../WorkingE2/Report1593590194078/Screenshots/Cancellation_9_1593590624480.png]]>
    </line>
    <line>
      <![CDATA[<<==== After if else =========>>]]>
    </line>
    <line>
      <![CDATA[Order no =====>  9
NoRowInTestData =======> 29]]>
    </line>
    <line>
      <![CDATA[endExecution ================================@> 9
OrderNo ==========@> 10]]>
    </line>
    <line>
      <![CDATA[Step ===> logout]]>
    </line>
    <line>
      <![CDATA[keyword =====> logout]]>
    </line>
    <line>
      <![CDATA[Close order status popup Click ]]>
    </line>
    <line>
      <![CDATA[Logout option Click ]]>
    </line>
    <line>
      <![CDATA[logout link Click ]]>
    </line>
    <line>
      <![CDATA[Execution Terminate.... :)]]>
    </line>
    <line>
      <![CDATA[End test case execution]]>
    </line>
    <line>
      <![CDATA[Folder Path ====> ../WorkingE2/Report1593590194078]]>
    </line>
  </reporter-output>
  <suite name="TmpSuite" duration-ms="474142" started-at="2020-07-01T13:26:24 IST" finished-at="2020-07-01T13:34:18 IST">
    <groups>
    </groups>
    <test name="1" duration-ms="474142" started-at="2020-07-01T13:26:24 IST" finished-at="2020-07-01T13:34:18 IST">
      <class name="com.shreeya.FunctionKeyword">
        <test-method status="PASS" signature="executionBefore()[pri:0, instance:com.shreeya.FunctionKeyword@63611043]" name="executionBefore" is-config="true" duration-ms="10893" started-at="2020-07-01T13:26:24 IST" finished-at="2020-07-01T13:26:34 IST">
          <reporter-output>
            <line>
              <![CDATA[Execution Before ]]>
            </line>
            <line>
              <![CDATA[Browser Launch]]>
            </line>
            <line>
              <![CDATA[Above folder Creation============================================================================&^*&^&*^&8686868688>>>>>>]]>
            </line>
            <line>
              <![CDATA[Folder Structure creation method ]]>
            </line>
            <line>
              <![CDATA[orderNo ===> 1]]>
            </line>
            <line>
              <![CDATA[1593590194885]]>
            </line>
          </reporter-output>
[...]
            </line>
            <line>
              <![CDATA[*<==== orderDetailProvider Method Start ====>*]]>
            </line>
            <line>
              <![CDATA[===<<<<<*** OrderNo in Sheet 8 Action : MOD ***>>>>>===>]]>
            </line>
            <line>
              <![CDATA[Details tab Click ]]>
            </line>
            <line>
              <![CDATA[Action : MOD]]>
            </line>
            <line>
              <![CDATA[Mod Status : open]]>
            </line>
            <line>
              <![CDATA[open]]>
            </line>
            <line>
              <![CDATA[Mod Status : modified]]>
            </line>
            <line>
              <![CDATA[modified]]>
            </line>
            <line>
              <![CDATA[Mod Status : modify pending]]>
            </line>
            <line>
              <![CDATA[modify pending]]>
            </line>
            <line>
              <![CDATA[Mod Status : modify validation pending]]>
            </line>
            <line>
              <![CDATA[modify validation pending]]>
            </line>
            <line>
              <![CDATA[Mod Status : open]]>
            </line>
            <line>
              <![CDATA[open]]>
            </line>
            <line>
              <![CDATA[Mod Status : modified]]>
            </line>
            <line>
              <![CDATA[modified]]>
            </line>
            <line>
              <![CDATA[Mod Status : modify pending]]>
            </line>
            <line>
              <![CDATA[modify pending]]>
            </line>
            <line>
              <![CDATA[Mod Status : modify validation pending]]>
            </line>
            <line>
              <![CDATA[modify validation pending]]>
            </line>
            <line>
              <![CDATA[Mod Status : open]]>
            </line>
            <line>
              <![CDATA[open]]>
            </line>
            <line>
              <![CDATA[Mod Status : open pending]]>
            </line>
            <line>
              <![CDATA[open pending]]>
            </line>
            <line>
              <![CDATA[Mod Status : validation pending]]>
            </line>
            <line>
              <![CDATA[validation pending]]>
            </line>
            <line>
              <![CDATA[Mod Status : put order req received]]>
            </line>
            <line>
              <![CDATA[put order req received]]>
            </line>
            <line>
              <![CDATA[Mod Status : modified]]>
            </line>
            <line>
              <![CDATA[Status for Mod : modified]]>
            </line>
            <line>
              <![CDATA[Buy or Sell : BUY]]>
            </line>
            <line>
              <![CDATA[Trading symbol : Accelya Soln India Ltd]]>
            </line>
            <line>
              <![CDATA[Product type : NRML]]>
            </line>
            <line>
              <![CDATA[Order Price : 909.00]]>
            </line>
            <line>
              <![CDATA[Order Type : LIMIT]]>
            </line>
            <line>
              <![CDATA[User Id : SANJAY15]]>
            </line>
            <line>
              <![CDATA[Exchange : NSE]]>
            </line>
            <line>
              <![CDATA[Validity : DAY]]>
            </line>
            <line>
              <![CDATA[Order Qty : 2]]>
            </line>
            <line>
              <![CDATA[Nest id : 1000000000160597 ]]>
            </line>
            <line>
              <![CDATA[Nest id : 1000000000160597 ]]>
            </line>
            <line>
              <![CDATA[Inside orderDetailProvider method......]]>
            </line>
            <line>
              <![CDATA[OutSide orderDetailProvider method......]]>
            </line>
            <line>
              <![CDATA[<=== passFail Result MOD 8 ===>]]>
            </line>
            <line>
              <![CDATA[909]]>
            </line>
            <line>
              <![CDATA[Action Result ===> PASS
Mod Scenario wise Result ====> PASS]]>
            </line>
            <line>
              <![CDATA[<=== ExtendReporter : Report Start generate MOD 8 ===>]]>
            </line>
            <line>
              <![CDATA[Capture Screenshot]]>
            </line>
            <line>
              <![CDATA[1593590592216]]>
            </line>
            <line>
              <![CDATA[Extend Log Flush]]>
            </line>
            <line>
              <![CDATA[Reporter path ===> ../WorkingE2/Report1593590194078/HtmlReports/ModificationPrice_1593590554066.html]]>
            </line>
            <line>
              <![CDATA[Report Object ==================================================================> com.aventstack.extentreports.ExtentReports@694c4ee6]]>
            </line>
            <line>
              <![CDATA[Writer Order detail with link in outputExcel]]>
            </line>
            <line>
              <![CDATA[Row Object ====> <xml-fragment r="9" spans="1:15" xmlns:r="http://schemas.openxmlformats.org/officeDocument/2006/relationships" xmlns:main="http://schemas.openxmlformats.org/spreadsheetml/2006/main">
  <main:c r="A9">
    <main:v>8</main:v>
  </main:c>
  <main:c r="B9">
    <main:v>60003800</main:v>
  </main:c>
  <main:c r="C9" t="s">
    <main:v>15</main:v>
  </main:c>
  <main:c r="D9">
    <main:v>2000</main:v>
  </main:c>
  <main:c r="E9" t="s">
    <main:v>23</main:v>
  </main:c>
  <main:c r="F9" t="s">
    <main:v>25</main:v>
  </main:c>
  <main:c r="G9" t="s">
    <main:v>18</main:v>
  </main:c>
  <main:c r="H9" t="s">
    <main:v>19</main:v>
  </main:c>
  <main:c r="I9" t="s">
    <main:v>20</main:v>
  </main:c>
  <main:c r="J9">
    <main:v>908</main:v>
  </main:c>
  <main:c r="K9">
    <main:v>909</main:v>
  </main:c>
  <main:c r="L9" t="s">
    <main:v>21</main:v>
  </main:c>
  <main:c r="M9">
    <main:v>1</main:v>
  </main:c>
  <main:c r="N9">
    <main:v>2</main:v>
  </main:c>
  <main:c r="O9" t="s">
    <main:v>22</main:v>
  </main:c>
</xml-fragment>
OutputSheet Object ====> Name: /xl/worksheets/sheet1.xml - Content Type: application/vnd.openxmlformats-officedocument.spreadsheetml.worksheet+xml]]>
            </line>
            <line>
              <![CDATA[Rejection Reason]]>
            </line>
            <line>
              <![CDATA[PASS]]>
            </line>
            <line>
              <![CDATA[../Report1593590194078/HtmlReports/ModificationPrice_1593590554066.html]]>
            </line>
            <line>
              <![CDATA[HyperLink Path ======> ../Report1593590194078/HtmlReports/ModificationPrice_1593590554066.html]]>
            </line>
            <line>
              <![CDATA[../Report1593590194078/HtmlReports/ModificationPrice_1593590554066.html]]>
            </line>
            <line>
              <![CDATA[../Report1593590194078/Screenshots/ModificationPrice_8_1593590592216.png]]>
            </line>
            <line>
              <![CDATA[HyperLink Path ======> ../Report1593590194078/Screenshots/ModificationPrice_8_1593590592216.png]]>
            </line>
            <line>
              <![CDATA[../Report1593590194078/Screenshots/ModificationPrice_8_1593590592216.png]]>
            </line>
            <line>
              <![CDATA[8]]>
            </line>
            <line>
              <![CDATA[MOD]]>
            </line>
            <line>
              <![CDATA[modified]]>
            </line>
            <line>
              <![CDATA[BUY]]>
            </line>
            <line>
              <![CDATA[Accelya Soln India Ltd]]>
            </line>
            <line>
              <![CDATA[NRML]]>
            </line>
            <line>
              <![CDATA[909.00]]>
            </line>
            <line>
              <![CDATA[LIMIT]]>
            </line>
            <line>
              <![CDATA[SANJAY15]]>
            </line>
            <line>
              <![CDATA[NSE]]>
            </line>
            <line>
              <![CDATA[DAY]]>
            </line>
            <line>
              <![CDATA[1000000000160597 ]]>
            </line>
            <line>
              <![CDATA[2]]>
            </line>
            <line>
              <![CDATA[Partial Qty]]>
            </line>
            <line>
              <![CDATA[Rejection Reason]]>
            </line>
            <line>
              <![CDATA[PASS]]>
            </line>
            <line>
              <![CDATA[../WorkingE2/Report1593590194078/HtmlReports/ModificationPrice_1593590554066.html]]>
            </line>
            <line>
              <![CDATA[../WorkingE2/Report1593590194078/Screenshots/ModificationPrice_8_1593590592216.png]]>
            </line>
            <line>
              <![CDATA[<<==== After if else =========>>]]>
            </line>
            <line>
              <![CDATA[Order no =====>  8
NoRowInTestData =======> 29]]>
            </line>
            <line>
              <![CDATA[endExecution ================================@> 9
OrderNo ==========@> 9]]>
            </line>
            <line>
              <![CDATA[Order No ========================@> 9
StartExecutionNo =======================@> 6]]>
            </line>
            <line>
              <![CDATA[Scenarion : Cancellation
Action : CXL
NewOrderStatus : open]]>
            </line>
            <line>
              <![CDATA[<===@@@ OrderNo in Sheet 9 Action : CXL @@@@====>]]>
            </line>
            <line>
              <![CDATA[New order status open]]>
            </line>
            <line>
              <![CDATA[CXL link Click ]]>
            </line>
            <line>
              <![CDATA[Confirm Button Click ]]>
            </line>
            <line>
              <![CDATA[Action ====> CXL newOrderStatus =====> open
RowNo==============> 4]]>
            </line>
            <line>
              <![CDATA[*************<<<<<<<<<<<<Helper class : Output Processor Started>>>>>>>>>>>>>>>>****************]]>
            </line>
            <line>
              <![CDATA[====<<<<< OrderNo in Sheet 9 Action : CXL >>>>>====]]>
            </line>
            <line>
              <![CDATA[FolderCreation array form FunctionKeyword class ===> [Ljava.lang.String;@19f78116]]>
            </line>
            <line>
              <![CDATA[Action ======>  CXL
NewOrderStatus =====>  open]]>
            </line>
            <line>
              <![CDATA[New order status =====> open]]>
            </line>
            <line>
              <![CDATA[<====ExtendReporter Constructor===>]]>
            </line>
            <line>
              <![CDATA[Scenario : Cancellation]]>
            </line>
            <line>
              <![CDATA[1593590600598]]>
            </line>
            <line>
              <![CDATA[Report Path String ../WorkingE2/Report1593590194078/HtmlReports/Cancellation_1593590600598.html]]>
            </line>
            <line>
              <![CDATA[Extend Report Test Name : Order Detail 9]]>
            </line>
            <line>
              <![CDATA[FunctionKeyword Count :: 5]]>
            </line>
            <line>
              <![CDATA[FunctionKeyword no ===> 8]]>
            </line>
            <line>
              <![CDATA[*<==== orderDetailProvider Method Start ====>*]]>
            </line>
            <line>
              <![CDATA[===<<<<<*** OrderNo in Sheet 9 Action : CXL ***>>>>>===>]]>
            </line>
            <line>
              <![CDATA[Details tab Click ]]>
            </line>
            <line>
              <![CDATA[Status : cancelled]]>
            </line>
            <line>
              <![CDATA[Buy or Sell : BUY]]>
            </line>
            <line>
              <![CDATA[Trading symbol : Accelya Soln India Ltd]]>
            </line>
            <line>
              <![CDATA[Product type : NRML]]>
            </line>
            <line>
              <![CDATA[Order Price : 909.00]]>
            </line>
            <line>
              <![CDATA[Order Type : LIMIT]]>
            </line>
            <line>
              <![CDATA[User Id : SANJAY15]]>
            </line>
            <line>
              <![CDATA[Exchange : NSE]]>
            </line>
            <line>
              <![CDATA[Validity : DAY]]>
            </line>
            <line>
              <![CDATA[NestId : 1000000000160597 |]]>
            </line>
            <line>
              <![CDATA[Row Nestid string ===> 1000000000160597 |]]>
            </line>
            <line>
              <![CDATA[Nest id : 1000000000160597 ]]>
            </line>
            <line>
              <![CDATA[Order Qty : 2]]>
            </line>
            <line>
              <![CDATA[executed Shares Lable : 1000000000160597 |]]>
            </line>
            <line>
              <![CDATA[Executed Shares =====>  1000000000160597 |]]>
            </line>
            <line>
              <![CDATA[Nest id : 1000000000160597 ]]>
            </line>
            <line>
              <![CDATA[Inside orderDetailProvider method......]]>
            </line>
            <line>
              <![CDATA[OutSide orderDetailProvider method......]]>
            </line>
            <line>
              <![CDATA[<=== passFail Result CXL 9 ===>]]>
            </line>
            <line>
              <![CDATA[Action Result ===> PASS
Mod Scenario wise Result ====> PASS]]>
            </line>
            <line>
              <![CDATA[<=== ExtendReporter : Report Start generate CXL 9 ===>]]>
            </line>
            <line>
              <![CDATA[Capture Screenshot]]>
            </line>
            <line>
              <![CDATA[1593590624480]]>
            </line>
            <line>
              <![CDATA[Extend Log Flush]]>
            </line>
            <line>
              <![CDATA[Reporter path ===> ../WorkingE2/Report1593590194078/HtmlReports/Cancellation_1593590600598.html]]>
            </line>
            <line>
              <![CDATA[Report Object ==================================================================> com.aventstack.extentreports.ExtentReports@14c9ca2e]]>
            </line>
            <line>
              <![CDATA[Writer Order detail with link in outputExcel]]>
            </line>
            <line>
              <![CDATA[Row Object ====> <xml-fragment r="10" spans="1:15" xmlns:r="http://schemas.openxmlformats.org/officeDocument/2006/relationships" xmlns:main="http://schemas.openxmlformats.org/spreadsheetml/2006/main">
  <main:c r="A10">
    <main:v>9</main:v>
  </main:c>
  <main:c r="B10">
    <main:v>60003800</main:v>
  </main:c>
  <main:c r="C10" t="s">
    <main:v>15</main:v>
  </main:c>
  <main:c r="D10">
    <main:v>2000</main:v>
  </main:c>
  <main:c r="E10" t="s">
    <main:v>26</main:v>
  </main:c>
  <main:c r="F10" t="s">
    <main:v>27</main:v>
  </main:c>
  <main:c r="G10" t="s">
    <main:v>18</main:v>
  </main:c>
  <main:c r="H10" t="s">
    <main:v>19</main:v>
  </main:c>
  <main:c r="I10" t="s">
    <main:v>20</main:v>
  </main:c>
  <main:c r="J10">
    <main:v>908</main:v>
  </main:c>
  <main:c r="K10">
    <main:v>909</main:v>
  </main:c>
  <main:c r="L10" t="s">
    <main:v>21</main:v>
  </main:c>
  <main:c r="M10">
    <main:v>1</main:v>
  </main:c>
  <main:c r="N10">
    <main:v>1</main:v>
  </main:c>
  <main:c r="O10" t="s">
    <main:v>22</main:v>
  </main:c>
</xml-fragment>
OutputSheet Object ====> Name: /xl/worksheets/sheet1.xml - Content Type: application/vnd.openxmlformats-officedocument.spreadsheetml.worksheet+xml]]>
            </line>
            <line>
              <![CDATA[Rejection Reason]]>
            </line>
            <line>
              <![CDATA[PASS]]>
            </line>
            <line>
              <![CDATA[../Report1593590194078/HtmlReports/Cancellation_1593590600598.html]]>
            </line>
            <line>
              <![CDATA[HyperLink Path ======> ../Report1593590194078/HtmlReports/Cancellation_1593590600598.html]]>
            </line>
            <line>
              <![CDATA[../Report1593590194078/HtmlReports/Cancellation_1593590600598.html]]>
            </line>
            <line>
              <![CDATA[../Report1593590194078/Screenshots/Cancellation_9_1593590624480.png]]>
            </line>
            <line>
              <![CDATA[HyperLink Path ======> ../Report1593590194078/Screenshots/Cancellation_9_1593590624480.png]]>
            </line>
            <line>
              <![CDATA[../Report1593590194078/Screenshots/Cancellation_9_1593590624480.png]]>
            </line>
            <line>
              <![CDATA[9]]>
            </line>
            <line>
              <![CDATA[CXL]]>
            </line>
            <line>
              <![CDATA[cancelled]]>
            </line>
            <line>
              <![CDATA[BUY]]>
            </line>
            <line>
              <![CDATA[Accelya Soln India Ltd]]>
            </line>
            <line>
              <![CDATA[NRML]]>
            </line>
            <line>
              <![CDATA[909.00]]>
            </line>
            <line>
              <![CDATA[LIMIT]]>
            </line>
            <line>
              <![CDATA[SANJAY15]]>
            </line>
            <line>
              <![CDATA[NSE]]>
            </line>
            <line>
              <![CDATA[DAY]]>
            </line>
            <line>
              <![CDATA[1000000000160597 ]]>
            </line>
            <line>
              <![CDATA[2]]>
            </line>
            <line>
              <![CDATA[Partial Qty]]>
            </line>
            <line>
              <![CDATA[Rejection Reason]]>
            </line>
            <line>
              <![CDATA[PASS]]>
            </line>
            <line>
              <![CDATA[../WorkingE2/Report1593590194078/HtmlReports/Cancellation_1593590600598.html]]>
            </line>
            <line>
              <![CDATA[../WorkingE2/Report1593590194078/Screenshots/Cancellation_9_1593590624480.png]]>
            </line>
            <line>
              <![CDATA[<<==== After if else =========>>]]>
            </line>
            <line>
              <![CDATA[Order no =====>  9
NoRowInTestData =======> 29]]>
            </line>
            <line>
              <![CDATA[endExecution ================================@> 9
OrderNo ==========@> 10]]>
            </line>
            <line>
              <![CDATA[Step ===> logout]]>
            </line>
            <line>
              <![CDATA[keyword =====> logout]]>
            </line>
            <line>
              <![CDATA[Close order status popup Click ]]>
            </line>
            <line>
              <![CDATA[Logout option Click ]]>
            </line>
            <line>
              <![CDATA[logout link Click ]]>
            </line>
            <line>
              <![CDATA[Execution Terminate.... :)]]>
            </line>
          </reporter-output>
        </test-method> <!-- executionWithKeyword -->
        <test-method status="PASS" signature="testAfter()[pri:0, instance:com.shreeya.FunctionKeyword@63611043]" name="testAfter" is-config="true" duration-ms="2" started-at="2020-07-01T13:34:13 IST" finished-at="2020-07-01T13:34:13 IST">
          <reporter-output>
            <line>
              <![CDATA[End test case execution]]>
            </line>
          </reporter-output>
        </test-method> <!-- testAfter -->
        <test-method status="PASS" signature="endExecution()[pri:0, instance:com.shreeya.FunctionKeyword@63611043]" name="endExecution" is-config="true" duration-ms="4343" started-at="2020-07-01T13:34:13 IST" finished-at="2020-07-01T13:34:18 IST">
          <reporter-output>
            <line>
              <![CDATA[Folder Path ====> ../WorkingE2/Report1593590194078]]>
            </line>
          </reporter-output>
        </test-method> <!-- endExecution -->
      </class> <!-- com.shreeya.FunctionKeyword -->
    </test> <!-- 1 -->
  </suite> <!-- TmpSuite -->
</testng-results>
