<?xml version="1.0" encoding="UTF-8"?>
<testng-results skipped="0" failed="0" ignored="0" total="2" passed="2">
  <reporter-output>
    <line>
      <![CDATA[================<< Execution Started >>================]]>
    </line>
    <line>
      <![CDATA[Execution Before ]]>
    </line>
    <line>
      <![CDATA[================<< Execution Started >>================]]>
    </line>
    <line>
      <![CDATA[Execution Before ]]>
    </line>
    <line>
      <![CDATA[Above folder Creation============================================================================&^*&^&*^&8686868688>>>>>>]]>
    </line>
    <line>
      <![CDATA[Above folder Creation============================================================================&^*&^&*^&8686868688>>>>>>]]>
    </line>
    <line>
      <![CDATA[Folder Structure creation method ]]>
    </line>
    <line>
      <![CDATA[Folder Structure creation method ]]>
    </line>
    <line>
      <![CDATA[orderNo ===> 0]]>
    </line>
    <line>
      <![CDATA[orderNo ===> 0]]>
    </line>
    <line>
      <![CDATA[1587193861425]]>
    </line>
    <line>
      <![CDATA[1587193861425]]>
    </line>
    <line>
      <![CDATA[FolderArray[0] : ../WorkingE/Report1587193861425]]>
    </line>
    <line>
      <![CDATA[FolderArray[0] : ../WorkingE/Report1587193861425]]>
    </line>
    <line>
      <![CDATA[FolderArray[1] : ../WorkingE/Report1587193861425/HtmlReports]]>
    </line>
    <line>
      <![CDATA[FolderArray[1] : ../WorkingE/Report1587193861425/HtmlReports]]>
    </line>
    <line>
      <![CDATA[FolderArray[2] : ../WorkingE/Report1587193861425/Screenshots]]>
    </line>
    <line>
      <![CDATA[FolderArray[2] : ../WorkingE/Report1587193861425/Screenshots]]>
    </line>
    <line>
      <![CDATA[1587193861869]]>
    </line>
    <line>
      <![CDATA[1587193861869]]>
    </line>
    <line>
      <![CDATA[Before Test case...]]>
    </line>
    <line>
      <![CDATA[Before Test case...]]>
    </line>
    <line>
      <![CDATA[BeforeMethod]]>
    </line>
    <line>
      <![CDATA[BeforeMethod]]>
    </line>
    <line>
      <![CDATA[*******<<<<<<<<<<<<<<<Your Enter into TestCase>>>>>>>>>>>>>>>********]]>
    </line>
    <line>
      <![CDATA[*******<<<<<<<<<<<<<<<Your Enter into TestCase>>>>>>>>>>>>>>>********]]>
    </line>
    <line>
      <![CDATA[Before Iterator 1]]>
    </line>
    <line>
      <![CDATA[After Iterator]]>
    </line>
    <line>
      <![CDATA[Before Iterator 2]]>
    </line>
    <line>
      <![CDATA[After Iterator]]>
    </line>
    <line>
      <![CDATA[Login Data ====> LoginModel [referNo=2, userId=OM01, password=qwe@321, yob=2017, startingRowNo=24, endRowNo=33, executionType=normal]]]>
    </line>
    <line>
      <![CDATA[Login Data ====> LoginModel [referNo=1, userId=OM03, password=qwe@321, yob=2017, startingRowNo=10, endRowNo=23, executionType=normal]]]>
    </line>
    <line>
      <![CDATA[Browser Launch]]>
    </line>
    <line>
      <![CDATA[Browser Launch]]>
    </line>
    <line>
      <![CDATA[Checking login error ]]>
    </line>
    <line>
      <![CDATA[Checking login error ]]>
    </line>
    <line>
      <![CDATA[Checking login error ]]>
    </line>
    <line>
      <![CDATA[Checking login error ]]>
    </line>
    <line>
      <![CDATA[<========OrderActionStart=======>]]>
    </line>
    <line>
      <![CDATA[LoginModel [referNo=1, userId=OM03, password=qwe@321, yob=2017, startingRowNo=10, endRowNo=23, executionType=normal]]]>
    </line>
    <line>
      <![CDATA[endExecution ================================@> 23
OrderNo ==========@> 1]]>
    </line>
    <line>
      <![CDATA[endExecution ================================@> 23
OrderNo ==========@> 2]]>
    </line>
    <line>
      <![CDATA[endExecution ================================@> 23
OrderNo ==========@> 3]]>
    </line>
    <line>
      <![CDATA[endExecution ================================@> 23
OrderNo ==========@> 4]]>
    </line>
    <line>
      <![CDATA[endExecution ================================@> 23
OrderNo ==========@> 5]]>
    </line>
    <line>
      <![CDATA[endExecution ================================@> 23
OrderNo ==========@> 6]]>
    </line>
    <line>
      <![CDATA[endExecution ================================@> 23
OrderNo ==========@> 7]]>
    </line>
    <line>
      <![CDATA[endExecution ================================@> 23
OrderNo ==========@> 8]]>
    </line>
    <line>
      <![CDATA[endExecution ================================@> 23
OrderNo ==========@> 9]]>
    </line>
    <line>
      <![CDATA[endExecution ================================@> 23
OrderNo ==========@> 10]]>
    </line>
    <line>
      <![CDATA[Order No ========================@> 10
StartExecutionNo =======================@> 10]]>
    </line>
    <line>
      <![CDATA[Scenarion : Fresh Order Placement
Action : New
NewOrderStatus : rejected]]>
    </line>
    <line>
      <![CDATA[<====@@@@ OrderNo in Sheet 10 Action : New @@@@===>]]>
    </line>
    <line>
      <![CDATA[New Order execution Started..........]]>
    </line>
    <line>
      <![CDATA[<========OrderActionStart=======>]]>
    </line>
    <line>
      <![CDATA[LoginModel [referNo=2, userId=OM01, password=qwe@321, yob=2017, startingRowNo=24, endRowNo=33, executionType=normal]]]>
    </line>
    <line>
      <![CDATA[endExecution ================================@> 33
OrderNo ==========@> 1]]>
    </line>
    <line>
      <![CDATA[endExecution ================================@> 33
OrderNo ==========@> 2]]>
    </line>
    <line>
      <![CDATA[endExecution ================================@> 33
OrderNo ==========@> 3]]>
    </line>
    <line>
      <![CDATA[endExecution ================================@> 33
OrderNo ==========@> 4]]>
    </line>
    <line>
      <![CDATA[endExecution ================================@> 33
OrderNo ==========@> 5]]>
    </line>
    <line>
      <![CDATA[endExecution ================================@> 33
OrderNo ==========@> 6]]>
    </line>
    <line>
      <![CDATA[endExecution ================================@> 33
OrderNo ==========@> 7]]>
    </line>
    <line>
      <![CDATA[endExecution ================================@> 33
OrderNo ==========@> 8]]>
    </line>
    <line>
      <![CDATA[endExecution ================================@> 33
OrderNo ==========@> 9]]>
    </line>
    <line>
      <![CDATA[endExecution ================================@> 33
OrderNo ==========@> 10]]>
    </line>
    <line>
      <![CDATA[endExecution ================================@> 33
OrderNo ==========@> 11]]>
    </line>
    <line>
      <![CDATA[endExecution ================================@> 33
OrderNo ==========@> 12]]>
    </line>
    <line>
      <![CDATA[endExecution ================================@> 33
OrderNo ==========@> 13]]>
    </line>
    <line>
      <![CDATA[endExecution ================================@> 33
OrderNo ==========@> 14]]>
    </line>
    <line>
      <![CDATA[endExecution ================================@> 33
OrderNo ==========@> 15]]>
    </line>
    <line>
      <![CDATA[endExecution ================================@> 33
OrderNo ==========@> 16]]>
    </line>
    <line>
      <![CDATA[endExecution ================================@> 33
OrderNo ==========@> 17]]>
    </line>
    <line>
      <![CDATA[endExecution ================================@> 33
OrderNo ==========@> 18]]>
    </line>
    <line>
      <![CDATA[endExecution ================================@> 33
OrderNo ==========@> 19]]>
    </line>
    <line>
      <![CDATA[endExecution ================================@> 33
OrderNo ==========@> 20]]>
    </line>
    <line>
      <![CDATA[endExecution ================================@> 33
OrderNo ==========@> 21]]>
    </line>
    <line>
      <![CDATA[endExecution ================================@> 33
OrderNo ==========@> 22]]>
    </line>
    <line>
      <![CDATA[endExecution ================================@> 33
OrderNo ==========@> 23]]>
    </line>
    <line>
      <![CDATA[endExecution ================================@> 33
OrderNo ==========@> 24]]>
    </line>
    <line>
      <![CDATA[Order No ========================@> 24
StartExecutionNo =======================@> 24]]>
    </line>
    <line>
      <![CDATA[Scenarion : Fresh Order Placement
Action : New
NewOrderStatus : rejected]]>
    </line>
    <line>
      <![CDATA[<====@@@@ OrderNo in Sheet 24 Action : New @@@@===>]]>
    </line>
    <line>
      <![CDATA[New Order execution Started..........]]>
    </line>
    <line>
      <![CDATA[This is product type ====> NRML]]>
    </line>
    <line>
      <![CDATA[AMO CheckBox checking....]]>
    </line>
    <line>
      <![CDATA[This is product type ====> NRML]]>
    </line>
    <line>
      <![CDATA[AMO CheckBox checking....]]>
    </line>
    <line>
      <![CDATA[AMO CheckBox does not present]]>
    </line>
    <line>
      <![CDATA[Action ====> New newOrderStatus =====> rejected
RowNo==============> 1]]>
    </line>
    <line>
      <![CDATA[*************<<<<<<<<<<<<Helper class : Output Processor Started>>>>>>>>>>>>>>>>****************]]>
    </line>
    <line>
      <![CDATA[====<<<<< OrderNo in Sheet 10 Action : New >>>>>====]]>
    </line>
    <line>
      <![CDATA[FolderCreation array form execution class ===> [Ljava.lang.String;@7bfbea6]]>
    </line>
    <line>
      <![CDATA[Action ======>  New
NewOrderStatus =====>  rejected]]>
    </line>
    <line>
      <![CDATA[New order status =====> rejected]]>
    </line>
    <line>
      <![CDATA[<====ExtendReporter Constructor===>]]>
    </line>
    <line>
      <![CDATA[Scenario : Fresh Order Placement]]>
    </line>
    <line>
      <![CDATA[Report Path String ../WorkingE/Report1587193861425/HtmlReports/FreshOrderPlacement_10.html]]>
    </line>
    <line>
      <![CDATA[Extend Report Test Name : Order Detail 10]]>
    </line>
    <line>
      <![CDATA[Execution Count :: 2]]>
    </line>
    <line>
      <![CDATA[Execution no ===> 1]]>
    </line>
    <line>
      <![CDATA[TestData File copy into output folder]]>
    </line>
    <line>
      <![CDATA[Output excel file : ..\WorkingE\Report1587193861425\OutputFile.xlsx]]>
    </line>
    <line>
      <![CDATA[Output excel file : ..\WorkingE\Report1587193861425\Executable.txt]]>
    </line>
    <line>
      <![CDATA[Start Write in output excel file]]>
    </line>
    <line>
      <![CDATA[*<==== orderDetailProvider Method Start ====>*]]>
    </line>
    <line>
      <![CDATA[===<<<<<*** OrderNo in Sheet 10 Action : New ***>>>>>===>]]>
    </line>
    <line>
      <![CDATA[AMO CheckBox does not present]]>
    </line>
    <line>
      <![CDATA[Action ====> New newOrderStatus =====> rejected
RowNo==============> 1]]>
    </line>
    <line>
      <![CDATA[*************<<<<<<<<<<<<Helper class : Output Processor Started>>>>>>>>>>>>>>>>****************]]>
    </line>
    <line>
      <![CDATA[====<<<<< OrderNo in Sheet 24 Action : New >>>>>====]]>
    </line>
    <line>
      <![CDATA[FolderCreation array form execution class ===> [Ljava.lang.String;@7bfbea6]]>
    </line>
    <line>
      <![CDATA[Action ======>  New
NewOrderStatus =====>  rejected]]>
    </line>
    <line>
      <![CDATA[New order status =====> rejected]]>
    </line>
    <line>
      <![CDATA[<====ExtendReporter Constructor===>]]>
    </line>
    <line>
      <![CDATA[Scenario : Fresh Order Placement]]>
    </line>
    <line>
      <![CDATA[Report Path String ../WorkingE/Report1587193861425/HtmlReports/FreshOrderPlacement_24.html]]>
    </line>
    <line>
      <![CDATA[Extend Report Test Name : Order Detail 24]]>
    </line>
    <line>
      <![CDATA[Execution Count :: 2]]>
    </line>
    <line>
      <![CDATA[Execution no ===> 2]]>
    </line>
    <line>
      <![CDATA[*<==== orderDetailProvider Method Start ====>*]]>
    </line>
    <line>
      <![CDATA[===<<<<<*** OrderNo in Sheet 24 Action : New ***>>>>>===>]]>
    </line>
    <line>
      <![CDATA[Status : rejected]]>
    </line>
    <line>
      <![CDATA[Buy or Sell : BUY]]>
    </line>
    <line>
      <![CDATA[Trading symbol : Accelya Soln India Ltd]]>
    </line>
    <line>
      <![CDATA[Product type : NRML]]>
    </line>
    <line>
      <![CDATA[Order Price : 882.30]]>
    </line>
    <line>
      <![CDATA[Status : rejected]]>
    </line>
    <line>
      <![CDATA[Buy or Sell : BUY]]>
    </line>
    <line>
      <![CDATA[Trading symbol : Accelya Soln India Ltd]]>
    </line>
    <line>
      <![CDATA[Product type : NRML]]>
    </line>
    <line>
      <![CDATA[Order Type : LIMIT]]>
    </line>
    <line>
      <![CDATA[User Id : OM03]]>
    </line>
    <line>
      <![CDATA[Exchange : NSE]]>
    </line>
    <line>
      <![CDATA[Validity : DAY]]>
    </line>
    <line>
      <![CDATA[Rejection Reasone : RMS:No Category is assigned  for entity dealer-OM03 across exchange across segment across product ]]>
    </line>
    <line>
      <![CDATA[NestId : 200418000000059]]>
    </line>
    <line>
      <![CDATA[Row Nestid string ===> 200418000000059]]>
    </line>
    <line>
      <![CDATA[Nest id : 200418000000059]]>
    </line>
    <line>
      <![CDATA[Order Qty : 1]]>
    </line>
    <line>
      <![CDATA[Order Price : 896.30]]>
    </line>
    <line>
      <![CDATA[Order Type : LIMIT]]>
    </line>
    <line>
      <![CDATA[User Id : OM01]]>
    </line>
    <line>
      <![CDATA[Exchange : NSE]]>
    </line>
    <line>
      <![CDATA[Validity : DAY]]>
    </line>
    <line>
      <![CDATA[Rejection Reasone : RMS:No Category is assigned  for entity dealer-OM01 across exchange across segment across product ]]>
    </line>
    <line>
      <![CDATA[NestId : 200418000000060]]>
    </line>
    <line>
      <![CDATA[Row Nestid string ===> 200418000000060]]>
    </line>
    <line>
      <![CDATA[Nest id : 200418000000060]]>
    </line>
    <line>
      <![CDATA[Order Qty : 1]]>
    </line>
    <line>
      <![CDATA[Nest id : 200418000000059]]>
    </line>
    <line>
      <![CDATA[Inside orderDetailProvider method......]]>
    </line>
    <line>
      <![CDATA[OutSide orderDetailProvider method......]]>
    </line>
    <line>
      <![CDATA[<=== passFail Result New 10 ===>]]>
    </line>
    <line>
      <![CDATA[Action Result ===> FAIL
Mod Scenario wise Result ====> NOT MOD]]>
    </line>
    <line>
      <![CDATA[<=== ExtendReporter : Report Start generate New 10 ===>]]>
    </line>
    <line>
      <![CDATA[Capture Screenshot]]>
    </line>
    <line>
      <![CDATA[1587193946089]]>
    </line>
    <line>
      <![CDATA[Extend Log Flush]]>
    </line>
    <line>
      <![CDATA[Reporter path ===> ../WorkingE/Report1587193861425/HtmlReports/FreshOrderPlacement_10.html]]>
    </line>
    <line>
      <![CDATA[Report Object ==================================================================> com.aventstack.extentreports.ExtentReports@2c0dc613]]>
    </line>
    <line>
      <![CDATA[Nest id : 200418000000060]]>
    </line>
    <line>
      <![CDATA[Inside orderDetailProvider method......]]>
    </line>
    <line>
      <![CDATA[OutSide orderDetailProvider method......]]>
    </line>
    <line>
      <![CDATA[<=== passFail Result New 24 ===>]]>
    </line>
    <line>
      <![CDATA[Action Result ===> FAIL
Mod Scenario wise Result ====> NOT MOD]]>
    </line>
    <line>
      <![CDATA[<=== ExtendReporter : Report Start generate New 24 ===>]]>
    </line>
    <line>
      <![CDATA[Capture Screenshot]]>
    </line>
    <line>
      <![CDATA[Writer Order detail with link in outputExcel]]>
    </line>
    <line>
      <![CDATA[1587193948617]]>
    </line>
    <line>
      <![CDATA[Extend Log Flush]]>
    </line>
    <line>
      <![CDATA[Reporter path ===> ../WorkingE/Report1587193861425/HtmlReports/FreshOrderPlacement_24.html]]>
    </line>
    <line>
      <![CDATA[Row Object ====> <xml-fragment r="11" spans="1:15" xmlns:r="http://schemas.openxmlformats.org/officeDocument/2006/relationships" xmlns:main="http://schemas.openxmlformats.org/spreadsheetml/2006/main">
  <main:c r="A11">
    <main:v>10</main:v>
  </main:c>
  <main:c r="B11">
    <main:v>60003800</main:v>
  </main:c>
  <main:c r="C11" t="s">
    <main:v>15</main:v>
  </main:c>
  <main:c r="D11">
    <main:v>2000</main:v>
  </main:c>
  <main:c r="E11" t="s">
    <main:v>16</main:v>
  </main:c>
  <main:c r="F11" t="s">
    <main:v>17</main:v>
  </main:c>
  <main:c r="G11" t="s">
    <main:v>18</main:v>
  </main:c>
  <main:c r="H11" t="s">
    <main:v>19</main:v>
  </main:c>
  <main:c r="I11" t="s">
    <main:v>20</main:v>
  </main:c>
  <main:c r="J11">
    <main:v>882.31</main:v>
  </main:c>
  <main:c r="K11">
    <main:v>890.3</main:v>
  </main:c>
  <main:c r="L11" t="s">
    <main:v>21</main:v>
  </main:c>
  <main:c r="M11">
    <main:v>1</main:v>
  </main:c>
  <main:c r="N11">
    <main:v>1</main:v>
  </main:c>
  <main:c r="O11" t="s">
    <main:v>22</main:v>
  </main:c>
</xml-fragment>
OutputSheet Object ====> Name: /xl/worksheets/sheet1.xml - Content Type: application/vnd.openxmlformats-officedocument.spreadsheetml.worksheet+xml]]>
    </line>
    <line>
      <![CDATA[RMS:No Category is assigned  for entity dealer-OM03 across exchange across segment across product ]]>
    </line>
    <line>
      <![CDATA[FAIL]]>
    </line>
    <line>
      <![CDATA[../Report1587193861425/HtmlReports/FreshOrderPlacement_10.html]]>
    </line>
    <line>
      <![CDATA[HyperLink Path ======> ../Report1587193861425/HtmlReports/FreshOrderPlacement_10.html]]>
    </line>
    <line>
      <![CDATA[../Report1587193861425/HtmlReports/FreshOrderPlacement_10.html]]>
    </line>
    <line>
      <![CDATA[../Report1587193861425/Screenshots/FreshOrderPlacement_10_1587193946089.png]]>
    </line>
    <line>
      <![CDATA[HyperLink Path ======> ../Report1587193861425/Screenshots/FreshOrderPlacement_10_1587193946089.png]]>
    </line>
    <line>
      <![CDATA[../Report1587193861425/Screenshots/FreshOrderPlacement_10_1587193946089.png]]>
    </line>
    <line>
      <![CDATA[10]]>
    </line>
    <line>
      <![CDATA[New]]>
    </line>
    <line>
      <![CDATA[rejected]]>
    </line>
    <line>
      <![CDATA[BUY]]>
    </line>
    <line>
      <![CDATA[Accelya Soln India Ltd]]>
    </line>
    <line>
      <![CDATA[NRML]]>
    </line>
    <line>
      <![CDATA[882.30]]>
    </line>
    <line>
      <![CDATA[LIMIT]]>
    </line>
    <line>
      <![CDATA[OM03]]>
    </line>
    <line>
      <![CDATA[NSE]]>
    </line>
    <line>
      <![CDATA[DAY]]>
    </line>
    <line>
      <![CDATA[200418000000059]]>
    </line>
    <line>
      <![CDATA[1]]>
    </line>
    <line>
      <![CDATA[Partial Qty]]>
    </line>
    <line>
      <![CDATA[RMS:No Category is assigned  for entity dealer-OM03 across exchange across segment across product ]]>
    </line>
    <line>
      <![CDATA[FAIL]]>
    </line>
    <line>
      <![CDATA[../WorkingE/Report1587193861425/HtmlReports/FreshOrderPlacement_10.html]]>
    </line>
    <line>
      <![CDATA[../WorkingE/Report1587193861425/Screenshots/FreshOrderPlacement_10_1587193946089.png]]>
    </line>
    <line>
      <![CDATA[<<==== After if else =========>>]]>
    </line>
    <line>
      <![CDATA[Order no =====>  10
NoRowInTestData =======> 33]]>
    </line>
    <line>
      <![CDATA[endExecution ================================@> 23
OrderNo ==========@> 11]]>
    </line>
    <line>
      <![CDATA[Order No ========================@> 11
StartExecutionNo =======================@> 10]]>
    </line>
    <line>
      <![CDATA[Scenarion : Fresh Order Placement
Action : New
NewOrderStatus : rejected]]>
    </line>
    <line>
      <![CDATA[<====@@@@ OrderNo in Sheet 11 Action : New @@@@===>]]>
    </line>
    <line>
      <![CDATA[Report Object ==================================================================> com.aventstack.extentreports.ExtentReports@33916937]]>
    </line>
    <line>
      <![CDATA[New Order execution Started..........]]>
    </line>
    <line>
      <![CDATA[Writer Order detail with link in outputExcel]]>
    </line>
    <line>
      <![CDATA[Row Object ====> <xml-fragment r="25" spans="1:15" xmlns:r="http://schemas.openxmlformats.org/officeDocument/2006/relationships" xmlns:main="http://schemas.openxmlformats.org/spreadsheetml/2006/main">
  <main:c r="A25">
    <main:v>24</main:v>
  </main:c>
  <main:c r="B25">
    <main:v>60003800</main:v>
  </main:c>
  <main:c r="C25" t="s">
    <main:v>15</main:v>
  </main:c>
  <main:c r="D25">
    <main:v>2000</main:v>
  </main:c>
  <main:c r="E25" t="s">
    <main:v>16</main:v>
  </main:c>
  <main:c r="F25" t="s">
    <main:v>17</main:v>
  </main:c>
  <main:c r="G25" t="s">
    <main:v>18</main:v>
  </main:c>
  <main:c r="H25" t="s">
    <main:v>19</main:v>
  </main:c>
  <main:c r="I25" t="s">
    <main:v>20</main:v>
  </main:c>
  <main:c r="J25">
    <main:v>896.31</main:v>
  </main:c>
  <main:c r="K25">
    <main:v>890.3</main:v>
  </main:c>
  <main:c r="L25" t="s">
    <main:v>21</main:v>
  </main:c>
  <main:c r="M25">
    <main:v>1</main:v>
  </main:c>
  <main:c r="N25">
    <main:v>1</main:v>
  </main:c>
  <main:c r="O25" t="s">
    <main:v>22</main:v>
  </main:c>
</xml-fragment>
OutputSheet Object ====> Name: /xl/worksheets/sheet1.xml - Content Type: application/vnd.openxmlformats-officedocument.spreadsheetml.worksheet+xml]]>
    </line>
    <line>
      <![CDATA[RMS:No Category is assigned  for entity dealer-OM01 across exchange across segment across product ]]>
    </line>
    <line>
      <![CDATA[FAIL]]>
    </line>
    <line>
      <![CDATA[../Report1587193861425/HtmlReports/FreshOrderPlacement_24.html]]>
    </line>
    <line>
      <![CDATA[HyperLink Path ======> ../Report1587193861425/HtmlReports/FreshOrderPlacement_24.html]]>
    </line>
    <line>
      <![CDATA[../Report1587193861425/HtmlReports/FreshOrderPlacement_24.html]]>
    </line>
    <line>
      <![CDATA[../Report1587193861425/Screenshots/FreshOrderPlacement_24_1587193948617.png]]>
    </line>
    <line>
      <![CDATA[HyperLink Path ======> ../Report1587193861425/Screenshots/FreshOrderPlacement_24_1587193948617.png]]>
    </line>
    <line>
      <![CDATA[../Report1587193861425/Screenshots/FreshOrderPlacement_24_1587193948617.png]]>
    </line>
    <line>
      <![CDATA[24]]>
    </line>
    <line>
      <![CDATA[New]]>
    </line>
    <line>
      <![CDATA[rejected]]>
    </line>
    <line>
      <![CDATA[BUY]]>
    </line>
    <line>
      <![CDATA[Accelya Soln India Ltd]]>
    </line>
    <line>
      <![CDATA[NRML]]>
    </line>
    <line>
      <![CDATA[896.30]]>
    </line>
    <line>
      <![CDATA[LIMIT]]>
    </line>
    <line>
      <![CDATA[OM01]]>
    </line>
    <line>
      <![CDATA[NSE]]>
    </line>
    <line>
      <![CDATA[DAY]]>
    </line>
    <line>
      <![CDATA[200418000000060]]>
    </line>
    <line>
      <![CDATA[1]]>
    </line>
    <line>
      <![CDATA[Partial Qty]]>
    </line>
    <line>
      <![CDATA[RMS:No Category is assigned  for entity dealer-OM01 across exchange across segment across product ]]>
    </line>
    <line>
      <![CDATA[FAIL]]>
    </line>
    <line>
      <![CDATA[../WorkingE/Report1587193861425/HtmlReports/FreshOrderPlacement_24.html]]>
    </line>
    <line>
      <![CDATA[../WorkingE/Report1587193861425/Screenshots/FreshOrderPlacement_24_1587193948617.png]]>
    </line>
    <line>
      <![CDATA[<<==== After if else =========>>]]>
    </line>
    <line>
      <![CDATA[Order no =====>  24
NoRowInTestData =======> 33]]>
    </line>
    <line>
      <![CDATA[endExecution ================================@> 33
OrderNo ==========@> 25]]>
    </line>
    <line>
      <![CDATA[Order No ========================@> 25
StartExecutionNo =======================@> 24]]>
    </line>
    <line>
      <![CDATA[Scenarion : Modification Qty
Action : MOD
NewOrderStatus : rejected]]>
    </line>
    <line>
      <![CDATA[TestLaunch::Action :: MOD]]>
    </line>
    <line>
      <![CDATA[Action MOD but new order status rejected]]>
    </line>
    <line>
      <![CDATA[Reporter generate for skipped mod and cxl scenario]]>
    </line>
    <line>
      <![CDATA[<====ExtendReporter Constructor===>]]>
    </line>
    <line>
      <![CDATA[Scenario : Modification Qty]]>
    </line>
    <line>
      <![CDATA[Report Path String ../WorkingE/Report1587193861425/HtmlReports/ModificationQty_25.html]]>
    </line>
    <line>
      <![CDATA[Extend Report Test Name : Order Detail 25]]>
    </line>
    <line>
      <![CDATA[Extend Log Flush]]>
    </line>
    <line>
      <![CDATA[Reporter path ===> ../WorkingE/Report1587193861425/HtmlReports/ModificationQty_25.html]]>
    </line>
    <line>
      <![CDATA[Report Object ==================================================================> com.aventstack.extentreports.ExtentReports@4dce9d65]]>
    </line>
    <line>
      <![CDATA[Writer Order detail with link in outputExcel]]>
    </line>
    <line>
      <![CDATA[Row Object ====> <xml-fragment r="26" spans="1:15" xmlns:r="http://schemas.openxmlformats.org/officeDocument/2006/relationships" xmlns:main="http://schemas.openxmlformats.org/spreadsheetml/2006/main">
  <main:c r="A26">
    <main:v>25</main:v>
  </main:c>
  <main:c r="B26">
    <main:v>60003800</main:v>
  </main:c>
  <main:c r="C26" t="s">
    <main:v>15</main:v>
  </main:c>
  <main:c r="D26">
    <main:v>2000</main:v>
  </main:c>
  <main:c r="E26" t="s">
    <main:v>23</main:v>
  </main:c>
  <main:c r="F26" t="s">
    <main:v>24</main:v>
  </main:c>
  <main:c r="G26" t="s">
    <main:v>18</main:v>
  </main:c>
  <main:c r="H26" t="s">
    <main:v>19</main:v>
  </main:c>
  <main:c r="I26" t="s">
    <main:v>20</main:v>
  </main:c>
  <main:c r="J26">
    <main:v>897.31</main:v>
  </main:c>
  <main:c r="K26">
    <main:v>890.3</main:v>
  </main:c>
  <main:c r="L26" t="s">
    <main:v>21</main:v>
  </main:c>
  <main:c r="M26">
    <main:v>1</main:v>
  </main:c>
  <main:c r="N26">
    <main:v>2</main:v>
  </main:c>
  <main:c r="O26" t="s">
    <main:v>22</main:v>
  </main:c>
</xml-fragment>
OutputSheet Object ====> Name: /xl/worksheets/sheet1.xml - Content Type: application/vnd.openxmlformats-officedocument.spreadsheetml.worksheet+xml]]>
    </line>
    <line>
      <![CDATA[RMS:No Category is assigned  for entity dealer-OM01 across exchange across segment across product ]]>
    </line>
    <line>
      <![CDATA[FAIL]]>
    </line>
    <line>
      <![CDATA[../Report1587193861425/HtmlReports/ModificationQty_25.html]]>
    </line>
    <line>
      <![CDATA[HyperLink Path ======> ../Report1587193861425/HtmlReports/ModificationQty_25.html]]>
    </line>
    <line>
      <![CDATA[../Report1587193861425/HtmlReports/ModificationQty_25.html]]>
    </line>
    <line>
      <![CDATA[../Report1587193861425/Screenshots/FreshOrderPlacement_24_1587193948617.png]]>
    </line>
    <line>
      <![CDATA[HyperLink Path ======> ../Report1587193861425/Screenshots/FreshOrderPlacement_24_1587193948617.png]]>
    </line>
    <line>
      <![CDATA[../Report1587193861425/Screenshots/FreshOrderPlacement_24_1587193948617.png]]>
    </line>
    <line>
      <![CDATA[endExecution ================================@> 33
OrderNo ==========@> 26]]>
    </line>
    <line>
      <![CDATA[Order No ========================@> 26
StartExecutionNo =======================@> 24]]>
    </line>
    <line>
      <![CDATA[Scenarion : Modification Price
Action : MOD
NewOrderStatus : rejected]]>
    </line>
    <line>
      <![CDATA[TestLaunch::Action :: MOD]]>
    </line>
    <line>
      <![CDATA[Action MOD but new order status rejected]]>
    </line>
    <line>
      <![CDATA[Reporter generate for skipped mod and cxl scenario]]>
    </line>
    <line>
      <![CDATA[<====ExtendReporter Constructor===>]]>
    </line>
    <line>
      <![CDATA[Scenario : Modification Price]]>
    </line>
    <line>
      <![CDATA[Report Path String ../WorkingE/Report1587193861425/HtmlReports/ModificationPrice_26.html]]>
    </line>
    <line>
      <![CDATA[Extend Report Test Name : Order Detail 26]]>
    </line>
    <line>
      <![CDATA[Extend Log Flush]]>
    </line>
    <line>
      <![CDATA[Reporter path ===> ../WorkingE/Report1587193861425/HtmlReports/ModificationPrice_26.html]]>
    </line>
    <line>
      <![CDATA[Report Object ==================================================================> com.aventstack.extentreports.ExtentReports@1cf440cc]]>
    </line>
    <line>
      <![CDATA[This is product type ====> NRML]]>
    </line>
    <line>
      <![CDATA[Writer Order detail with link in outputExcel]]>
    </line>
    <line>
      <![CDATA[Row Object ====> <xml-fragment r="27" spans="1:15" xmlns:r="http://schemas.openxmlformats.org/officeDocument/2006/relationships" xmlns:main="http://schemas.openxmlformats.org/spreadsheetml/2006/main">
  <main:c r="A27">
    <main:v>26</main:v>
  </main:c>
  <main:c r="B27">
    <main:v>60003800</main:v>
  </main:c>
  <main:c r="C27" t="s">
    <main:v>15</main:v>
  </main:c>
  <main:c r="D27">
    <main:v>2000</main:v>
  </main:c>
  <main:c r="E27" t="s">
    <main:v>23</main:v>
  </main:c>
  <main:c r="F27" t="s">
    <main:v>25</main:v>
  </main:c>
  <main:c r="G27" t="s">
    <main:v>18</main:v>
  </main:c>
  <main:c r="H27" t="s">
    <main:v>19</main:v>
  </main:c>
  <main:c r="I27" t="s">
    <main:v>20</main:v>
  </main:c>
  <main:c r="J27">
    <main:v>898.31</main:v>
  </main:c>
  <main:c r="K27">
    <main:v>890.3</main:v>
  </main:c>
  <main:c r="L27" t="s">
    <main:v>21</main:v>
  </main:c>
  <main:c r="M27">
    <main:v>1</main:v>
  </main:c>
  <main:c r="N27">
    <main:v>2</main:v>
  </main:c>
  <main:c r="O27" t="s">
    <main:v>22</main:v>
  </main:c>
</xml-fragment>
OutputSheet Object ====> Name: /xl/worksheets/sheet1.xml - Content Type: application/vnd.openxmlformats-officedocument.spreadsheetml.worksheet+xml]]>
    </line>
    <line>
      <![CDATA[RMS:No Category is assigned  for entity dealer-OM01 across exchange across segment across product ]]>
    </line>
    <line>
      <![CDATA[FAIL]]>
    </line>
    <line>
      <![CDATA[../Report1587193861425/HtmlReports/ModificationPrice_26.html]]>
    </line>
    <line>
      <![CDATA[HyperLink Path ======> ../Report1587193861425/HtmlReports/ModificationPrice_26.html]]>
    </line>
    <line>
      <![CDATA[../Report1587193861425/HtmlReports/ModificationPrice_26.html]]>
    </line>
    <line>
      <![CDATA[../Report1587193861425/Screenshots/FreshOrderPlacement_24_1587193948617.png]]>
    </line>
    <line>
      <![CDATA[HyperLink Path ======> ../Report1587193861425/Screenshots/FreshOrderPlacement_24_1587193948617.png]]>
    </line>
    <line>
      <![CDATA[../Report1587193861425/Screenshots/FreshOrderPlacement_24_1587193948617.png]]>
    </line>
    <line>
      <![CDATA[endExecution ================================@> 33
OrderNo ==========@> 27]]>
    </line>
    <line>
      <![CDATA[Order No ========================@> 27
StartExecutionNo =======================@> 24]]>
    </line>
    <line>
      <![CDATA[Scenarion : Cancellation
Action : CXL
NewOrderStatus : rejected]]>
    </line>
    <line>
      <![CDATA[Action CXL but new order status rejected]]>
    </line>
    <line>
      <![CDATA[Reporter generate for skipped mod and cxl scenario]]>
    </line>
    <line>
      <![CDATA[<====ExtendReporter Constructor===>]]>
    </line>
    <line>
      <![CDATA[Scenario : Cancellation]]>
    </line>
    <line>
      <![CDATA[Report Path String ../WorkingE/Report1587193861425/HtmlReports/Cancellation_27.html]]>
    </line>
    <line>
      <![CDATA[Extend Report Test Name : Order Detail 27]]>
    </line>
    <line>
      <![CDATA[Extend Log Flush]]>
    </line>
    <line>
      <![CDATA[Reporter path ===> ../WorkingE/Report1587193861425/HtmlReports/Cancellation_27.html]]>
    </line>
    <line>
      <![CDATA[Report Object ==================================================================> com.aventstack.extentreports.ExtentReports@345a3135]]>
    </line>
    <line>
      <![CDATA[AMO CheckBox checking....]]>
    </line>
    <line>
      <![CDATA[Writer Order detail with link in outputExcel]]>
    </line>
    <line>
      <![CDATA[Row Object ====> <xml-fragment r="28" spans="1:15" xmlns:r="http://schemas.openxmlformats.org/officeDocument/2006/relationships" xmlns:main="http://schemas.openxmlformats.org/spreadsheetml/2006/main">
  <main:c r="A28">
    <main:v>27</main:v>
  </main:c>
  <main:c r="B28">
    <main:v>60003800</main:v>
  </main:c>
  <main:c r="C28" t="s">
    <main:v>15</main:v>
  </main:c>
  <main:c r="D28">
    <main:v>2000</main:v>
  </main:c>
  <main:c r="E28" t="s">
    <main:v>26</main:v>
  </main:c>
  <main:c r="F28" t="s">
    <main:v>27</main:v>
  </main:c>
  <main:c r="G28" t="s">
    <main:v>18</main:v>
  </main:c>
  <main:c r="H28" t="s">
    <main:v>19</main:v>
  </main:c>
  <main:c r="I28" t="s">
    <main:v>20</main:v>
  </main:c>
  <main:c r="J28">
    <main:v>899.31</main:v>
  </main:c>
  <main:c r="K28">
    <main:v>890.3</main:v>
  </main:c>
  <main:c r="L28" t="s">
    <main:v>21</main:v>
  </main:c>
  <main:c r="M28">
    <main:v>1</main:v>
  </main:c>
  <main:c r="N28">
    <main:v>1</main:v>
  </main:c>
  <main:c r="O28" t="s">
    <main:v>22</main:v>
  </main:c>
</xml-fragment>
OutputSheet Object ====> Name: /xl/worksheets/sheet1.xml - Content Type: application/vnd.openxmlformats-officedocument.spreadsheetml.worksheet+xml]]>
    </line>
    <line>
      <![CDATA[RMS:No Category is assigned  for entity dealer-OM01 across exchange across segment across product ]]>
    </line>
    <line>
      <![CDATA[FAIL]]>
    </line>
    <line>
      <![CDATA[../Report1587193861425/HtmlReports/Cancellation_27.html]]>
    </line>
    <line>
      <![CDATA[HyperLink Path ======> ../Report1587193861425/HtmlReports/Cancellation_27.html]]>
    </line>
    <line>
      <![CDATA[../Report1587193861425/HtmlReports/Cancellation_27.html]]>
    </line>
    <line>
      <![CDATA[../Report1587193861425/Screenshots/FreshOrderPlacement_24_1587193948617.png]]>
    </line>
    <line>
      <![CDATA[HyperLink Path ======> ../Report1587193861425/Screenshots/FreshOrderPlacement_24_1587193948617.png]]>
    </line>
    <line>
      <![CDATA[../Report1587193861425/Screenshots/FreshOrderPlacement_24_1587193948617.png]]>
    </line>
    <line>
      <![CDATA[endExecution ================================@> 33
OrderNo ==========@> 28]]>
    </line>
    <line>
      <![CDATA[Order No ========================@> 28
StartExecutionNo =======================@> 24]]>
    </line>
    <line>
      <![CDATA[Scenarion : Fresh Order Placement
Action : New
NewOrderStatus : rejected]]>
    </line>
    <line>
      <![CDATA[<====@@@@ OrderNo in Sheet 28 Action : New @@@@===>]]>
    </line>
    <line>
      <![CDATA[New Order execution Started..........]]>
    </line>
    <line>
      <![CDATA[This is product type ====> NRML]]>
    </line>
    <line>
      <![CDATA[AMO CheckBox checking....]]>
    </line>
    <line>
      <![CDATA[AMO CheckBox does not present]]>
    </line>
    <line>
      <![CDATA[Action ====> New newOrderStatus =====> rejected
RowNo==============> 2]]>
    </line>
    <line>
      <![CDATA[*************<<<<<<<<<<<<Helper class : Output Processor Started>>>>>>>>>>>>>>>>****************]]>
    </line>
    <line>
      <![CDATA[====<<<<< OrderNo in Sheet 11 Action : New >>>>>====]]>
    </line>
    <line>
      <![CDATA[FolderCreation array form execution class ===> [Ljava.lang.String;@7bfbea6]]>
    </line>
    <line>
      <![CDATA[Action ======>  New
NewOrderStatus =====>  rejected]]>
    </line>
    <line>
      <![CDATA[New order status =====> rejected]]>
    </line>
    <line>
      <![CDATA[<====ExtendReporter Constructor===>]]>
    </line>
    <line>
      <![CDATA[Scenario : Fresh Order Placement]]>
    </line>
    <line>
      <![CDATA[Report Path String ../WorkingE/Report1587193861425/HtmlReports/FreshOrderPlacement_11.html]]>
    </line>
    <line>
      <![CDATA[Extend Report Test Name : Order Detail 11]]>
    </line>
    <line>
      <![CDATA[Execution Count :: 3]]>
    </line>
    <line>
      <![CDATA[Execution no ===> 3]]>
    </line>
    <line>
      <![CDATA[*<==== orderDetailProvider Method Start ====>*]]>
    </line>
    <line>
      <![CDATA[===<<<<<*** OrderNo in Sheet 11 Action : New ***>>>>>===>]]>
    </line>
    <line>
      <![CDATA[AMO CheckBox does not present]]>
    </line>
    <line>
      <![CDATA[Action ====> New newOrderStatus =====> rejected
RowNo==============> 5]]>
    </line>
    <line>
      <![CDATA[*************<<<<<<<<<<<<Helper class : Output Processor Started>>>>>>>>>>>>>>>>****************]]>
    </line>
    <line>
      <![CDATA[====<<<<< OrderNo in Sheet 28 Action : New >>>>>====]]>
    </line>
    <line>
      <![CDATA[FolderCreation array form execution class ===> [Ljava.lang.String;@7bfbea6]]>
    </line>
    <line>
      <![CDATA[Action ======>  New
NewOrderStatus =====>  rejected]]>
    </line>
    <line>
      <![CDATA[New order status =====> rejected]]>
    </line>
    <line>
      <![CDATA[<====ExtendReporter Constructor===>]]>
    </line>
    <line>
      <![CDATA[Scenario : Fresh Order Placement]]>
    </line>
    <line>
      <![CDATA[Report Path String ../WorkingE/Report1587193861425/HtmlReports/FreshOrderPlacement_28.html]]>
    </line>
    <line>
      <![CDATA[Extend Report Test Name : Order Detail 28]]>
    </line>
    <line>
      <![CDATA[Execution Count :: 6]]>
    </line>
    <line>
      <![CDATA[Execution no ===> 4]]>
    </line>
    <line>
      <![CDATA[*<==== orderDetailProvider Method Start ====>*]]>
    </line>
    <line>
      <![CDATA[===<<<<<*** OrderNo in Sheet 28 Action : New ***>>>>>===>]]>
    </line>
    <line>
      <![CDATA[Status : rejected]]>
    </line>
    <line>
      <![CDATA[Buy or Sell : BUY]]>
    </line>
    <line>
      <![CDATA[Trading symbol : Accelya Soln India Ltd]]>
    </line>
    <line>
      <![CDATA[Product type : NRML]]>
    </line>
    <line>
      <![CDATA[Order Price : 883.30]]>
    </line>
    <line>
      <![CDATA[Order Type : LIMIT]]>
    </line>
    <line>
      <![CDATA[User Id : OM03]]>
    </line>
    <line>
      <![CDATA[Exchange : NSE]]>
    </line>
    <line>
      <![CDATA[Validity : DAY]]>
    </line>
    <line>
      <![CDATA[Rejection Reasone : RMS:No Category is assigned  for entity dealer-OM03 across exchange across segment across product ]]>
    </line>
    <line>
      <![CDATA[NestId : 200418000000061]]>
    </line>
    <line>
      <![CDATA[Row Nestid string ===> 200418000000061]]>
    </line>
    <line>
      <![CDATA[Nest id : 200418000000061]]>
    </line>
    <line>
      <![CDATA[Order Qty : 1]]>
    </line>
    <line>
      <![CDATA[Status : rejected]]>
    </line>
    <line>
      <![CDATA[Buy or Sell : BUY]]>
    </line>
    <line>
      <![CDATA[Trading symbol : Accelya Soln India Ltd]]>
    </line>
    <line>
      <![CDATA[Product type : NRML]]>
    </line>
    <line>
      <![CDATA[Nest id : 200418000000061]]>
    </line>
    <line>
      <![CDATA[Inside orderDetailProvider method......]]>
    </line>
    <line>
      <![CDATA[OutSide orderDetailProvider method......]]>
    </line>
    <line>
      <![CDATA[<=== passFail Result New 11 ===>]]>
    </line>
    <line>
      <![CDATA[Action Result ===> FAIL
Mod Scenario wise Result ====> NOT MOD]]>
    </line>
    <line>
      <![CDATA[<=== ExtendReporter : Report Start generate New 11 ===>]]>
    </line>
    <line>
      <![CDATA[Capture Screenshot]]>
    </line>
    <line>
      <![CDATA[1587193990902]]>
    </line>
    <line>
      <![CDATA[Extend Log Flush]]>
    </line>
    <line>
      <![CDATA[Reporter path ===> ../WorkingE/Report1587193861425/HtmlReports/FreshOrderPlacement_11.html]]>
    </line>
    <line>
      <![CDATA[Order Price : 900.30]]>
    </line>
    <line>
      <![CDATA[Report Object ==================================================================> com.aventstack.extentreports.ExtentReports@35cdfa1a]]>
    </line>
    <line>
      <![CDATA[Writer Order detail with link in outputExcel]]>
    </line>
    <line>
      <![CDATA[Row Object ====> <xml-fragment r="12" spans="1:15" xmlns:r="http://schemas.openxmlformats.org/officeDocument/2006/relationships" xmlns:main="http://schemas.openxmlformats.org/spreadsheetml/2006/main">
  <main:c r="A12">
    <main:v>11</main:v>
  </main:c>
  <main:c r="B12">
    <main:v>60003800</main:v>
  </main:c>
  <main:c r="C12" t="s">
    <main:v>15</main:v>
  </main:c>
  <main:c r="D12">
    <main:v>2000</main:v>
  </main:c>
  <main:c r="E12" t="s">
    <main:v>16</main:v>
  </main:c>
  <main:c r="F12" t="s">
    <main:v>17</main:v>
  </main:c>
  <main:c r="G12" t="s">
    <main:v>18</main:v>
  </main:c>
  <main:c r="H12" t="s">
    <main:v>19</main:v>
  </main:c>
  <main:c r="I12" t="s">
    <main:v>20</main:v>
  </main:c>
  <main:c r="J12">
    <main:v>883.31</main:v>
  </main:c>
  <main:c r="K12">
    <main:v>890.3</main:v>
  </main:c>
  <main:c r="L12" t="s">
    <main:v>21</main:v>
  </main:c>
  <main:c r="M12">
    <main:v>1</main:v>
  </main:c>
  <main:c r="N12">
    <main:v>1</main:v>
  </main:c>
  <main:c r="O12" t="s">
    <main:v>22</main:v>
  </main:c>
</xml-fragment>
OutputSheet Object ====> Name: /xl/worksheets/sheet1.xml - Content Type: application/vnd.openxmlformats-officedocument.spreadsheetml.worksheet+xml]]>
    </line>
    <line>
      <![CDATA[RMS:No Category is assigned  for entity dealer-OM03 across exchange across segment across product ]]>
    </line>
    <line>
      <![CDATA[FAIL]]>
    </line>
    <line>
      <![CDATA[../Report1587193861425/HtmlReports/FreshOrderPlacement_11.html]]>
    </line>
    <line>
      <![CDATA[HyperLink Path ======> ../Report1587193861425/HtmlReports/FreshOrderPlacement_11.html]]>
    </line>
    <line>
      <![CDATA[../Report1587193861425/HtmlReports/FreshOrderPlacement_11.html]]>
    </line>
    <line>
      <![CDATA[../Report1587193861425/Screenshots/FreshOrderPlacement_11_1587193990902.png]]>
    </line>
    <line>
      <![CDATA[HyperLink Path ======> ../Report1587193861425/Screenshots/FreshOrderPlacement_11_1587193990902.png]]>
    </line>
    <line>
      <![CDATA[../Report1587193861425/Screenshots/FreshOrderPlacement_11_1587193990902.png]]>
    </line>
    <line>
      <![CDATA[11]]>
    </line>
    <line>
      <![CDATA[New]]>
    </line>
    <line>
      <![CDATA[rejected]]>
    </line>
    <line>
      <![CDATA[BUY]]>
    </line>
    <line>
      <![CDATA[Accelya Soln India Ltd]]>
    </line>
    <line>
      <![CDATA[NRML]]>
    </line>
    <line>
      <![CDATA[883.30]]>
    </line>
    <line>
      <![CDATA[LIMIT]]>
    </line>
    <line>
      <![CDATA[OM03]]>
    </line>
    <line>
      <![CDATA[NSE]]>
    </line>
    <line>
      <![CDATA[DAY]]>
    </line>
    <line>
      <![CDATA[200418000000061]]>
    </line>
    <line>
      <![CDATA[1]]>
    </line>
    <line>
      <![CDATA[Partial Qty]]>
    </line>
    <line>
      <![CDATA[RMS:No Category is assigned  for entity dealer-OM03 across exchange across segment across product ]]>
    </line>
    <line>
      <![CDATA[FAIL]]>
    </line>
    <line>
      <![CDATA[../WorkingE/Report1587193861425/HtmlReports/FreshOrderPlacement_11.html]]>
    </line>
    <line>
      <![CDATA[../WorkingE/Report1587193861425/Screenshots/FreshOrderPlacement_11_1587193990902.png]]>
    </line>
    <line>
      <![CDATA[<<==== After if else =========>>]]>
    </line>
    <line>
      <![CDATA[Order no =====>  11
NoRowInTestData =======> 33]]>
    </line>
    <line>
      <![CDATA[endExecution ================================@> 23
OrderNo ==========@> 12]]>
    </line>
    <line>
      <![CDATA[Order No ========================@> 12
StartExecutionNo =======================@> 10]]>
    </line>
    <line>
      <![CDATA[Scenarion : Fresh Order Placement
Action : New
NewOrderStatus : rejected]]>
    </line>
    <line>
      <![CDATA[<====@@@@ OrderNo in Sheet 12 Action : New @@@@===>]]>
    </line>
    <line>
      <![CDATA[New Order execution Started..........]]>
    </line>
    <line>
      <![CDATA[Order Type : LIMIT]]>
    </line>
    <line>
      <![CDATA[User Id : OM01]]>
    </line>
    <line>
      <![CDATA[Exchange : NSE]]>
    </line>
    <line>
      <![CDATA[Validity : DAY]]>
    </line>
    <line>
      <![CDATA[Rejection Reasone : RMS:No Category is assigned  for entity dealer-OM01 across exchange across segment across product ]]>
    </line>
    <line>
      <![CDATA[NestId : 200418000000062]]>
    </line>
    <line>
      <![CDATA[Row Nestid string ===> 200418000000062]]>
    </line>
    <line>
      <![CDATA[Nest id : 200418000000062]]>
    </line>
    <line>
      <![CDATA[Order Qty : 1]]>
    </line>
    <line>
      <![CDATA[Nest id : 200418000000062]]>
    </line>
    <line>
      <![CDATA[Inside orderDetailProvider method......]]>
    </line>
    <line>
      <![CDATA[OutSide orderDetailProvider method......]]>
    </line>
    <line>
      <![CDATA[<=== passFail Result New 28 ===>]]>
    </line>
    <line>
      <![CDATA[Action Result ===> FAIL
Mod Scenario wise Result ====> NOT MOD]]>
    </line>
    <line>
      <![CDATA[<=== ExtendReporter : Report Start generate New 28 ===>]]>
    </line>
    <line>
      <![CDATA[Capture Screenshot]]>
    </line>
    <line>
      <![CDATA[1587193998336]]>
    </line>
    <line>
      <![CDATA[Extend Log Flush]]>
    </line>
    <line>
      <![CDATA[Reporter path ===> ../WorkingE/Report1587193861425/HtmlReports/FreshOrderPlacement_28.html]]>
    </line>
    <line>
      <![CDATA[Report Object ==================================================================> com.aventstack.extentreports.ExtentReports@459fbec5]]>
    </line>
    <line>
      <![CDATA[This is product type ====> NRML]]>
    </line>
    <line>
      <![CDATA[AMO CheckBox checking....]]>
    </line>
    <line>
      <![CDATA[Writer Order detail with link in outputExcel]]>
    </line>
    <line>
      <![CDATA[Row Object ====> <xml-fragment r="29" spans="1:15" xmlns:r="http://schemas.openxmlformats.org/officeDocument/2006/relationships" xmlns:main="http://schemas.openxmlformats.org/spreadsheetml/2006/main">
  <main:c r="A29">
    <main:v>28</main:v>
  </main:c>
  <main:c r="B29">
    <main:v>60003800</main:v>
  </main:c>
  <main:c r="C29" t="s">
    <main:v>15</main:v>
  </main:c>
  <main:c r="D29">
    <main:v>2000</main:v>
  </main:c>
  <main:c r="E29" t="s">
    <main:v>16</main:v>
  </main:c>
  <main:c r="F29" t="s">
    <main:v>17</main:v>
  </main:c>
  <main:c r="G29" t="s">
    <main:v>18</main:v>
  </main:c>
  <main:c r="H29" t="s">
    <main:v>19</main:v>
  </main:c>
  <main:c r="I29" t="s">
    <main:v>20</main:v>
  </main:c>
  <main:c r="J29">
    <main:v>900.31</main:v>
  </main:c>
  <main:c r="K29">
    <main:v>890.3</main:v>
  </main:c>
  <main:c r="L29" t="s">
    <main:v>21</main:v>
  </main:c>
  <main:c r="M29">
    <main:v>1</main:v>
  </main:c>
  <main:c r="N29">
    <main:v>1</main:v>
  </main:c>
  <main:c r="O29" t="s">
    <main:v>22</main:v>
  </main:c>
</xml-fragment>
OutputSheet Object ====> Name: /xl/worksheets/sheet1.xml - Content Type: application/vnd.openxmlformats-officedocument.spreadsheetml.worksheet+xml]]>
    </line>
    <line>
      <![CDATA[RMS:No Category is assigned  for entity dealer-OM01 across exchange across segment across product ]]>
    </line>
    <line>
      <![CDATA[FAIL]]>
    </line>
    <line>
      <![CDATA[../Report1587193861425/HtmlReports/FreshOrderPlacement_28.html]]>
    </line>
    <line>
      <![CDATA[HyperLink Path ======> ../Report1587193861425/HtmlReports/FreshOrderPlacement_28.html]]>
    </line>
    <line>
      <![CDATA[../Report1587193861425/HtmlReports/FreshOrderPlacement_28.html]]>
    </line>
    <line>
      <![CDATA[../Report1587193861425/Screenshots/FreshOrderPlacement_28_1587193998336.png]]>
    </line>
    <line>
      <![CDATA[HyperLink Path ======> ../Report1587193861425/Screenshots/FreshOrderPlacement_28_1587193998336.png]]>
    </line>
    <line>
      <![CDATA[../Report1587193861425/Screenshots/FreshOrderPlacement_28_1587193998336.png]]>
    </line>
    <line>
      <![CDATA[28]]>
    </line>
    <line>
      <![CDATA[New]]>
    </line>
    <line>
      <![CDATA[rejected]]>
    </line>
    <line>
      <![CDATA[BUY]]>
    </line>
    <line>
      <![CDATA[Accelya Soln India Ltd]]>
    </line>
    <line>
      <![CDATA[NRML]]>
    </line>
    <line>
      <![CDATA[900.30]]>
    </line>
    <line>
      <![CDATA[LIMIT]]>
    </line>
    <line>
      <![CDATA[OM01]]>
    </line>
    <line>
      <![CDATA[NSE]]>
    </line>
    <line>
      <![CDATA[DAY]]>
    </line>
    <line>
      <![CDATA[200418000000062]]>
    </line>
    <line>
      <![CDATA[1]]>
    </line>
    <line>
      <![CDATA[Partial Qty]]>
    </line>
    <line>
      <![CDATA[RMS:No Category is assigned  for entity dealer-OM01 across exchange across segment across product ]]>
    </line>
    <line>
      <![CDATA[FAIL]]>
    </line>
    <line>
      <![CDATA[../WorkingE/Report1587193861425/HtmlReports/FreshOrderPlacement_28.html]]>
    </line>
    <line>
      <![CDATA[../WorkingE/Report1587193861425/Screenshots/FreshOrderPlacement_28_1587193998336.png]]>
    </line>
    <line>
      <![CDATA[<<==== After if else =========>>]]>
    </line>
    <line>
      <![CDATA[Order no =====>  28
NoRowInTestData =======> 33]]>
    </line>
    <line>
      <![CDATA[endExecution ================================@> 33
OrderNo ==========@> 29]]>
    </line>
    <line>
      <![CDATA[Order No ========================@> 29
StartExecutionNo =======================@> 24]]>
    </line>
    <line>
      <![CDATA[Scenarion : Modification Qty
Action : MOD
NewOrderStatus : rejected]]>
    </line>
    <line>
      <![CDATA[TestLaunch::Action :: MOD]]>
    </line>
    <line>
      <![CDATA[Action MOD but new order status rejected]]>
    </line>
    <line>
      <![CDATA[Reporter generate for skipped mod and cxl scenario]]>
    </line>
    <line>
      <![CDATA[<====ExtendReporter Constructor===>]]>
    </line>
    <line>
      <![CDATA[Scenario : Modification Qty]]>
    </line>
    <line>
      <![CDATA[Report Path String ../WorkingE/Report1587193861425/HtmlReports/ModificationQty_29.html]]>
    </line>
    <line>
      <![CDATA[Extend Report Test Name : Order Detail 29]]>
    </line>
    <line>
      <![CDATA[Extend Log Flush]]>
    </line>
    <line>
      <![CDATA[Reporter path ===> ../WorkingE/Report1587193861425/HtmlReports/ModificationQty_29.html]]>
    </line>
    <line>
      <![CDATA[Report Object ==================================================================> com.aventstack.extentreports.ExtentReports@6ca78cd3]]>
    </line>
    <line>
      <![CDATA[Writer Order detail with link in outputExcel]]>
    </line>
    <line>
      <![CDATA[Row Object ====> <xml-fragment r="30" spans="1:15" xmlns:r="http://schemas.openxmlformats.org/officeDocument/2006/relationships" xmlns:main="http://schemas.openxmlformats.org/spreadsheetml/2006/main">
  <main:c r="A30">
    <main:v>29</main:v>
  </main:c>
  <main:c r="B30">
    <main:v>60003800</main:v>
  </main:c>
  <main:c r="C30" t="s">
    <main:v>15</main:v>
  </main:c>
  <main:c r="D30">
    <main:v>2000</main:v>
  </main:c>
  <main:c r="E30" t="s">
    <main:v>23</main:v>
  </main:c>
  <main:c r="F30" t="s">
    <main:v>24</main:v>
  </main:c>
  <main:c r="G30" t="s">
    <main:v>18</main:v>
  </main:c>
  <main:c r="H30" t="s">
    <main:v>19</main:v>
  </main:c>
  <main:c r="I30" t="s">
    <main:v>20</main:v>
  </main:c>
  <main:c r="J30">
    <main:v>901.31</main:v>
  </main:c>
  <main:c r="K30">
    <main:v>890.3</main:v>
  </main:c>
  <main:c r="L30" t="s">
    <main:v>21</main:v>
  </main:c>
  <main:c r="M30">
    <main:v>1</main:v>
  </main:c>
  <main:c r="N30">
    <main:v>2</main:v>
  </main:c>
  <main:c r="O30" t="s">
    <main:v>22</main:v>
  </main:c>
</xml-fragment>
OutputSheet Object ====> Name: /xl/worksheets/sheet1.xml - Content Type: application/vnd.openxmlformats-officedocument.spreadsheetml.worksheet+xml]]>
    </line>
    <line>
      <![CDATA[RMS:No Category is assigned  for entity dealer-OM01 across exchange across segment across product ]]>
    </line>
    <line>
      <![CDATA[FAIL]]>
    </line>
    <line>
      <![CDATA[../Report1587193861425/HtmlReports/ModificationQty_29.html]]>
    </line>
    <line>
      <![CDATA[HyperLink Path ======> ../Report1587193861425/HtmlReports/ModificationQty_29.html]]>
    </line>
    <line>
      <![CDATA[../Report1587193861425/HtmlReports/ModificationQty_29.html]]>
    </line>
    <line>
      <![CDATA[../Report1587193861425/Screenshots/FreshOrderPlacement_28_1587193998336.png]]>
    </line>
    <line>
      <![CDATA[HyperLink Path ======> ../Report1587193861425/Screenshots/FreshOrderPlacement_28_1587193998336.png]]>
    </line>
    <line>
      <![CDATA[../Report1587193861425/Screenshots/FreshOrderPlacement_28_1587193998336.png]]>
    </line>
    <line>
      <![CDATA[endExecution ================================@> 33
OrderNo ==========@> 30]]>
    </line>
    <line>
      <![CDATA[Order No ========================@> 30
StartExecutionNo =======================@> 24]]>
    </line>
    <line>
      <![CDATA[Scenarion : Modification Price
Action : MOD
NewOrderStatus : rejected]]>
    </line>
    <line>
      <![CDATA[TestLaunch::Action :: MOD]]>
    </line>
    <line>
      <![CDATA[Action MOD but new order status rejected]]>
    </line>
    <line>
      <![CDATA[Reporter generate for skipped mod and cxl scenario]]>
    </line>
    <line>
      <![CDATA[<====ExtendReporter Constructor===>]]>
    </line>
    <line>
      <![CDATA[Scenario : Modification Price]]>
    </line>
    <line>
      <![CDATA[Report Path String ../WorkingE/Report1587193861425/HtmlReports/ModificationPrice_30.html]]>
    </line>
    <line>
      <![CDATA[Extend Report Test Name : Order Detail 30]]>
    </line>
    <line>
      <![CDATA[Extend Log Flush]]>
    </line>
    <line>
      <![CDATA[Reporter path ===> ../WorkingE/Report1587193861425/HtmlReports/ModificationPrice_30.html]]>
    </line>
    <line>
      <![CDATA[Report Object ==================================================================> com.aventstack.extentreports.ExtentReports@4e074190]]>
    </line>
    <line>
      <![CDATA[Writer Order detail with link in outputExcel]]>
    </line>
    <line>
      <![CDATA[Row Object ====> <xml-fragment r="31" spans="1:15" xmlns:r="http://schemas.openxmlformats.org/officeDocument/2006/relationships" xmlns:main="http://schemas.openxmlformats.org/spreadsheetml/2006/main">
  <main:c r="A31">
    <main:v>30</main:v>
  </main:c>
  <main:c r="B31">
    <main:v>60003800</main:v>
  </main:c>
  <main:c r="C31" t="s">
    <main:v>15</main:v>
  </main:c>
  <main:c r="D31">
    <main:v>2000</main:v>
  </main:c>
  <main:c r="E31" t="s">
    <main:v>23</main:v>
  </main:c>
  <main:c r="F31" t="s">
    <main:v>25</main:v>
  </main:c>
  <main:c r="G31" t="s">
    <main:v>18</main:v>
  </main:c>
  <main:c r="H31" t="s">
    <main:v>19</main:v>
  </main:c>
  <main:c r="I31" t="s">
    <main:v>20</main:v>
  </main:c>
  <main:c r="J31">
    <main:v>902.31</main:v>
  </main:c>
  <main:c r="K31">
    <main:v>890.3</main:v>
  </main:c>
  <main:c r="L31" t="s">
    <main:v>21</main:v>
  </main:c>
  <main:c r="M31">
    <main:v>1</main:v>
  </main:c>
  <main:c r="N31">
    <main:v>2</main:v>
  </main:c>
  <main:c r="O31" t="s">
    <main:v>22</main:v>
  </main:c>
</xml-fragment>
OutputSheet Object ====> Name: /xl/worksheets/sheet1.xml - Content Type: application/vnd.openxmlformats-officedocument.spreadsheetml.worksheet+xml]]>
    </line>
    <line>
      <![CDATA[RMS:No Category is assigned  for entity dealer-OM01 across exchange across segment across product ]]>
    </line>
    <line>
      <![CDATA[FAIL]]>
    </line>
    <line>
      <![CDATA[../Report1587193861425/HtmlReports/ModificationPrice_30.html]]>
    </line>
    <line>
      <![CDATA[HyperLink Path ======> ../Report1587193861425/HtmlReports/ModificationPrice_30.html]]>
    </line>
    <line>
      <![CDATA[../Report1587193861425/HtmlReports/ModificationPrice_30.html]]>
    </line>
    <line>
      <![CDATA[../Report1587193861425/Screenshots/FreshOrderPlacement_28_1587193998336.png]]>
    </line>
    <line>
      <![CDATA[HyperLink Path ======> ../Report1587193861425/Screenshots/FreshOrderPlacement_28_1587193998336.png]]>
    </line>
    <line>
      <![CDATA[../Report1587193861425/Screenshots/FreshOrderPlacement_28_1587193998336.png]]>
    </line>
    <line>
      <![CDATA[endExecution ================================@> 33
OrderNo ==========@> 31]]>
    </line>
    <line>
      <![CDATA[Order No ========================@> 31
StartExecutionNo =======================@> 24]]>
    </line>
    <line>
      <![CDATA[Scenarion : Cancellation
Action : CXL
NewOrderStatus : rejected]]>
    </line>
    <line>
      <![CDATA[Action CXL but new order status rejected]]>
    </line>
    <line>
      <![CDATA[Reporter generate for skipped mod and cxl scenario]]>
    </line>
    <line>
      <![CDATA[<====ExtendReporter Constructor===>]]>
    </line>
    <line>
      <![CDATA[Scenario : Cancellation]]>
    </line>
    <line>
      <![CDATA[Report Path String ../WorkingE/Report1587193861425/HtmlReports/Cancellation_31.html]]>
    </line>
    <line>
      <![CDATA[Extend Report Test Name : Order Detail 31]]>
    </line>
    <line>
      <![CDATA[Extend Log Flush]]>
    </line>
    <line>
      <![CDATA[Reporter path ===> ../WorkingE/Report1587193861425/HtmlReports/Cancellation_31.html]]>
    </line>
    <line>
      <![CDATA[Report Object ==================================================================> com.aventstack.extentreports.ExtentReports@676e57f1]]>
    </line>
    <line>
      <![CDATA[Writer Order detail with link in outputExcel]]>
    </line>
    <line>
      <![CDATA[Row Object ====> <xml-fragment r="32" spans="1:15" xmlns:r="http://schemas.openxmlformats.org/officeDocument/2006/relationships" xmlns:main="http://schemas.openxmlformats.org/spreadsheetml/2006/main">
  <main:c r="A32">
    <main:v>31</main:v>
  </main:c>
  <main:c r="B32">
    <main:v>60003800</main:v>
  </main:c>
  <main:c r="C32" t="s">
    <main:v>15</main:v>
  </main:c>
  <main:c r="D32">
    <main:v>2000</main:v>
  </main:c>
  <main:c r="E32" t="s">
    <main:v>26</main:v>
  </main:c>
  <main:c r="F32" t="s">
    <main:v>27</main:v>
  </main:c>
  <main:c r="G32" t="s">
    <main:v>18</main:v>
  </main:c>
  <main:c r="H32" t="s">
    <main:v>19</main:v>
  </main:c>
  <main:c r="I32" t="s">
    <main:v>20</main:v>
  </main:c>
  <main:c r="J32">
    <main:v>903.31</main:v>
  </main:c>
  <main:c r="K32">
    <main:v>890.3</main:v>
  </main:c>
  <main:c r="L32" t="s">
    <main:v>21</main:v>
  </main:c>
  <main:c r="M32">
    <main:v>1</main:v>
  </main:c>
  <main:c r="N32">
    <main:v>1</main:v>
  </main:c>
  <main:c r="O32" t="s">
    <main:v>22</main:v>
  </main:c>
</xml-fragment>
OutputSheet Object ====> Name: /xl/worksheets/sheet1.xml - Content Type: application/vnd.openxmlformats-officedocument.spreadsheetml.worksheet+xml]]>
    </line>
    <line>
      <![CDATA[RMS:No Category is assigned  for entity dealer-OM01 across exchange across segment across product ]]>
    </line>
    <line>
      <![CDATA[FAIL]]>
    </line>
    <line>
      <![CDATA[../Report1587193861425/HtmlReports/Cancellation_31.html]]>
    </line>
    <line>
      <![CDATA[HyperLink Path ======> ../Report1587193861425/HtmlReports/Cancellation_31.html]]>
    </line>
    <line>
      <![CDATA[../Report1587193861425/HtmlReports/Cancellation_31.html]]>
    </line>
    <line>
      <![CDATA[../Report1587193861425/Screenshots/FreshOrderPlacement_28_1587193998336.png]]>
    </line>
    <line>
      <![CDATA[HyperLink Path ======> ../Report1587193861425/Screenshots/FreshOrderPlacement_28_1587193998336.png]]>
    </line>
    <line>
      <![CDATA[../Report1587193861425/Screenshots/FreshOrderPlacement_28_1587193998336.png]]>
    </line>
    <line>
      <![CDATA[endExecution ================================@> 33
OrderNo ==========@> 32]]>
    </line>
    <line>
      <![CDATA[Order No ========================@> 32
StartExecutionNo =======================@> 24]]>
    </line>
    <line>
      <![CDATA[Scenarion : Fresh Order Placement
Action : New
NewOrderStatus : rejected]]>
    </line>
    <line>
      <![CDATA[<====@@@@ OrderNo in Sheet 32 Action : New @@@@===>]]>
    </line>
    <line>
      <![CDATA[New Order execution Started..........]]>
    </line>
    <line>
      <![CDATA[AMO CheckBox does not present]]>
    </line>
    <line>
      <![CDATA[Action ====> New newOrderStatus =====> rejected
RowNo==============> 3]]>
    </line>
    <line>
      <![CDATA[*************<<<<<<<<<<<<Helper class : Output Processor Started>>>>>>>>>>>>>>>>****************]]>
    </line>
    <line>
      <![CDATA[====<<<<< OrderNo in Sheet 12 Action : New >>>>>====]]>
    </line>
    <line>
      <![CDATA[FolderCreation array form execution class ===> [Ljava.lang.String;@7bfbea6]]>
    </line>
    <line>
      <![CDATA[Action ======>  New
NewOrderStatus =====>  rejected]]>
    </line>
    <line>
      <![CDATA[New order status =====> rejected]]>
    </line>
    <line>
      <![CDATA[<====ExtendReporter Constructor===>]]>
    </line>
    <line>
      <![CDATA[Scenario : Fresh Order Placement]]>
    </line>
    <line>
      <![CDATA[Report Path String ../WorkingE/Report1587193861425/HtmlReports/FreshOrderPlacement_12.html]]>
    </line>
    <line>
      <![CDATA[Extend Report Test Name : Order Detail 12]]>
    </line>
    <line>
      <![CDATA[Execution Count :: 4]]>
    </line>
    <line>
      <![CDATA[Execution no ===> 5]]>
    </line>
    <line>
      <![CDATA[*<==== orderDetailProvider Method Start ====>*]]>
    </line>
    <line>
      <![CDATA[===<<<<<*** OrderNo in Sheet 12 Action : New ***>>>>>===>]]>
    </line>
    <line>
      <![CDATA[This is product type ====> NRML]]>
    </line>
    <line>
      <![CDATA[AMO CheckBox checking....]]>
    </line>
    <line>
      <![CDATA[AMO CheckBox does not present]]>
    </line>
    <line>
      <![CDATA[Action ====> New newOrderStatus =====> rejected
RowNo==============> 9]]>
    </line>
    <line>
      <![CDATA[*************<<<<<<<<<<<<Helper class : Output Processor Started>>>>>>>>>>>>>>>>****************]]>
    </line>
    <line>
      <![CDATA[====<<<<< OrderNo in Sheet 32 Action : New >>>>>====]]>
    </line>
    <line>
      <![CDATA[FolderCreation array form execution class ===> [Ljava.lang.String;@7bfbea6]]>
    </line>
    <line>
      <![CDATA[Action ======>  New
NewOrderStatus =====>  rejected]]>
    </line>
    <line>
      <![CDATA[New order status =====> rejected]]>
    </line>
    <line>
      <![CDATA[<====ExtendReporter Constructor===>]]>
    </line>
    <line>
      <![CDATA[Scenario : Fresh Order Placement]]>
    </line>
    <line>
      <![CDATA[Report Path String ../WorkingE/Report1587193861425/HtmlReports/FreshOrderPlacement_32.html]]>
    </line>
    <line>
      <![CDATA[Extend Report Test Name : Order Detail 32]]>
    </line>
    <line>
      <![CDATA[Execution Count :: 10]]>
    </line>
    <line>
      <![CDATA[Execution no ===> 6]]>
    </line>
    <line>
      <![CDATA[*<==== orderDetailProvider Method Start ====>*]]>
    </line>
    <line>
      <![CDATA[===<<<<<*** OrderNo in Sheet 32 Action : New ***>>>>>===>]]>
    </line>
    <line>
      <![CDATA[Status : rejected]]>
    </line>
    <line>
      <![CDATA[Buy or Sell : BUY]]>
    </line>
    <line>
      <![CDATA[Trading symbol : Accelya Soln India Ltd]]>
    </line>
    <line>
      <![CDATA[Product type : NRML]]>
    </line>
    <line>
      <![CDATA[Order Price : 884.30]]>
    </line>
    <line>
      <![CDATA[Order Type : LIMIT]]>
    </line>
    <line>
      <![CDATA[User Id : OM03]]>
    </line>
    <line>
      <![CDATA[Exchange : NSE]]>
    </line>
    <line>
      <![CDATA[Validity : DAY]]>
    </line>
    <line>
      <![CDATA[Rejection Reasone : RMS:No Category is assigned  for entity dealer-OM03 across exchange across segment across product ]]>
    </line>
    <line>
      <![CDATA[NestId : 200418000000063]]>
    </line>
    <line>
      <![CDATA[Row Nestid string ===> 200418000000063]]>
    </line>
    <line>
      <![CDATA[Nest id : 200418000000063]]>
    </line>
    <line>
      <![CDATA[Order Qty : 1]]>
    </line>
    <line>
      <![CDATA[Nest id : 200418000000063]]>
    </line>
    <line>
      <![CDATA[Inside orderDetailProvider method......]]>
    </line>
    <line>
      <![CDATA[OutSide orderDetailProvider method......]]>
    </line>
    <line>
      <![CDATA[<=== passFail Result New 12 ===>]]>
    </line>
    <line>
      <![CDATA[Action Result ===> FAIL
Mod Scenario wise Result ====> NOT MOD]]>
    </line>
    <line>
      <![CDATA[<=== ExtendReporter : Report Start generate New 12 ===>]]>
    </line>
    <line>
      <![CDATA[Capture Screenshot]]>
    </line>
    <line>
      <![CDATA[1587194034583]]>
    </line>
    <line>
      <![CDATA[Extend Log Flush]]>
    </line>
    <line>
      <![CDATA[Reporter path ===> ../WorkingE/Report1587193861425/HtmlReports/FreshOrderPlacement_12.html]]>
    </line>
    <line>
      <![CDATA[Report Object ==================================================================> com.aventstack.extentreports.ExtentReports@2b8071bf]]>
    </line>
    <line>
      <![CDATA[Writer Order detail with link in outputExcel]]>
    </line>
    <line>
      <![CDATA[Row Object ====> <xml-fragment r="13" spans="1:15" xmlns:r="http://schemas.openxmlformats.org/officeDocument/2006/relationships" xmlns:main="http://schemas.openxmlformats.org/spreadsheetml/2006/main">
  <main:c r="A13">
    <main:v>12</main:v>
  </main:c>
  <main:c r="B13">
    <main:v>60003800</main:v>
  </main:c>
  <main:c r="C13" t="s">
    <main:v>15</main:v>
  </main:c>
  <main:c r="D13">
    <main:v>2000</main:v>
  </main:c>
  <main:c r="E13" t="s">
    <main:v>16</main:v>
  </main:c>
  <main:c r="F13" t="s">
    <main:v>17</main:v>
  </main:c>
  <main:c r="G13" t="s">
    <main:v>18</main:v>
  </main:c>
  <main:c r="H13" t="s">
    <main:v>19</main:v>
  </main:c>
  <main:c r="I13" t="s">
    <main:v>20</main:v>
  </main:c>
  <main:c r="J13">
    <main:v>884.31</main:v>
  </main:c>
  <main:c r="K13">
    <main:v>890.3</main:v>
  </main:c>
  <main:c r="L13" t="s">
    <main:v>21</main:v>
  </main:c>
  <main:c r="M13">
    <main:v>1</main:v>
  </main:c>
  <main:c r="N13">
    <main:v>1</main:v>
  </main:c>
  <main:c r="O13" t="s">
    <main:v>22</main:v>
  </main:c>
</xml-fragment>
OutputSheet Object ====> Name: /xl/worksheets/sheet1.xml - Content Type: application/vnd.openxmlformats-officedocument.spreadsheetml.worksheet+xml]]>
    </line>
    <line>
      <![CDATA[RMS:No Category is assigned  for entity dealer-OM03 across exchange across segment across product ]]>
    </line>
    <line>
      <![CDATA[FAIL]]>
    </line>
    <line>
      <![CDATA[../Report1587193861425/HtmlReports/FreshOrderPlacement_12.html]]>
    </line>
    <line>
      <![CDATA[HyperLink Path ======> ../Report1587193861425/HtmlReports/FreshOrderPlacement_12.html]]>
    </line>
    <line>
      <![CDATA[../Report1587193861425/HtmlReports/FreshOrderPlacement_12.html]]>
    </line>
    <line>
      <![CDATA[../Report1587193861425/Screenshots/FreshOrderPlacement_12_1587194034583.png]]>
    </line>
    <line>
      <![CDATA[HyperLink Path ======> ../Report1587193861425/Screenshots/FreshOrderPlacement_12_1587194034583.png]]>
    </line>
    <line>
      <![CDATA[../Report1587193861425/Screenshots/FreshOrderPlacement_12_1587194034583.png]]>
    </line>
    <line>
      <![CDATA[12]]>
    </line>
    <line>
      <![CDATA[New]]>
    </line>
    <line>
      <![CDATA[rejected]]>
    </line>
    <line>
      <![CDATA[BUY]]>
    </line>
    <line>
      <![CDATA[Accelya Soln India Ltd]]>
    </line>
    <line>
      <![CDATA[NRML]]>
    </line>
    <line>
      <![CDATA[884.30]]>
    </line>
    <line>
      <![CDATA[LIMIT]]>
    </line>
    <line>
      <![CDATA[OM03]]>
    </line>
    <line>
      <![CDATA[NSE]]>
    </line>
    <line>
      <![CDATA[DAY]]>
    </line>
    <line>
      <![CDATA[200418000000063]]>
    </line>
    <line>
      <![CDATA[1]]>
    </line>
    <line>
      <![CDATA[Partial Qty]]>
    </line>
    <line>
      <![CDATA[RMS:No Category is assigned  for entity dealer-OM03 across exchange across segment across product ]]>
    </line>
    <line>
      <![CDATA[FAIL]]>
    </line>
    <line>
      <![CDATA[../WorkingE/Report1587193861425/HtmlReports/FreshOrderPlacement_12.html]]>
    </line>
    <line>
      <![CDATA[../WorkingE/Report1587193861425/Screenshots/FreshOrderPlacement_12_1587194034583.png]]>
    </line>
    <line>
      <![CDATA[<<==== After if else =========>>]]>
    </line>
    <line>
      <![CDATA[Order no =====>  12
NoRowInTestData =======> 33]]>
    </line>
    <line>
      <![CDATA[endExecution ================================@> 23
OrderNo ==========@> 13]]>
    </line>
    <line>
      <![CDATA[Order No ========================@> 13
StartExecutionNo =======================@> 10]]>
    </line>
    <line>
      <![CDATA[Scenarion : Modification Qty
Action : MOD
NewOrderStatus : rejected]]>
    </line>
    <line>
      <![CDATA[TestLaunch::Action :: MOD]]>
    </line>
    <line>
      <![CDATA[Action MOD but new order status rejected]]>
    </line>
    <line>
      <![CDATA[Reporter generate for skipped mod and cxl scenario]]>
    </line>
    <line>
      <![CDATA[<====ExtendReporter Constructor===>]]>
    </line>
    <line>
      <![CDATA[Scenario : Modification Qty]]>
    </line>
    <line>
      <![CDATA[Report Path String ../WorkingE/Report1587193861425/HtmlReports/ModificationQty_13.html]]>
    </line>
    <line>
      <![CDATA[Extend Report Test Name : Order Detail 13]]>
    </line>
    <line>
      <![CDATA[Extend Log Flush]]>
    </line>
    <line>
      <![CDATA[Reporter path ===> ../WorkingE/Report1587193861425/HtmlReports/ModificationQty_13.html]]>
    </line>
    <line>
      <![CDATA[Report Object ==================================================================> com.aventstack.extentreports.ExtentReports@381e4e8f]]>
    </line>
    <line>
      <![CDATA[Status : rejected]]>
    </line>
    <line>
      <![CDATA[Buy or Sell : BUY]]>
    </line>
    <line>
      <![CDATA[Trading symbol : Accelya Soln India Ltd]]>
    </line>
    <line>
      <![CDATA[Product type : NRML]]>
    </line>
    <line>
      <![CDATA[Writer Order detail with link in outputExcel]]>
    </line>
    <line>
      <![CDATA[Row Object ====> <xml-fragment r="14" spans="1:15" xmlns:r="http://schemas.openxmlformats.org/officeDocument/2006/relationships" xmlns:main="http://schemas.openxmlformats.org/spreadsheetml/2006/main">
  <main:c r="A14">
    <main:v>13</main:v>
  </main:c>
  <main:c r="B14">
    <main:v>60003800</main:v>
  </main:c>
  <main:c r="C14" t="s">
    <main:v>15</main:v>
  </main:c>
  <main:c r="D14">
    <main:v>2000</main:v>
  </main:c>
  <main:c r="E14" t="s">
    <main:v>23</main:v>
  </main:c>
  <main:c r="F14" t="s">
    <main:v>24</main:v>
  </main:c>
  <main:c r="G14" t="s">
    <main:v>18</main:v>
  </main:c>
  <main:c r="H14" t="s">
    <main:v>19</main:v>
  </main:c>
  <main:c r="I14" t="s">
    <main:v>20</main:v>
  </main:c>
  <main:c r="J14">
    <main:v>885.31</main:v>
  </main:c>
  <main:c r="K14">
    <main:v>890.3</main:v>
  </main:c>
  <main:c r="L14" t="s">
    <main:v>21</main:v>
  </main:c>
  <main:c r="M14">
    <main:v>1</main:v>
  </main:c>
  <main:c r="N14">
    <main:v>2</main:v>
  </main:c>
  <main:c r="O14" t="s">
    <main:v>22</main:v>
  </main:c>
</xml-fragment>
OutputSheet Object ====> Name: /xl/worksheets/sheet1.xml - Content Type: application/vnd.openxmlformats-officedocument.spreadsheetml.worksheet+xml]]>
    </line>
    <line>
      <![CDATA[RMS:No Category is assigned  for entity dealer-OM03 across exchange across segment across product ]]>
    </line>
    <line>
      <![CDATA[FAIL]]>
    </line>
    <line>
      <![CDATA[../Report1587193861425/HtmlReports/ModificationQty_13.html]]>
    </line>
    <line>
      <![CDATA[HyperLink Path ======> ../Report1587193861425/HtmlReports/ModificationQty_13.html]]>
    </line>
    <line>
      <![CDATA[../Report1587193861425/HtmlReports/ModificationQty_13.html]]>
    </line>
    <line>
      <![CDATA[../Report1587193861425/Screenshots/FreshOrderPlacement_12_1587194034583.png]]>
    </line>
    <line>
      <![CDATA[HyperLink Path ======> ../Report1587193861425/Screenshots/FreshOrderPlacement_12_1587194034583.png]]>
    </line>
    <line>
      <![CDATA[../Report1587193861425/Screenshots/FreshOrderPlacement_12_1587194034583.png]]>
    </line>
    <line>
      <![CDATA[endExecution ================================@> 23
OrderNo ==========@> 14]]>
    </line>
    <line>
      <![CDATA[Order No ========================@> 14
StartExecutionNo =======================@> 10]]>
    </line>
    <line>
      <![CDATA[Scenarion : Modification Price
Action : MOD
NewOrderStatus : rejected]]>
    </line>
    <line>
      <![CDATA[TestLaunch::Action :: MOD]]>
    </line>
    <line>
      <![CDATA[Action MOD but new order status rejected]]>
    </line>
    <line>
      <![CDATA[Reporter generate for skipped mod and cxl scenario]]>
    </line>
    <line>
      <![CDATA[<====ExtendReporter Constructor===>]]>
    </line>
    <line>
      <![CDATA[Scenario : Modification Price]]>
    </line>
    <line>
      <![CDATA[Report Path String ../WorkingE/Report1587193861425/HtmlReports/ModificationPrice_14.html]]>
    </line>
    <line>
      <![CDATA[Extend Report Test Name : Order Detail 14]]>
    </line>
    <line>
      <![CDATA[Extend Log Flush]]>
    </line>
    <line>
      <![CDATA[Reporter path ===> ../WorkingE/Report1587193861425/HtmlReports/ModificationPrice_14.html]]>
    </line>
    <line>
      <![CDATA[Report Object ==================================================================> com.aventstack.extentreports.ExtentReports@7cc8a57b]]>
    </line>
    <line>
      <![CDATA[Order Price : 904.30]]>
    </line>
    <line>
      <![CDATA[Writer Order detail with link in outputExcel]]>
    </line>
    <line>
      <![CDATA[Row Object ====> <xml-fragment r="15" spans="1:15" xmlns:r="http://schemas.openxmlformats.org/officeDocument/2006/relationships" xmlns:main="http://schemas.openxmlformats.org/spreadsheetml/2006/main">
  <main:c r="A15">
    <main:v>14</main:v>
  </main:c>
  <main:c r="B15">
    <main:v>60003800</main:v>
  </main:c>
  <main:c r="C15" t="s">
    <main:v>15</main:v>
  </main:c>
  <main:c r="D15">
    <main:v>2000</main:v>
  </main:c>
  <main:c r="E15" t="s">
    <main:v>23</main:v>
  </main:c>
  <main:c r="F15" t="s">
    <main:v>25</main:v>
  </main:c>
  <main:c r="G15" t="s">
    <main:v>18</main:v>
  </main:c>
  <main:c r="H15" t="s">
    <main:v>19</main:v>
  </main:c>
  <main:c r="I15" t="s">
    <main:v>20</main:v>
  </main:c>
  <main:c r="J15">
    <main:v>886.31</main:v>
  </main:c>
  <main:c r="K15">
    <main:v>890.3</main:v>
  </main:c>
  <main:c r="L15" t="s">
    <main:v>21</main:v>
  </main:c>
  <main:c r="M15">
    <main:v>1</main:v>
  </main:c>
  <main:c r="N15">
    <main:v>2</main:v>
  </main:c>
  <main:c r="O15" t="s">
    <main:v>22</main:v>
  </main:c>
</xml-fragment>
OutputSheet Object ====> Name: /xl/worksheets/sheet1.xml - Content Type: application/vnd.openxmlformats-officedocument.spreadsheetml.worksheet+xml]]>
    </line>
    <line>
      <![CDATA[RMS:No Category is assigned  for entity dealer-OM03 across exchange across segment across product ]]>
    </line>
    <line>
      <![CDATA[FAIL]]>
    </line>
    <line>
      <![CDATA[../Report1587193861425/HtmlReports/ModificationPrice_14.html]]>
    </line>
    <line>
      <![CDATA[HyperLink Path ======> ../Report1587193861425/HtmlReports/ModificationPrice_14.html]]>
    </line>
    <line>
      <![CDATA[../Report1587193861425/HtmlReports/ModificationPrice_14.html]]>
    </line>
    <line>
      <![CDATA[../Report1587193861425/Screenshots/FreshOrderPlacement_12_1587194034583.png]]>
    </line>
    <line>
      <![CDATA[HyperLink Path ======> ../Report1587193861425/Screenshots/FreshOrderPlacement_12_1587194034583.png]]>
    </line>
    <line>
      <![CDATA[../Report1587193861425/Screenshots/FreshOrderPlacement_12_1587194034583.png]]>
    </line>
    <line>
      <![CDATA[endExecution ================================@> 23
OrderNo ==========@> 15]]>
    </line>
    <line>
      <![CDATA[Order No ========================@> 15
StartExecutionNo =======================@> 10]]>
    </line>
    <line>
      <![CDATA[Scenarion : Cancellation
Action : CXL
NewOrderStatus : rejected]]>
    </line>
    <line>
      <![CDATA[Action CXL but new order status rejected]]>
    </line>
    <line>
      <![CDATA[Reporter generate for skipped mod and cxl scenario]]>
    </line>
    <line>
      <![CDATA[<====ExtendReporter Constructor===>]]>
    </line>
    <line>
      <![CDATA[Scenario : Cancellation]]>
    </line>
    <line>
      <![CDATA[Report Path String ../WorkingE/Report1587193861425/HtmlReports/Cancellation_15.html]]>
    </line>
    <line>
      <![CDATA[Extend Report Test Name : Order Detail 15]]>
    </line>
    <line>
      <![CDATA[Extend Log Flush]]>
    </line>
    <line>
      <![CDATA[Reporter path ===> ../WorkingE/Report1587193861425/HtmlReports/Cancellation_15.html]]>
    </line>
    <line>
      <![CDATA[Report Object ==================================================================> com.aventstack.extentreports.ExtentReports@d239ca3]]>
    </line>
    <line>
      <![CDATA[Order Type : LIMIT]]>
    </line>
    <line>
      <![CDATA[User Id : OM01]]>
    </line>
    <line>
      <![CDATA[Exchange : NSE]]>
    </line>
    <line>
      <![CDATA[Validity : DAY]]>
    </line>
    <line>
      <![CDATA[Rejection Reasone : RMS:No Category is assigned  for entity dealer-OM01 across exchange across segment across product ]]>
    </line>
    <line>
      <![CDATA[NestId : 200418000000064]]>
    </line>
    <line>
      <![CDATA[Row Nestid string ===> 200418000000064]]>
    </line>
    <line>
      <![CDATA[Nest id : 200418000000064]]>
    </line>
    <line>
      <![CDATA[Order Qty : 1]]>
    </line>
    <line>
      <![CDATA[Writer Order detail with link in outputExcel]]>
    </line>
    <line>
      <![CDATA[Row Object ====> <xml-fragment r="16" spans="1:15" xmlns:r="http://schemas.openxmlformats.org/officeDocument/2006/relationships" xmlns:main="http://schemas.openxmlformats.org/spreadsheetml/2006/main">
  <main:c r="A16">
    <main:v>15</main:v>
  </main:c>
  <main:c r="B16">
    <main:v>60003800</main:v>
  </main:c>
  <main:c r="C16" t="s">
    <main:v>15</main:v>
  </main:c>
  <main:c r="D16">
    <main:v>2000</main:v>
  </main:c>
  <main:c r="E16" t="s">
    <main:v>26</main:v>
  </main:c>
  <main:c r="F16" t="s">
    <main:v>27</main:v>
  </main:c>
  <main:c r="G16" t="s">
    <main:v>18</main:v>
  </main:c>
  <main:c r="H16" t="s">
    <main:v>19</main:v>
  </main:c>
  <main:c r="I16" t="s">
    <main:v>20</main:v>
  </main:c>
  <main:c r="J16">
    <main:v>887.31</main:v>
  </main:c>
  <main:c r="K16">
    <main:v>890.3</main:v>
  </main:c>
  <main:c r="L16" t="s">
    <main:v>21</main:v>
  </main:c>
  <main:c r="M16">
    <main:v>1</main:v>
  </main:c>
  <main:c r="N16">
    <main:v>1</main:v>
  </main:c>
  <main:c r="O16" t="s">
    <main:v>22</main:v>
  </main:c>
</xml-fragment>
OutputSheet Object ====> Name: /xl/worksheets/sheet1.xml - Content Type: application/vnd.openxmlformats-officedocument.spreadsheetml.worksheet+xml]]>
    </line>
    <line>
      <![CDATA[RMS:No Category is assigned  for entity dealer-OM03 across exchange across segment across product ]]>
    </line>
    <line>
      <![CDATA[FAIL]]>
    </line>
    <line>
      <![CDATA[../Report1587193861425/HtmlReports/Cancellation_15.html]]>
    </line>
    <line>
      <![CDATA[HyperLink Path ======> ../Report1587193861425/HtmlReports/Cancellation_15.html]]>
    </line>
    <line>
[...]
              <![CDATA[*************<<<<<<<<<<<<Helper class : Output Processor Started>>>>>>>>>>>>>>>>****************]]>
            </line>
            <line>
              <![CDATA[====<<<<< OrderNo in Sheet 32 Action : New >>>>>====]]>
            </line>
            <line>
              <![CDATA[FolderCreation array form execution class ===> [Ljava.lang.String;@7bfbea6]]>
            </line>
            <line>
              <![CDATA[Action ======>  New
NewOrderStatus =====>  rejected]]>
            </line>
            <line>
              <![CDATA[New order status =====> rejected]]>
            </line>
            <line>
              <![CDATA[<====ExtendReporter Constructor===>]]>
            </line>
            <line>
              <![CDATA[Scenario : Fresh Order Placement]]>
            </line>
            <line>
              <![CDATA[Report Path String ../WorkingE/Report1587193861425/HtmlReports/FreshOrderPlacement_32.html]]>
            </line>
            <line>
              <![CDATA[Extend Report Test Name : Order Detail 32]]>
            </line>
            <line>
              <![CDATA[Execution Count :: 10]]>
            </line>
            <line>
              <![CDATA[Execution no ===> 6]]>
            </line>
            <line>
              <![CDATA[*<==== orderDetailProvider Method Start ====>*]]>
            </line>
            <line>
              <![CDATA[===<<<<<*** OrderNo in Sheet 32 Action : New ***>>>>>===>]]>
            </line>
            <line>
              <![CDATA[Status : rejected]]>
            </line>
            <line>
              <![CDATA[Buy or Sell : BUY]]>
            </line>
            <line>
              <![CDATA[Trading symbol : Accelya Soln India Ltd]]>
            </line>
            <line>
              <![CDATA[Product type : NRML]]>
            </line>
            <line>
              <![CDATA[Order Price : 904.30]]>
            </line>
            <line>
              <![CDATA[Order Type : LIMIT]]>
            </line>
            <line>
              <![CDATA[User Id : OM01]]>
            </line>
            <line>
              <![CDATA[Exchange : NSE]]>
            </line>
            <line>
              <![CDATA[Validity : DAY]]>
            </line>
            <line>
              <![CDATA[Rejection Reasone : RMS:No Category is assigned  for entity dealer-OM01 across exchange across segment across product ]]>
            </line>
            <line>
              <![CDATA[NestId : 200418000000064]]>
            </line>
            <line>
              <![CDATA[Row Nestid string ===> 200418000000064]]>
            </line>
            <line>
              <![CDATA[Nest id : 200418000000064]]>
            </line>
            <line>
              <![CDATA[Order Qty : 1]]>
            </line>
            <line>
              <![CDATA[Nest id : 200418000000064]]>
            </line>
            <line>
              <![CDATA[Inside orderDetailProvider method......]]>
            </line>
            <line>
              <![CDATA[OutSide orderDetailProvider method......]]>
            </line>
            <line>
              <![CDATA[<=== passFail Result New 32 ===>]]>
            </line>
            <line>
              <![CDATA[Action Result ===> FAIL
Mod Scenario wise Result ====> NOT MOD]]>
            </line>
            <line>
              <![CDATA[<=== ExtendReporter : Report Start generate New 32 ===>]]>
            </line>
            <line>
              <![CDATA[Capture Screenshot]]>
            </line>
            <line>
              <![CDATA[1587194047699]]>
            </line>
            <line>
              <![CDATA[Extend Log Flush]]>
            </line>
            <line>
              <![CDATA[Reporter path ===> ../WorkingE/Report1587193861425/HtmlReports/FreshOrderPlacement_32.html]]>
            </line>
            <line>
              <![CDATA[Report Object ==================================================================> com.aventstack.extentreports.ExtentReports@388ede04]]>
            </line>
            <line>
              <![CDATA[Writer Order detail with link in outputExcel]]>
            </line>
            <line>
              <![CDATA[Row Object ====> <xml-fragment r="33" spans="1:15" xmlns:r="http://schemas.openxmlformats.org/officeDocument/2006/relationships" xmlns:main="http://schemas.openxmlformats.org/spreadsheetml/2006/main">
  <main:c r="A33">
    <main:v>32</main:v>
  </main:c>
  <main:c r="B33">
    <main:v>60003800</main:v>
  </main:c>
  <main:c r="C33" t="s">
    <main:v>15</main:v>
  </main:c>
  <main:c r="D33">
    <main:v>2000</main:v>
  </main:c>
  <main:c r="E33" t="s">
    <main:v>16</main:v>
  </main:c>
  <main:c r="F33" t="s">
    <main:v>17</main:v>
  </main:c>
  <main:c r="G33" t="s">
    <main:v>18</main:v>
  </main:c>
  <main:c r="H33" t="s">
    <main:v>19</main:v>
  </main:c>
  <main:c r="I33" t="s">
    <main:v>20</main:v>
  </main:c>
  <main:c r="J33">
    <main:v>904.31</main:v>
  </main:c>
  <main:c r="K33">
    <main:v>890.3</main:v>
  </main:c>
  <main:c r="L33" t="s">
    <main:v>21</main:v>
  </main:c>
  <main:c r="M33">
    <main:v>1</main:v>
  </main:c>
  <main:c r="N33">
    <main:v>1</main:v>
  </main:c>
  <main:c r="O33" t="s">
    <main:v>22</main:v>
  </main:c>
</xml-fragment>
OutputSheet Object ====> Name: /xl/worksheets/sheet1.xml - Content Type: application/vnd.openxmlformats-officedocument.spreadsheetml.worksheet+xml]]>
            </line>
            <line>
              <![CDATA[RMS:No Category is assigned  for entity dealer-OM01 across exchange across segment across product ]]>
            </line>
            <line>
              <![CDATA[FAIL]]>
            </line>
            <line>
              <![CDATA[../Report1587193861425/HtmlReports/FreshOrderPlacement_32.html]]>
            </line>
            <line>
              <![CDATA[HyperLink Path ======> ../Report1587193861425/HtmlReports/FreshOrderPlacement_32.html]]>
            </line>
            <line>
              <![CDATA[../Report1587193861425/HtmlReports/FreshOrderPlacement_32.html]]>
            </line>
            <line>
              <![CDATA[../Report1587193861425/Screenshots/FreshOrderPlacement_32_1587194047699.png]]>
            </line>
            <line>
              <![CDATA[HyperLink Path ======> ../Report1587193861425/Screenshots/FreshOrderPlacement_32_1587194047699.png]]>
            </line>
            <line>
              <![CDATA[../Report1587193861425/Screenshots/FreshOrderPlacement_32_1587194047699.png]]>
            </line>
            <line>
              <![CDATA[32]]>
            </line>
            <line>
              <![CDATA[New]]>
            </line>
            <line>
              <![CDATA[rejected]]>
            </line>
            <line>
              <![CDATA[BUY]]>
            </line>
            <line>
              <![CDATA[Accelya Soln India Ltd]]>
            </line>
            <line>
              <![CDATA[NRML]]>
            </line>
            <line>
              <![CDATA[904.30]]>
            </line>
            <line>
              <![CDATA[LIMIT]]>
            </line>
            <line>
              <![CDATA[OM01]]>
            </line>
            <line>
              <![CDATA[NSE]]>
            </line>
            <line>
              <![CDATA[DAY]]>
            </line>
            <line>
              <![CDATA[200418000000064]]>
            </line>
            <line>
              <![CDATA[1]]>
            </line>
            <line>
              <![CDATA[Partial Qty]]>
            </line>
            <line>
              <![CDATA[RMS:No Category is assigned  for entity dealer-OM01 across exchange across segment across product ]]>
            </line>
            <line>
              <![CDATA[FAIL]]>
            </line>
            <line>
              <![CDATA[../WorkingE/Report1587193861425/HtmlReports/FreshOrderPlacement_32.html]]>
            </line>
            <line>
              <![CDATA[../WorkingE/Report1587193861425/Screenshots/FreshOrderPlacement_32_1587194047699.png]]>
            </line>
            <line>
              <![CDATA[<<==== After if else =========>>]]>
            </line>
            <line>
              <![CDATA[Order no =====>  32
NoRowInTestData =======> 33]]>
            </line>
            <line>
              <![CDATA[endExecution ================================@> 33
OrderNo ==========@> 33]]>
            </line>
            <line>
              <![CDATA[Order No ========================@> 33
StartExecutionNo =======================@> 24]]>
            </line>
            <line>
              <![CDATA[Scenarion : Fresh Order Placement
Action : New
NewOrderStatus : rejected]]>
            </line>
            <line>
              <![CDATA[<====@@@@ OrderNo in Sheet 33 Action : New @@@@===>]]>
            </line>
            <line>
              <![CDATA[New Order execution Started..........]]>
            </line>
            <line>
              <![CDATA[This is product type ====> NRML]]>
            </line>
            <line>
              <![CDATA[AMO CheckBox checking....]]>
            </line>
            <line>
              <![CDATA[AMO CheckBox does not present]]>
            </line>
            <line>
              <![CDATA[bugg]]>
            </line>
            <line>
              <![CDATA[Action ====> New newOrderStatus =====> rejected
RowNo==============> 10]]>
            </line>
            <line>
              <![CDATA[*************<<<<<<<<<<<<Helper class : Output Processor Started>>>>>>>>>>>>>>>>****************]]>
            </line>
            <line>
              <![CDATA[====<<<<< OrderNo in Sheet 33 Action : New >>>>>====]]>
            </line>
            <line>
              <![CDATA[FolderCreation array form execution class ===> [Ljava.lang.String;@7bfbea6]]>
            </line>
            <line>
              <![CDATA[Action ======>  New
NewOrderStatus =====>  rejected]]>
            </line>
            <line>
              <![CDATA[New order status =====> rejected]]>
            </line>
            <line>
              <![CDATA[<====ExtendReporter Constructor===>]]>
            </line>
            <line>
              <![CDATA[Scenario : Fresh Order Placement]]>
            </line>
            <line>
              <![CDATA[Report Path String ../WorkingE/Report1587193861425/HtmlReports/FreshOrderPlacement_33.html]]>
            </line>
            <line>
              <![CDATA[Extend Report Test Name : Order Detail 33]]>
            </line>
            <line>
              <![CDATA[Execution Count :: 11]]>
            </line>
            <line>
              <![CDATA[Execution no ===> 8]]>
            </line>
            <line>
              <![CDATA[*<==== orderDetailProvider Method Start ====>*]]>
            </line>
            <line>
              <![CDATA[===<<<<<*** OrderNo in Sheet 33 Action : New ***>>>>>===>]]>
            </line>
            <line>
              <![CDATA[Status : rejected]]>
            </line>
            <line>
              <![CDATA[Buy or Sell : BUY]]>
            </line>
            <line>
              <![CDATA[Trading symbol : Accelya Soln India Ltd]]>
            </line>
            <line>
              <![CDATA[Product type : NRML]]>
            </line>
            <line>
              <![CDATA[Order Price : 905.30]]>
            </line>
            <line>
              <![CDATA[Order Type : LIMIT]]>
            </line>
            <line>
              <![CDATA[User Id : OM01]]>
            </line>
            <line>
              <![CDATA[Exchange : NSE]]>
            </line>
            <line>
              <![CDATA[Validity : DAY]]>
            </line>
            <line>
              <![CDATA[Rejection Reasone : RMS:No Category is assigned  for entity dealer-OM01 across exchange across segment across product ]]>
            </line>
            <line>
              <![CDATA[NestId : 200418000000066]]>
            </line>
            <line>
              <![CDATA[Row Nestid string ===> 200418000000066]]>
            </line>
            <line>
              <![CDATA[Nest id : 200418000000066]]>
            </line>
            <line>
              <![CDATA[Order Qty : 1]]>
            </line>
            <line>
              <![CDATA[Nest id : 200418000000066]]>
            </line>
            <line>
              <![CDATA[Inside orderDetailProvider method......]]>
            </line>
            <line>
              <![CDATA[OutSide orderDetailProvider method......]]>
            </line>
            <line>
              <![CDATA[<=== passFail Result New 33 ===>]]>
            </line>
            <line>
              <![CDATA[Action Result ===> FAIL
Mod Scenario wise Result ====> NOT MOD]]>
            </line>
            <line>
              <![CDATA[<=== ExtendReporter : Report Start generate New 33 ===>]]>
            </line>
            <line>
              <![CDATA[Capture Screenshot]]>
            </line>
            <line>
              <![CDATA[1587194091098]]>
            </line>
            <line>
              <![CDATA[Extend Log Flush]]>
            </line>
            <line>
              <![CDATA[Reporter path ===> ../WorkingE/Report1587193861425/HtmlReports/FreshOrderPlacement_33.html]]>
            </line>
            <line>
              <![CDATA[Report Object ==================================================================> com.aventstack.extentreports.ExtentReports@4a64e43f]]>
            </line>
            <line>
              <![CDATA[Writer Order detail with link in outputExcel]]>
            </line>
            <line>
              <![CDATA[Row Object ====> <xml-fragment r="34" spans="1:15" xmlns:r="http://schemas.openxmlformats.org/officeDocument/2006/relationships" xmlns:main="http://schemas.openxmlformats.org/spreadsheetml/2006/main">
  <main:c r="A34">
    <main:v>33</main:v>
  </main:c>
  <main:c r="B34">
    <main:v>60003800</main:v>
  </main:c>
  <main:c r="C34" t="s">
    <main:v>15</main:v>
  </main:c>
  <main:c r="D34">
    <main:v>2000</main:v>
  </main:c>
  <main:c r="E34" t="s">
    <main:v>16</main:v>
  </main:c>
  <main:c r="F34" t="s">
    <main:v>17</main:v>
  </main:c>
  <main:c r="G34" t="s">
    <main:v>18</main:v>
  </main:c>
  <main:c r="H34" t="s">
    <main:v>19</main:v>
  </main:c>
  <main:c r="I34" t="s">
    <main:v>20</main:v>
  </main:c>
  <main:c r="J34">
    <main:v>905.31</main:v>
  </main:c>
  <main:c r="K34">
    <main:v>890.3</main:v>
  </main:c>
  <main:c r="L34" t="s">
    <main:v>21</main:v>
  </main:c>
  <main:c r="M34">
    <main:v>1</main:v>
  </main:c>
  <main:c r="N34">
    <main:v>1</main:v>
  </main:c>
  <main:c r="O34" t="s">
    <main:v>22</main:v>
  </main:c>
</xml-fragment>
OutputSheet Object ====> Name: /xl/worksheets/sheet1.xml - Content Type: application/vnd.openxmlformats-officedocument.spreadsheetml.worksheet+xml]]>
            </line>
            <line>
              <![CDATA[RMS:No Category is assigned  for entity dealer-OM01 across exchange across segment across product ]]>
            </line>
            <line>
              <![CDATA[FAIL]]>
            </line>
            <line>
              <![CDATA[../Report1587193861425/HtmlReports/FreshOrderPlacement_33.html]]>
            </line>
            <line>
              <![CDATA[HyperLink Path ======> ../Report1587193861425/HtmlReports/FreshOrderPlacement_33.html]]>
            </line>
            <line>
              <![CDATA[../Report1587193861425/HtmlReports/FreshOrderPlacement_33.html]]>
            </line>
            <line>
              <![CDATA[../Report1587193861425/Screenshots/FreshOrderPlacement_33_1587194091098.png]]>
            </line>
            <line>
              <![CDATA[HyperLink Path ======> ../Report1587193861425/Screenshots/FreshOrderPlacement_33_1587194091098.png]]>
            </line>
            <line>
              <![CDATA[../Report1587193861425/Screenshots/FreshOrderPlacement_33_1587194091098.png]]>
            </line>
            <line>
              <![CDATA[33]]>
            </line>
            <line>
              <![CDATA[New]]>
            </line>
            <line>
              <![CDATA[rejected]]>
            </line>
            <line>
              <![CDATA[BUY]]>
            </line>
            <line>
              <![CDATA[Accelya Soln India Ltd]]>
            </line>
            <line>
              <![CDATA[NRML]]>
            </line>
            <line>
              <![CDATA[905.30]]>
            </line>
            <line>
              <![CDATA[LIMIT]]>
            </line>
            <line>
              <![CDATA[OM01]]>
            </line>
            <line>
              <![CDATA[NSE]]>
            </line>
            <line>
              <![CDATA[DAY]]>
            </line>
            <line>
              <![CDATA[200418000000066]]>
            </line>
            <line>
              <![CDATA[1]]>
            </line>
            <line>
              <![CDATA[Partial Qty]]>
            </line>
            <line>
              <![CDATA[RMS:No Category is assigned  for entity dealer-OM01 across exchange across segment across product ]]>
            </line>
            <line>
              <![CDATA[FAIL]]>
            </line>
            <line>
              <![CDATA[../WorkingE/Report1587193861425/HtmlReports/FreshOrderPlacement_33.html]]>
            </line>
            <line>
              <![CDATA[../WorkingE/Report1587193861425/Screenshots/FreshOrderPlacement_33_1587194091098.png]]>
            </line>
            <line>
              <![CDATA[<<==== After if else =========>>]]>
            </line>
            <line>
              <![CDATA[Order no =====>  33
NoRowInTestData =======> 0]]>
            </line>
            <line>
              <![CDATA[<==================@@@@@@@ New order Rejection count no : @@@@@@====================> 4]]>
            </line>
            <line>
              <![CDATA[*************<<<<<<<<<<<<Helper class : Output Processor Started>>>>>>>>>>>>>>>>****************]]>
            </line>
            <line>
              <![CDATA[====<<<<< OrderNo in Sheet null Action : null >>>>>====]]>
            </line>
            <line>
              <![CDATA[FolderCreation array form execution class ===> [Ljava.lang.String;@7bfbea6]]>
            </line>
            <line>
              <![CDATA[****Termination Conditin****]]>
            </line>
            <line>
              <![CDATA[Order no =====>  0
NoRowInTestData =======> 0]]>
            </line>
            <line>
              <![CDATA[Excel file closing...........]]>
            </line>
            <line>
              <![CDATA[ExcelFileClose flag : true]]>
            </line>
            <line>
              <![CDATA[Execution Terminate.... :)]]>
            </line>
            <line>
              <![CDATA[Outside form execution............]]>
            </line>
          </reporter-output>
        </test-method> <!-- execution -->
        <test-method status="PASS" signature="testAfter()[pri:0, instance:com.shreeya.Execution@5ae50ce6]" name="testAfter" is-config="true" duration-ms="0" started-at="2020-04-18T12:44:57 IST" finished-at="2020-04-18T12:44:57 IST">
          <reporter-output>
            <line>
              <![CDATA[End test case execution]]>
            </line>
          </reporter-output>
        </test-method> <!-- testAfter -->
        <test-method status="PASS" signature="endExecution()[pri:0, instance:com.shreeya.Execution@5ae50ce6]" name="endExecution" is-config="true" duration-ms="45" started-at="2020-04-18T12:44:57 IST" finished-at="2020-04-18T12:44:57 IST">
          <reporter-output>
            <line>
              <![CDATA[Folder Path ====> ../WorkingE/Report1587193861425]]>
            </line>
          </reporter-output>
        </test-method> <!-- endExecution -->
      </class> <!-- com.shreeya.Execution -->
    </test> <!-- 2 -->
  </suite> <!-- TmpSuite -->
</testng-results>
