<?xml version="1.0" encoding="UTF-8"?>
<!-- Generated by org.testng.reporters.JUnitXMLReporter -->
<testsuite hostname="DESKTOP-0PTHPNK" ignored="0" name="1" tests="1" failures="1" timestamp="2020-04-20T13:36:54 IST" time="50.2" errors="0">
  <testcase name="executionWithKeyword" time="49.703" classname="com.shreeya.FunctionKeyword">
    <failure type="java.lang.NullPointerException">
      <![CDATA[java.lang.NullPointerException
at com.shreeya.util.SeleniumCoder.convertInJavaScriptAndClick(SeleniumCoder.java:295)
at com.shreeya.util.SeleniumCoder.clickElement(SeleniumCoder.java:91)
at com.shreeya.orderdetailpage.NewOrderPage.newOrderExecution(NewOrderPage.java:97)
at com.shreeya.orderdetailpage.OrderAction.orderActionStart(OrderAction.java:91)
at com.shreeya.FunctionKeyword.executionWithKeyword(FunctionKeyword.java:87)
at java.util.ArrayList.forEach(Unknown Source)
at java.util.concurrent.FutureTask.run(Unknown Source)
at java.util.concurrent.ThreadPoolExecutor.runWorker(Unknown Source)
at java.util.concurrent.ThreadPoolExecutor$Worker.run(Unknown Source)
at java.lang.Thread.run(Unknown Source)
... Removed 18 stack frames]]>
    </failure>
  </testcase> <!-- executionWithKeyword -->
</testsuite> <!-- 1 -->
