<?xml version="1.0" encoding="UTF-8"?>
<!-- Generated by org.testng.reporters.JUnitXMLReporter -->
<testsuite hostname="DESKTOP-0PTHPNK" ignored="0" name="2" tests="1" failures="1" timestamp="2020-04-27T22:43:48 IST" time="364.723" errors="0">
  <testcase name="@AfterTest endExecution" time="0.001" classname="com.shreeya.FunctionKeyword">
    <failure type="java.lang.NullPointerException">
      <![CDATA[java.lang.NullPointerException
at com.shreeya.util.ApacheCode.outputExcelFileClose(ApacheCode.java:331)
at com.shreeya.FunctionKeyword.endExecution(FunctionKeyword.java:212)
at java.util.concurrent.FutureTask.run(FutureTask.java:266)
at java.util.concurrent.ThreadPoolExecutor.runWorker(ThreadPoolExecutor.java:1149)
at java.util.concurrent.ThreadPoolExecutor$Worker.run(ThreadPoolExecutor.java:624)
at java.lang.Thread.run(Thread.java:748)
... Removed 15 stack frames]]>
    </failure>
  </testcase> <!-- @AfterTest endExecution -->
  <testcase name="executionWithKeyword" time="340.6" classname="com.shreeya.FunctionKeyword">
    <failure type="java.lang.NumberFormatException" message="For input string: &amp;quot;1588007628069&amp;quot;">
      <![CDATA[java.lang.NumberFormatException: For input string: "1588007628069"
at java.lang.NumberFormatException.forInputString(NumberFormatException.java:65)
at java.lang.Integer.parseInt(Integer.java:583)
at java.lang.Integer.valueOf(Integer.java:766)
at com.shreeya.util.ExtendReporter.abnormalErrorHandling(ExtendReporter.java:197)
at com.shreeya.util.SeleniumCoder.fluentWaitCodeXpath(SeleniumCoder.java:288)
at com.shreeya.orderdetailpages.LoginPage.loginCodeExecution(LoginPage.java:324)
at com.shreeya.orderdetailpages.LoginPage.loginExecution(LoginPage.java:69)
at com.shreeya.FunctionKeyword.executionWithKeyword(FunctionKeyword.java:141)
at java.util.ArrayList.forEach(ArrayList.java:1257)
at java.util.concurrent.FutureTask.run(FutureTask.java:266)
at java.util.concurrent.ThreadPoolExecutor.runWorker(ThreadPoolExecutor.java:1149)
at java.util.concurrent.ThreadPoolExecutor$Worker.run(ThreadPoolExecutor.java:624)
at java.lang.Thread.run(Thread.java:748)
... Removed 18 stack frames]]>
    </failure>
  </testcase> <!-- executionWithKeyword -->
</testsuite> <!-- 2 -->
