<?xml version="1.0" encoding="UTF-8"?>
<!-- Generated by org.testng.reporters.JUnitXMLReporter -->
<testsuite hostname="DESKTOP-0PTHPNK" ignored="0" name="7" tests="7" failures="0" timestamp="2020-04-29T16:06:56 IST" time="34.174" errors="0">
  <testcase name="executionWithKeyword" time="25.589" classname="com.shreeya.FunctionKeyword"/>
  <testcase name="executionWithKeyword" time="31.21" classname="com.shreeya.FunctionKeyword"/>
  <testcase name="executionWithKeyword" time="29.822" classname="com.shreeya.FunctionKeyword"/>
  <testcase name="executionWithKeyword" time="35.553" classname="com.shreeya.FunctionKeyword"/>
  <testcase name="executionWithKeyword" time="29.173" classname="com.shreeya.FunctionKeyword"/>
  <testcase name="executionWithKeyword" time="36.556" classname="com.shreeya.FunctionKeyword"/>
  <testcase name="executionWithKeyword" time="23.506" classname="com.shreeya.FunctionKeyword"/>
</testsuite> <!-- 7 -->
